<?xml version="1.0" encoding="UTF-8"?>
<testsuites name="Test_Collection_uno" time="91.965" tests="5" failures="0" errors="0">
   <testsuite name="Test_Suite_2" tests="5" failures="0" errors="0" time="78.375" skipped="0" timestamp="2023-04-12 15:19:52" hostname="NTK0999$ - 192.168.0.7" id="Test Suites/Test_Suite_2">
      <properties>
         <property name="deviceName" value=""/>
         <property name="devicePlatform" value=""/>
         <property name="logFolder" value="C:\\Katalon\\Proyectos\\Proyecto_Uno\\Reports\\20230412_151934\\Test_Suite_2\\20230412_151941"/>
         <property name="logFiles" value="C:\\Katalon\\Proyectos\\Proyecto_Uno\\Reports\\20230412_151934\\Test_Suite_2\\20230412_151941\\execution0.log"/>
         <property name="attachments" value=""/>
         <property name="hostName" value="NTK0999$ - 192.168.0.7"/>
         <property name="os" value="Windows 10 64bit"/>
         <property name="katalonVersion" value="8.6.0.208"/>
         <property name="browser" value="Chrome 111.0.0.0"/>
         <property name="hostAddress" value="192.168.0.7"/>
         <property name="sessionId" value="e86790284761b78a586ed732a83bdadc"/>
         <property name="seleniumVersion" value="3.141.59"/>
         <property name="proxyInformation" value="ProxyInformation { proxyOption=NO_PROXY, proxyServerType=HTTP, username=, password=********, proxyServerAddress=, proxyServerPort=0, executionList=&quot;&quot;, isApplyToDesiredCapabilities=true }"/>
         <property name="platform" value="Windows 10"/>
      </properties>
      <testcase name="Test Cases/Navegador/Navegador" time="14.3" classname="Test Cases/Navegador/Navegador" status="PASSED">
         <system-out><![CDATA[2023-04-12 15:19:52 - [TEST_CASE][PASSED] - Test Cases/Navegador/Navegador: Test Cases/Navegador/Navegador

2023-04-12 15:19:53 - [TEST_STEP][PASSED] - openBrowser("https://demoqa.com/text-box"): Browser is opened with url: 'https://demoqa.com/text-box'

2023-04-12 15:19:54 - [MESSAGE][INFO] - Starting 'Chrome' driver

2023-04-12 15:19:54 - [MESSAGE][INFO] - Action delay is set to 0 milliseconds

2023-04-12 15:20:04 - [MESSAGE][PASSED] - Browser is opened with url: 'https://demoqa.com/text-box'

2023-04-12 15:20:04 - [TEST_STEP][PASSED] - maximizeWindow(): Current window maximized

2023-04-12 15:20:04 - [MESSAGE][PASSED] - Current window maximized

2023-04-12 15:20:04 - [TEST_STEP][PASSED] - pageUrl = getUrl(): Current window's url is: 'https://demoqa.com/text-box'

2023-04-12 15:20:04 - [MESSAGE][PASSED] - Current window's url is: 'https://demoqa.com/text-box'

2023-04-12 15:20:04 - [TEST_STEP][PASSED] - print(pageUrl): null

2023-04-12 15:20:04 - [TEST_STEP][PASSED] - Titulo = getWindowTitle(): Current window's title is: 'DEMOQA'

2023-04-12 15:20:04 - [MESSAGE][PASSED] - Current window's title is: 'DEMOQA'

2023-04-12 15:20:04 - [TEST_STEP][PASSED] - print("Titulo de la pagina: " + Titulo): null

2023-04-12 15:20:04 - [TEST_STEP][PASSED] - closeBrowser(): Browser is closed

2023-04-12 15:20:05 - [MESSAGE][PASSED] - Browser is closed

2023-04-12 15:20:07 - [TEST_STEP][PASSED] - Video: Video recording for test case 'Test Cases/Navegador/Navegador' .

2023-04-12 15:20:07 - [MESSAGE][INFO] - Video recording for test case 'Test Cases/Navegador/Navegador' .]]></system-out>
         <system-err><![CDATA[]]></system-err>
      </testcase>
      <testcase name="Test Cases/Objeto_Xpath/Caso_xpath" time="13.99" classname="Test Cases/Objeto_Xpath/Caso_xpath" status="PASSED">
         <system-out><![CDATA[2023-04-12 15:20:07 - [TEST_CASE][PASSED] - Test Cases/Objeto_Xpath/Caso_xpath: Test Cases/Objeto_Xpath/Caso_xpath

2023-04-12 15:20:07 - [TEST_STEP][PASSED] - openBrowser(""): Browser is opened with url: ''

2023-04-12 15:20:07 - [MESSAGE][INFO] - Starting 'Chrome' driver

2023-04-12 15:20:07 - [MESSAGE][INFO] - Action delay is set to 0 milliseconds

2023-04-12 15:20:08 - [MESSAGE][PASSED] - Browser is opened with url: ''

2023-04-12 15:20:08 - [TEST_STEP][PASSED] - navigateToUrl("https://demoqa.com/text-box"): Navigate to 'https://demoqa.com/text-box' successfully

2023-04-12 15:20:13 - [MESSAGE][PASSED] - Navigate to 'https://demoqa.com/text-box' successfully

2023-04-12 15:20:13 - [TEST_STEP][PASSED] - maximizeWindow(): Current window maximized

2023-04-12 15:20:13 - [MESSAGE][PASSED] - Current window maximized

2023-04-12 15:20:13 - [TEST_STEP][PASSED] - setText(findTestObject("Object_xpath/Campo_nombre"), "Juan Cruz"): Text 'Juan Cruz' is set on object 'Object Repository/Object_xpath/Campo_nombre'

2023-04-12 15:20:15 - [MESSAGE][PASSED] - Text 'Juan Cruz' is set on object 'Object Repository/Object_xpath/Campo_nombre'

2023-04-12 15:20:15 - [TEST_STEP][PASSED] - delay(3): Delayed 3 second(s)

2023-04-12 15:20:18 - [MESSAGE][PASSED] - Delayed 3 second(s)

2023-04-12 15:20:18 - [TEST_STEP][PASSED] - closeBrowser(): Browser is closed

2023-04-12 15:20:19 - [MESSAGE][PASSED] - Browser is closed

2023-04-12 15:20:21 - [TEST_STEP][PASSED] - Video: Video recording for test case 'Test Cases/Objeto_Xpath/Caso_xpath' .

2023-04-12 15:20:21 - [MESSAGE][INFO] - Video recording for test case 'Test Cases/Objeto_Xpath/Caso_xpath' .]]></system-out>
         <system-err><![CDATA[]]></system-err>
      </testcase>
      <testcase name="Test Cases/Prueba_1/Caso_1" time="15.761" classname="Test Cases/Prueba_1/Caso_1" status="PASSED">
         <system-out><![CDATA[2023-04-12 15:20:21 - [TEST_CASE][PASSED] - Test Cases/Prueba_1/Caso_1: Test Cases/Prueba_1/Caso_1

2023-04-12 15:20:21 - [TEST_STEP][PASSED] - openBrowser(""): Browser is opened with url: ''

2023-04-12 15:20:21 - [MESSAGE][INFO] - Starting 'Chrome' driver

2023-04-12 15:20:21 - [MESSAGE][INFO] - Action delay is set to 0 milliseconds

2023-04-12 15:20:22 - [MESSAGE][PASSED] - Browser is opened with url: ''

2023-04-12 15:20:22 - [TEST_STEP][PASSED] - navigateToUrl("https://demoqa.com/"): Navigate to 'https://demoqa.com/' successfully

2023-04-12 15:20:27 - [MESSAGE][PASSED] - Navigate to 'https://demoqa.com/' successfully

2023-04-12 15:20:27 - [TEST_STEP][PASSED] - maximizeWindow(): Current window maximized

2023-04-12 15:20:27 - [MESSAGE][PASSED] - Current window maximized

2023-04-12 15:20:27 - [TEST_STEP][PASSED] - scrollToPosition(0, 120): Browser is scrolled to position x = 0, y = 120

2023-04-12 15:20:27 - [MESSAGE][PASSED] - Browser is scrolled to position x = 0, y = 120

2023-04-12 15:20:27 - [TEST_STEP][PASSED] - click(findTestObject("Object Repository/Prueba_1/Page_DEMOQA/div_Elements_card-up")): Object: 'Object Repository/Prueba_1/Page_DEMOQA/div_Elements_card-up' is clicked on

2023-04-12 15:20:28 - [MESSAGE][PASSED] - Object: 'Object Repository/Prueba_1/Page_DEMOQA/div_Elements_card-up' is clicked on

2023-04-12 15:20:28 - [TEST_STEP][PASSED] - click(findTestObject("Object Repository/Prueba_1/Page_DEMOQA/li_Text Box")): Object: 'Object Repository/Prueba_1/Page_DEMOQA/li_Text Box' is clicked on

2023-04-12 15:20:30 - [MESSAGE][PASSED] - Object: 'Object Repository/Prueba_1/Page_DEMOQA/li_Text Box' is clicked on

2023-04-12 15:20:30 - [TEST_STEP][PASSED] - setText(findTestObject("Object Repository/Prueba_1/Page_DEMOQA/input_Full Name_userName"), "Juan Cruz"): Text 'Juan Cruz' is set on object 'Object Repository/Prueba_1/Page_DEMOQA/input_Full Name_userName'

2023-04-12 15:20:31 - [MESSAGE][PASSED] - Text 'Juan Cruz' is set on object 'Object Repository/Prueba_1/Page_DEMOQA/input_Full Name_userName'

2023-04-12 15:20:31 - [TEST_STEP][PASSED] - setText(findTestObject("Object Repository/Prueba_1/Page_DEMOQA/input_Email_userEmail"), "juancmouhape@gmail.com"): Text 'juancmouhape@gmail.com' is set on object 'Object Repository/Prueba_1/Page_DEMOQA/input_Email_userEmail'

2023-04-12 15:20:32 - [MESSAGE][PASSED] - Text 'juancmouhape@gmail.com' is set on object 'Object Repository/Prueba_1/Page_DEMOQA/input_Email_userEmail'

2023-04-12 15:20:32 - [TEST_STEP][PASSED] - setText(findTestObject("Object Repository/Prueba_1/Page_DEMOQA/textarea_Current Address_currentAddress"), "direccion_uno"): Text 'direccion_uno' is set on object 'Object Repository/Prueba_1/Page_DEMOQA/textarea_Current Address_currentAddress'

2023-04-12 15:20:33 - [MESSAGE][PASSED] - Text 'direccion_uno' is set on object 'Object Repository/Prueba_1/Page_DEMOQA/textarea_Current Address_currentAddress'

2023-04-12 15:20:33 - [TEST_STEP][PASSED] - setText(findTestObject("Object Repository/Prueba_1/Page_DEMOQA/textarea_Permanent Address_permanentAddress"), "direccion_dos"): Text 'direccion_dos' is set on object 'Object Repository/Prueba_1/Page_DEMOQA/textarea_Permanent Address_permanentAddress'

2023-04-12 15:20:33 - [MESSAGE][PASSED] - Text 'direccion_dos' is set on object 'Object Repository/Prueba_1/Page_DEMOQA/textarea_Permanent Address_permanentAddress'

2023-04-12 15:20:33 - [TEST_STEP][PASSED] - scrollToPosition(0, 240): Browser is scrolled to position x = 0, y = 240

2023-04-12 15:20:33 - [MESSAGE][PASSED] - Browser is scrolled to position x = 0, y = 240

2023-04-12 15:20:33 - [TEST_STEP][PASSED] - click(findTestObject("Object Repository/Prueba_1/Page_DEMOQA/button_Submit")): Object: 'Object Repository/Prueba_1/Page_DEMOQA/button_Submit' is clicked on

2023-04-12 15:20:34 - [MESSAGE][PASSED] - Object: 'Object Repository/Prueba_1/Page_DEMOQA/button_Submit' is clicked on

2023-04-12 15:20:34 - [TEST_STEP][PASSED] - closeBrowser(): Browser is closed

2023-04-12 15:20:34 - [MESSAGE][PASSED] - Browser is closed

2023-04-12 15:20:36 - [TEST_STEP][PASSED] - Video: Video recording for test case 'Test Cases/Prueba_1/Caso_1' .

2023-04-12 15:20:36 - [MESSAGE][INFO] - Video recording for test case 'Test Cases/Prueba_1/Caso_1' .]]></system-out>
         <system-err><![CDATA[]]></system-err>
      </testcase>
      <testcase name="Test Cases/Prueba_1/Caso_2" time="17.955" classname="Test Cases/Prueba_1/Caso_2" status="PASSED">
         <system-out><![CDATA[2023-04-12 15:20:36 - [TEST_CASE][PASSED] - Test Cases/Prueba_1/Caso_2: Test Cases/Prueba_1/Caso_2

2023-04-12 15:20:37 - [TEST_STEP][PASSED] - openBrowser(""): Browser is opened with url: ''

2023-04-12 15:20:37 - [MESSAGE][INFO] - Starting 'Chrome' driver

2023-04-12 15:20:37 - [MESSAGE][INFO] - Action delay is set to 0 milliseconds

2023-04-12 15:20:39 - [MESSAGE][PASSED] - Browser is opened with url: ''

2023-04-12 15:20:39 - [TEST_STEP][PASSED] - navigateToUrl("https://demoqa.com/"): Navigate to 'https://demoqa.com/' successfully

2023-04-12 15:20:44 - [MESSAGE][PASSED] - Navigate to 'https://demoqa.com/' successfully

2023-04-12 15:20:44 - [TEST_STEP][PASSED] - maximizeWindow(): Current window maximized

2023-04-12 15:20:44 - [MESSAGE][PASSED] - Current window maximized

2023-04-12 15:20:44 - [TEST_STEP][PASSED] - scrollToPosition(0, 120): Browser is scrolled to position x = 0, y = 120

2023-04-12 15:20:44 - [MESSAGE][PASSED] - Browser is scrolled to position x = 0, y = 120

2023-04-12 15:20:44 - [TEST_STEP][PASSED] - click(findTestObject("Object Repository/Prueba_2/Page_DEMOQA/div_Elements_card-up")): Object: 'Object Repository/Prueba_2/Page_DEMOQA/div_Elements_card-up' is clicked on

2023-04-12 15:20:45 - [MESSAGE][PASSED] - Object: 'Object Repository/Prueba_2/Page_DEMOQA/div_Elements_card-up' is clicked on

2023-04-12 15:20:45 - [TEST_STEP][PASSED] - click(findTestObject("Object Repository/Prueba_2/Page_DEMOQA/li_Text Box")): Object: 'Object Repository/Prueba_2/Page_DEMOQA/li_Text Box' is clicked on

2023-04-12 15:20:47 - [MESSAGE][PASSED] - Object: 'Object Repository/Prueba_2/Page_DEMOQA/li_Text Box' is clicked on

2023-04-12 15:20:47 - [TEST_STEP][PASSED] - setText(findTestObject("Object Repository/Prueba_2/Page_DEMOQA/input_Full Name_userName"), "Juan Cruz"): Text 'Juan Cruz' is set on object 'Object Repository/Prueba_2/Page_DEMOQA/input_Full Name_userName'

2023-04-12 15:20:48 - [MESSAGE][PASSED] - Text 'Juan Cruz' is set on object 'Object Repository/Prueba_2/Page_DEMOQA/input_Full Name_userName'

2023-04-12 15:20:48 - [TEST_STEP][PASSED] - setText(findTestObject("Object Repository/Prueba_2/Page_DEMOQA/input_Email_userEmail"), "juancmouhape@gmail.com"): Text 'juancmouhape@gmail.com' is set on object 'Object Repository/Prueba_2/Page_DEMOQA/input_Email_userEmail'

2023-04-12 15:20:49 - [MESSAGE][PASSED] - Text 'juancmouhape@gmail.com' is set on object 'Object Repository/Prueba_2/Page_DEMOQA/input_Email_userEmail'

2023-04-12 15:20:49 - [TEST_STEP][PASSED] - setText(findTestObject("Object Repository/Prueba_2/Page_DEMOQA/textarea_Current Address_currentAddress"), "Dir uno"): Text 'Dir uno' is set on object 'Object Repository/Prueba_2/Page_DEMOQA/textarea_Current Address_currentAddress'

2023-04-12 15:20:50 - [MESSAGE][PASSED] - Text 'Dir uno' is set on object 'Object Repository/Prueba_2/Page_DEMOQA/textarea_Current Address_currentAddress'

2023-04-12 15:20:50 - [TEST_STEP][PASSED] - setText(findTestObject("Object Repository/Prueba_2/Page_DEMOQA/textarea_Permanent Address_permanentAddress"), "Dir dos"): Text 'Dir dos' is set on object 'Object Repository/Prueba_2/Page_DEMOQA/textarea_Permanent Address_permanentAddress'

2023-04-12 15:20:50 - [MESSAGE][PASSED] - Text 'Dir dos' is set on object 'Object Repository/Prueba_2/Page_DEMOQA/textarea_Permanent Address_permanentAddress'

2023-04-12 15:20:50 - [TEST_STEP][PASSED] - scrollToPosition(0, 240): Browser is scrolled to position x = 0, y = 240

2023-04-12 15:20:50 - [MESSAGE][PASSED] - Browser is scrolled to position x = 0, y = 240

2023-04-12 15:20:50 - [TEST_STEP][PASSED] - click(findTestObject("Object Repository/Prueba_2/Page_DEMOQA/button_Submit")): Object: 'Object Repository/Prueba_2/Page_DEMOQA/button_Submit' is clicked on

2023-04-12 15:20:51 - [MESSAGE][PASSED] - Object: 'Object Repository/Prueba_2/Page_DEMOQA/button_Submit' is clicked on

2023-04-12 15:20:51 - [TEST_STEP][PASSED] - click(findTestObject("Object Repository/Prueba_2/Page_DEMOQA/div_Text Box")): Object: 'Object Repository/Prueba_2/Page_DEMOQA/div_Text Box' is clicked on

2023-04-12 15:20:51 - [MESSAGE][PASSED] - Object: 'Object Repository/Prueba_2/Page_DEMOQA/div_Text Box' is clicked on

2023-04-12 15:20:51 - [TEST_STEP][PASSED] - verifyElementText(findTestObject("Prueba_2/Page_DEMOQA/div_Text Box"), "Text Box"): Actual text and expected text of test object 'Object Repository/Prueba_2/Page_DEMOQA/div_Text Box' are matched.

2023-04-12 15:20:52 - [MESSAGE][PASSED] - Actual text and expected text of test object 'Object Repository/Prueba_2/Page_DEMOQA/div_Text Box' are matched.

2023-04-12 15:20:52 - [TEST_STEP][PASSED] - closeBrowser(): Browser is closed

2023-04-12 15:20:52 - [MESSAGE][PASSED] - Browser is closed

2023-04-12 15:20:54 - [TEST_STEP][PASSED] - Video: Video recording for test case 'Test Cases/Prueba_1/Caso_2' .

2023-04-12 15:20:54 - [MESSAGE][INFO] - Video recording for test case 'Test Cases/Prueba_1/Caso_2' .]]></system-out>
         <system-err><![CDATA[]]></system-err>
      </testcase>
      <testcase name="Test Cases/Reto_1/Reto_1" time="15.698" classname="Test Cases/Reto_1/Reto_1" status="PASSED">
         <system-out><![CDATA[2023-04-12 15:20:54 - [TEST_CASE][PASSED] - Test Cases/Reto_1/Reto_1: Test Cases/Reto_1/Reto_1

2023-04-12 15:20:55 - [TEST_STEP][PASSED] - openBrowser(""): Browser is opened with url: ''

2023-04-12 15:20:55 - [MESSAGE][INFO] - Starting 'Chrome' driver

2023-04-12 15:20:55 - [MESSAGE][INFO] - Action delay is set to 0 milliseconds

2023-04-12 15:20:56 - [MESSAGE][PASSED] - Browser is opened with url: ''

2023-04-12 15:20:56 - [TEST_STEP][PASSED] - navigateToUrl("https://demoqa.com/"): Navigate to 'https://demoqa.com/' successfully

2023-04-12 15:21:01 - [MESSAGE][PASSED] - Navigate to 'https://demoqa.com/' successfully

2023-04-12 15:21:01 - [TEST_STEP][PASSED] - maximizeWindow(): Current window maximized

2023-04-12 15:21:01 - [MESSAGE][PASSED] - Current window maximized

2023-04-12 15:21:01 - [TEST_STEP][PASSED] - scrollToPosition(0, 120): Browser is scrolled to position x = 0, y = 120

2023-04-12 15:21:01 - [MESSAGE][PASSED] - Browser is scrolled to position x = 0, y = 120

2023-04-12 15:21:01 - [TEST_STEP][PASSED] - click(findTestObject("Object Repository/Reto_1/Page_DEMOQA/div_Elements_card-up")): Object: 'Object Repository/Reto_1/Page_DEMOQA/div_Elements_card-up' is clicked on

2023-04-12 15:21:02 - [MESSAGE][PASSED] - Object: 'Object Repository/Reto_1/Page_DEMOQA/div_Elements_card-up' is clicked on

2023-04-12 15:21:02 - [TEST_STEP][PASSED] - click(findTestObject("Object Repository/Reto_1/Page_DEMOQA/li_Check Box")): Object: 'Object Repository/Reto_1/Page_DEMOQA/li_Check Box' is clicked on

2023-04-12 15:21:04 - [MESSAGE][PASSED] - Object: 'Object Repository/Reto_1/Page_DEMOQA/li_Check Box' is clicked on

2023-04-12 15:21:04 - [TEST_STEP][PASSED] - click(findTestObject("Object Repository/Reto_1/Page_DEMOQA/svg_Book Store API_rct-icon rct-icon-uncheck")): Object: 'Object Repository/Reto_1/Page_DEMOQA/svg_Book Store API_rct-icon rct-icon-uncheck' is clicked on

2023-04-12 15:21:04 - [MESSAGE][PASSED] - Object: 'Object Repository/Reto_1/Page_DEMOQA/svg_Book Store API_rct-icon rct-icon-uncheck' is clicked on

2023-04-12 15:21:04 - [TEST_STEP][PASSED] - scrollToPosition(0, 240): Browser is scrolled to position x = 0, y = 240

2023-04-12 15:21:04 - [MESSAGE][PASSED] - Browser is scrolled to position x = 0, y = 240

2023-04-12 15:21:04 - [TEST_STEP][PASSED] - click(findTestObject("Object Repository/Reto_1/Page_DEMOQA/li_Radio Button")): Object: 'Object Repository/Reto_1/Page_DEMOQA/li_Radio Button' is clicked on

2023-04-12 15:21:05 - [MESSAGE][PASSED] - Object: 'Object Repository/Reto_1/Page_DEMOQA/li_Radio Button' is clicked on

2023-04-12 15:21:05 - [TEST_STEP][PASSED] - click(findTestObject("Object Repository/Reto_1/Page_DEMOQA/label_Yes")): Object: 'Object Repository/Reto_1/Page_DEMOQA/label_Yes' is clicked on

2023-04-12 15:21:05 - [MESSAGE][PASSED] - Object: 'Object Repository/Reto_1/Page_DEMOQA/label_Yes' is clicked on

2023-04-12 15:21:05 - [TEST_STEP][PASSED] - click(findTestObject("Object Repository/Reto_1/Page_DEMOQA/label_Impressive")): Object: 'Object Repository/Reto_1/Page_DEMOQA/label_Impressive' is clicked on

2023-04-12 15:21:06 - [MESSAGE][PASSED] - Object: 'Object Repository/Reto_1/Page_DEMOQA/label_Impressive' is clicked on

2023-04-12 15:21:06 - [TEST_STEP][PASSED] - click(findTestObject("Object Repository/Reto_1/Page_DEMOQA/label_Yes")): Object: 'Object Repository/Reto_1/Page_DEMOQA/label_Yes' is clicked on

2023-04-12 15:21:06 - [MESSAGE][PASSED] - Object: 'Object Repository/Reto_1/Page_DEMOQA/label_Yes' is clicked on

2023-04-12 15:21:06 - [TEST_STEP][PASSED] - click(findTestObject("Object Repository/Reto_1/Page_DEMOQA/div_Radio Button")): Object: 'Object Repository/Reto_1/Page_DEMOQA/div_Radio Button' is clicked on

2023-04-12 15:21:07 - [MESSAGE][PASSED] - Object: 'Object Repository/Reto_1/Page_DEMOQA/div_Radio Button' is clicked on

2023-04-12 15:21:07 - [TEST_STEP][PASSED] - verifyElementText(findTestObject("Reto_1/Page_DEMOQA/div_Radio Button"), "Radio Button"): Actual text and expected text of test object 'Object Repository/Reto_1/Page_DEMOQA/div_Radio Button' are matched.

2023-04-12 15:21:07 - [MESSAGE][PASSED] - Actual text and expected text of test object 'Object Repository/Reto_1/Page_DEMOQA/div_Radio Button' are matched.

2023-04-12 15:21:07 - [TEST_STEP][PASSED] - closeBrowser(): Browser is closed

2023-04-12 15:21:08 - [MESSAGE][PASSED] - Browser is closed

2023-04-12 15:21:10 - [TEST_STEP][PASSED] - Video: Video recording for test case 'Test Cases/Reto_1/Reto_1' .

2023-04-12 15:21:10 - [MESSAGE][INFO] - Video recording for test case 'Test Cases/Reto_1/Reto_1' .]]></system-out>
         <system-err><![CDATA[]]></system-err>
      </testcase>
      <system-out><![CDATA[2023-04-12 15:19:52 - [TEST_SUITE][PASSED] - Test_Suite_2: Test Cases/Reto_1/Reto_1]]></system-out>
      <system-err><![CDATA[]]></system-err>
   </testsuite>
</testsuites>
