<?xml version="1.0" encoding="UTF-8"?>
<testsuites name="Visual Testing" time="26.023" tests="1" failures="0" errors="0">
   <testsuite name="Visual Testing" tests="1" failures="0" errors="0" time="26.023" skipped="0" timestamp="2023-04-20 16:02:27" hostname="admin - 192.168.0.7" id="Test Suites/Visual Testing">
      <properties>
         <property name="deviceName" value=""/>
         <property name="devicePlatform" value=""/>
         <property name="logFolder" value="C:\\Katalon\\Pruebas Visual Testing\\Visual-Testing\\Reports\\20230420_160216\\Visual Testing\\20230420_160216"/>
         <property name="logFiles" value="C:\\Katalon\\Pruebas Visual Testing\\Visual-Testing\\Reports\\20230420_160216\\Visual Testing\\20230420_160216\\execution0.log"/>
         <property name="attachments" value="keyes\keyes-imagenComparadora.png"/>
         <property name="hostName" value="admin - 192.168.0.7"/>
         <property name="os" value="Windows 10 64bit"/>
         <property name="katalonVersion" value="8.6.0.208"/>
         <property name="browser" value="Chrome 112.0.0.0"/>
         <property name="hostAddress" value="192.168.0.7"/>
         <property name="sessionId" value="c934a0866ef3b203e04170add666cd66"/>
         <property name="seleniumVersion" value="3.141.59"/>
         <property name="proxyInformation" value="ProxyInformation { proxyOption=NO_PROXY, proxyServerType=HTTP, username=, password=********, proxyServerAddress=, proxyServerPort=0, executionList=&quot;&quot;, isApplyToDesiredCapabilities=true }"/>
         <property name="platform" value="Windows 10"/>
      </properties>
      <testcase name="Test Cases/Visual Testing/Caso1" time="25.66" classname="Test Cases/Visual Testing/Caso1" status="PASSED">
         <system-out><![CDATA[2023-04-20 16:02:27 - [TEST_CASE][PASSED] - Test Cases/Visual Testing/Caso1: Test Cases/Visual Testing/Caso1

2023-04-20 16:02:28 - [TEST_STEP][PASSED] - openBrowser(""): Browser is opened with url: ''

2023-04-20 16:02:29 - [MESSAGE][INFO] - Starting 'Chrome' driver

2023-04-20 16:02:29 - [MESSAGE][INFO] - Action delay is set to 0 milliseconds

2023-04-20 16:02:34 - [MESSAGE][PASSED] - Browser is opened with url: ''

2023-04-20 16:02:34 - [TEST_STEP][PASSED] - navigateToUrl("https://www.baliarda.com.ar/"): Navigate to 'https://www.baliarda.com.ar/' successfully

2023-04-20 16:02:39 - [MESSAGE][PASSED] - Navigate to 'https://www.baliarda.com.ar/' successfully

2023-04-20 16:02:39 - [TEST_STEP][PASSED] - waitForPageLoad(15): Wait for page load successfully

2023-04-20 16:02:40 - [MESSAGE][PASSED] - Wait for page load successfully

2023-04-20 16:02:40 - [TEST_STEP][PASSED] - maximizeWindow(): Current window maximized

2023-04-20 16:02:40 - [MESSAGE][PASSED] - Current window maximized

2023-04-20 16:02:40 - [TEST_STEP][PASSED] - click(findTestObject("Object Repository/VisualTesting/Page_Baliarda S.A. - Vida con Salud/a_CONTACTO")): Object: 'Object Repository/VisualTesting/Page_Baliarda S.A. - Vida con Salud/a_CONTACTO' is clicked on

2023-04-20 16:02:42 - [MESSAGE][PASSED] - Object: 'Object Repository/VisualTesting/Page_Baliarda S.A. - Vida con Salud/a_CONTACTO' is clicked on

2023-04-20 16:02:42 - [TEST_STEP][PASSED] - setText(findTestObject("Object Repository/VisualTesting/Page_Baliarda S.A. - Contacto/input_Error de validacion en el formulario_Name"), "Juan Cruz"): Text 'Juan Cruz' is set on object 'Object Repository/VisualTesting/Page_Baliarda S.A. - Contacto/input_Error de validacion en el formulario_Name'

2023-04-20 16:02:44 - [MESSAGE][PASSED] - Text 'Juan Cruz' is set on object 'Object Repository/VisualTesting/Page_Baliarda S.A. - Contacto/input_Error de validacion en el formulario_Name'

2023-04-20 16:02:44 - [TEST_STEP][PASSED] - setText(findTestObject("Object Repository/VisualTesting/Page_Baliarda S.A. - Contacto/input_Error de validacion en el formulario_Email"), "juancmouhape@gmail.com"): Text 'juancmouhape@gmail.com' is set on object 'Object Repository/VisualTesting/Page_Baliarda S.A. - Contacto/input_Error de validacion en el formulario_Email'

2023-04-20 16:02:45 - [MESSAGE][PASSED] - Text 'juancmouhape@gmail.com' is set on object 'Object Repository/VisualTesting/Page_Baliarda S.A. - Contacto/input_Error de validacion en el formulario_Email'

2023-04-20 16:02:45 - [TEST_STEP][PASSED] - setText(findTestObject("Object Repository/VisualTesting/Page_Baliarda S.A. - Contacto/input_Error de validacion en el formulario_Phone"), "2494887766"): Text '2494887766' is set on object 'Object Repository/VisualTesting/Page_Baliarda S.A. - Contacto/input_Error de validacion en el formulario_Phone'

2023-04-20 16:02:46 - [MESSAGE][PASSED] - Text '2494887766' is set on object 'Object Repository/VisualTesting/Page_Baliarda S.A. - Contacto/input_Error de validacion en el formulario_Phone'

2023-04-20 16:02:46 - [TEST_STEP][PASSED] - setText(findTestObject("Object Repository/VisualTesting/Page_Baliarda S.A. - Contacto/input_Error de validacion en el formulario_Subject"), "Prueba Visual testing"): Text 'Prueba Visual testing' is set on object 'Object Repository/VisualTesting/Page_Baliarda S.A. - Contacto/input_Error de validacion en el formulario_Subject'

2023-04-20 16:02:47 - [MESSAGE][PASSED] - Text 'Prueba Visual testing' is set on object 'Object Repository/VisualTesting/Page_Baliarda S.A. - Contacto/input_Error de validacion en el formulario_Subject'

2023-04-20 16:02:47 - [TEST_STEP][PASSED] - setText(findTestObject("Object Repository/VisualTesting/Page_Baliarda S.A. - Contacto/textarea_Error de validacion en el formular_4358bd"), "Descripcion"): Text 'Descripcion' is set on object 'Object Repository/VisualTesting/Page_Baliarda S.A. - Contacto/textarea_Error de validacion en el formular_4358bd'

2023-04-20 16:02:48 - [MESSAGE][PASSED] - Text 'Descripcion' is set on object 'Object Repository/VisualTesting/Page_Baliarda S.A. - Contacto/textarea_Error de validacion en el formular_4358bd'

2023-04-20 16:02:48 - [TEST_STEP][PASSED] - takeScreenshotAsCheckpoint("imagenComparadora"): Taking screenshot successfully

2023-04-20 16:02:49 - [MESSAGE][INFO] - 0 hidden object(s)

2023-04-20 16:02:50 - [MESSAGE][PASSED] - Taking screenshot successfully
[[ATTACHMENT|keyes\keyes-imagenComparadora.png]]

2023-04-20 16:02:50 - [TEST_STEP][PASSED] - closeBrowser(): Browser is closed

2023-04-20 16:02:51 - [MESSAGE][PASSED] - Browser is closed

2023-04-20 16:02:53 - [TEST_STEP][PASSED] - Video: Video recording for test case 'Test Cases/Visual Testing/Caso1' .

2023-04-20 16:02:53 - [MESSAGE][INFO] - Video recording for test case 'Test Cases/Visual Testing/Caso1' .]]></system-out>
         <system-err><![CDATA[]]></system-err>
      </testcase>
      <system-out><![CDATA[2023-04-20 16:02:27 - [TEST_SUITE][PASSED] - Visual Testing: Test Cases/Visual Testing/Caso1]]></system-out>
      <system-err><![CDATA[]]></system-err>
   </testsuite>
</testsuites>
