<?xml version="1.0" encoding="UTF-8"?>
<testsuites name="Test_Collection_uno" time="107.085" tests="5" failures="0" errors="0">
   <testsuite name="Test_Suite_2" tests="5" failures="0" errors="0" time="89.438" skipped="0" timestamp="2023-04-11 14:11:16" hostname="NTK0999$ - NTK0999" id="Test Suites/Test_Suite_2">
      <properties>
         <property name="deviceName" value=""/>
         <property name="devicePlatform" value=""/>
         <property name="logFolder" value="C:\\Katalon\\Proyectos\\Proyecto_Uno\\Reports\\20230411_141045\\Test_Suite_2\\20230411_141100"/>
         <property name="logFiles" value="C:\\Katalon\\Proyectos\\Proyecto_Uno\\Reports\\20230411_141045\\Test_Suite_2\\20230411_141100\\execution0.log"/>
         <property name="attachments" value=""/>
         <property name="hostName" value="NTK0999$ - NTK0999"/>
         <property name="os" value="Windows 10 64bit"/>
         <property name="katalonVersion" value="8.6.0.208"/>
         <property name="browser" value="Chrome 111.0.0.0"/>
         <property name="hostAddress" value="192.168.29.57"/>
         <property name="sessionId" value="4d28993d672e034cb17df3b3f3de48df"/>
         <property name="seleniumVersion" value="3.141.59"/>
         <property name="proxyInformation" value="ProxyInformation { proxyOption=NO_PROXY, proxyServerType=HTTP, username=, password=********, proxyServerAddress=, proxyServerPort=0, executionList=&quot;&quot;, isApplyToDesiredCapabilities=true }"/>
         <property name="platform" value="Windows 10"/>
      </properties>
      <testcase name="Test Cases/Navegador/Navegador" time="20.496" classname="Test Cases/Navegador/Navegador" status="PASSED">
         <system-out><![CDATA[2023-04-11 14:11:16 - [TEST_CASE][PASSED] - Test Cases/Navegador/Navegador: Test Cases/Navegador/Navegador

2023-04-11 14:11:17 - [TEST_STEP][PASSED] - openBrowser("https://demoqa.com/text-box"): Browser is opened with url: 'https://demoqa.com/text-box'

2023-04-11 14:11:18 - [MESSAGE][INFO] - Starting 'Chrome' driver

2023-04-11 14:11:18 - [MESSAGE][INFO] - Action delay is set to 0 milliseconds

2023-04-11 14:11:34 - [MESSAGE][PASSED] - Browser is opened with url: 'https://demoqa.com/text-box'

2023-04-11 14:11:34 - [TEST_STEP][PASSED] - maximizeWindow(): Current window maximized

2023-04-11 14:11:34 - [MESSAGE][PASSED] - Current window maximized

2023-04-11 14:11:34 - [TEST_STEP][PASSED] - pageUrl = getUrl(): Current window's url is: 'https://demoqa.com/text-box'

2023-04-11 14:11:34 - [MESSAGE][PASSED] - Current window's url is: 'https://demoqa.com/text-box'

2023-04-11 14:11:34 - [TEST_STEP][PASSED] - print(pageUrl): null

2023-04-11 14:11:34 - [TEST_STEP][PASSED] - Titulo = getWindowTitle(): Current window's title is: 'DEMOQA'

2023-04-11 14:11:34 - [MESSAGE][PASSED] - Current window's title is: 'DEMOQA'

2023-04-11 14:11:34 - [TEST_STEP][PASSED] - print("Titulo de la pagina: " + Titulo): null

2023-04-11 14:11:34 - [TEST_STEP][PASSED] - closeBrowser(): Browser is closed

2023-04-11 14:11:35 - [MESSAGE][PASSED] - Browser is closed

2023-04-11 14:11:37 - [TEST_STEP][PASSED] - Video: Video recording for test case 'Test Cases/Navegador/Navegador' .

2023-04-11 14:11:37 - [MESSAGE][INFO] - Video recording for test case 'Test Cases/Navegador/Navegador' .]]></system-out>
         <system-err><![CDATA[]]></system-err>
      </testcase>
      <testcase name="Test Cases/Objeto_Xpath/Caso_xpath" time="15.323" classname="Test Cases/Objeto_Xpath/Caso_xpath" status="PASSED">
         <system-out><![CDATA[2023-04-11 14:11:37 - [TEST_CASE][PASSED] - Test Cases/Objeto_Xpath/Caso_xpath: Test Cases/Objeto_Xpath/Caso_xpath

2023-04-11 14:11:37 - [TEST_STEP][PASSED] - openBrowser(""): Browser is opened with url: ''

2023-04-11 14:11:37 - [MESSAGE][INFO] - Starting 'Chrome' driver

2023-04-11 14:11:37 - [MESSAGE][INFO] - Action delay is set to 0 milliseconds

2023-04-11 14:11:39 - [MESSAGE][PASSED] - Browser is opened with url: ''

2023-04-11 14:11:39 - [TEST_STEP][PASSED] - navigateToUrl("https://demoqa.com/text-box"): Navigate to 'https://demoqa.com/text-box' successfully

2023-04-11 14:11:43 - [MESSAGE][PASSED] - Navigate to 'https://demoqa.com/text-box' successfully

2023-04-11 14:11:43 - [TEST_STEP][PASSED] - maximizeWindow(): Current window maximized

2023-04-11 14:11:43 - [MESSAGE][PASSED] - Current window maximized

2023-04-11 14:11:43 - [TEST_STEP][PASSED] - setText(findTestObject("Object_xpath/Campo_nombre"), "Juan Cruz"): Text 'Juan Cruz' is set on object 'Object Repository/Object_xpath/Campo_nombre'

2023-04-11 14:11:47 - [MESSAGE][PASSED] - Text 'Juan Cruz' is set on object 'Object Repository/Object_xpath/Campo_nombre'

2023-04-11 14:11:47 - [TEST_STEP][PASSED] - delay(3): Delayed 3 second(s)

2023-04-11 14:11:50 - [MESSAGE][PASSED] - Delayed 3 second(s)

2023-04-11 14:11:50 - [TEST_STEP][PASSED] - closeBrowser(): Browser is closed

2023-04-11 14:11:50 - [MESSAGE][PASSED] - Browser is closed

2023-04-11 14:11:52 - [TEST_STEP][PASSED] - Video: Video recording for test case 'Test Cases/Objeto_Xpath/Caso_xpath' .

2023-04-11 14:11:52 - [MESSAGE][INFO] - Video recording for test case 'Test Cases/Objeto_Xpath/Caso_xpath' .]]></system-out>
         <system-err><![CDATA[]]></system-err>
      </testcase>
      <testcase name="Test Cases/Prueba_1/Caso_1" time="20.502" classname="Test Cases/Prueba_1/Caso_1" status="PASSED">
         <system-out><![CDATA[2023-04-11 14:11:52 - [TEST_CASE][PASSED] - Test Cases/Prueba_1/Caso_1: Test Cases/Prueba_1/Caso_1

2023-04-11 14:11:53 - [TEST_STEP][PASSED] - openBrowser(""): Browser is opened with url: ''

2023-04-11 14:11:53 - [MESSAGE][INFO] - Starting 'Chrome' driver

2023-04-11 14:11:53 - [MESSAGE][INFO] - Action delay is set to 0 milliseconds

2023-04-11 14:11:58 - [MESSAGE][PASSED] - Browser is opened with url: ''

2023-04-11 14:11:58 - [TEST_STEP][PASSED] - navigateToUrl("https://demoqa.com/"): Navigate to 'https://demoqa.com/' successfully

2023-04-11 14:12:03 - [MESSAGE][PASSED] - Navigate to 'https://demoqa.com/' successfully

2023-04-11 14:12:03 - [TEST_STEP][PASSED] - maximizeWindow(): Current window maximized

2023-04-11 14:12:04 - [MESSAGE][PASSED] - Current window maximized

2023-04-11 14:12:04 - [TEST_STEP][PASSED] - scrollToPosition(0, 120): Browser is scrolled to position x = 0, y = 120

2023-04-11 14:12:04 - [MESSAGE][PASSED] - Browser is scrolled to position x = 0, y = 120

2023-04-11 14:12:04 - [TEST_STEP][PASSED] - click(findTestObject("Object Repository/Prueba_1/Page_DEMOQA/div_Elements_card-up")): Object: 'Object Repository/Prueba_1/Page_DEMOQA/div_Elements_card-up' is clicked on

2023-04-11 14:12:04 - [MESSAGE][PASSED] - Object: 'Object Repository/Prueba_1/Page_DEMOQA/div_Elements_card-up' is clicked on

2023-04-11 14:12:04 - [TEST_STEP][PASSED] - click(findTestObject("Object Repository/Prueba_1/Page_DEMOQA/li_Text Box")): Object: 'Object Repository/Prueba_1/Page_DEMOQA/li_Text Box' is clicked on

2023-04-11 14:12:06 - [MESSAGE][PASSED] - Object: 'Object Repository/Prueba_1/Page_DEMOQA/li_Text Box' is clicked on

2023-04-11 14:12:06 - [TEST_STEP][PASSED] - setText(findTestObject("Object Repository/Prueba_1/Page_DEMOQA/input_Full Name_userName"), "Juan Cruz"): Text 'Juan Cruz' is set on object 'Object Repository/Prueba_1/Page_DEMOQA/input_Full Name_userName'

2023-04-11 14:12:07 - [MESSAGE][PASSED] - Text 'Juan Cruz' is set on object 'Object Repository/Prueba_1/Page_DEMOQA/input_Full Name_userName'

2023-04-11 14:12:07 - [TEST_STEP][PASSED] - setText(findTestObject("Object Repository/Prueba_1/Page_DEMOQA/input_Email_userEmail"), "juancmouhape@gmail.com"): Text 'juancmouhape@gmail.com' is set on object 'Object Repository/Prueba_1/Page_DEMOQA/input_Email_userEmail'

2023-04-11 14:12:08 - [MESSAGE][PASSED] - Text 'juancmouhape@gmail.com' is set on object 'Object Repository/Prueba_1/Page_DEMOQA/input_Email_userEmail'

2023-04-11 14:12:08 - [TEST_STEP][PASSED] - setText(findTestObject("Object Repository/Prueba_1/Page_DEMOQA/textarea_Current Address_currentAddress"), "direccion_uno"): Text 'direccion_uno' is set on object 'Object Repository/Prueba_1/Page_DEMOQA/textarea_Current Address_currentAddress'

2023-04-11 14:12:09 - [MESSAGE][PASSED] - Text 'direccion_uno' is set on object 'Object Repository/Prueba_1/Page_DEMOQA/textarea_Current Address_currentAddress'

2023-04-11 14:12:09 - [TEST_STEP][PASSED] - setText(findTestObject("Object Repository/Prueba_1/Page_DEMOQA/textarea_Permanent Address_permanentAddress"), "direccion_dos"): Text 'direccion_dos' is set on object 'Object Repository/Prueba_1/Page_DEMOQA/textarea_Permanent Address_permanentAddress'

2023-04-11 14:12:10 - [MESSAGE][PASSED] - Text 'direccion_dos' is set on object 'Object Repository/Prueba_1/Page_DEMOQA/textarea_Permanent Address_permanentAddress'

2023-04-11 14:12:10 - [TEST_STEP][PASSED] - scrollToPosition(0, 240): Browser is scrolled to position x = 0, y = 240

2023-04-11 14:12:10 - [MESSAGE][PASSED] - Browser is scrolled to position x = 0, y = 240

2023-04-11 14:12:10 - [TEST_STEP][PASSED] - click(findTestObject("Object Repository/Prueba_1/Page_DEMOQA/button_Submit")): Object: 'Object Repository/Prueba_1/Page_DEMOQA/button_Submit' is clicked on

2023-04-11 14:12:10 - [MESSAGE][PASSED] - Object: 'Object Repository/Prueba_1/Page_DEMOQA/button_Submit' is clicked on

2023-04-11 14:12:10 - [TEST_STEP][PASSED] - closeBrowser(): Browser is closed

2023-04-11 14:12:11 - [MESSAGE][PASSED] - Browser is closed

2023-04-11 14:12:13 - [TEST_STEP][PASSED] - Video: Video recording for test case 'Test Cases/Prueba_1/Caso_1' .

2023-04-11 14:12:13 - [MESSAGE][INFO] - Video recording for test case 'Test Cases/Prueba_1/Caso_1' .]]></system-out>
         <system-err><![CDATA[]]></system-err>
      </testcase>
      <testcase name="Test Cases/Prueba_1/Caso_2" time="16.701" classname="Test Cases/Prueba_1/Caso_2" status="PASSED">
         <system-out><![CDATA[2023-04-11 14:12:13 - [TEST_CASE][PASSED] - Test Cases/Prueba_1/Caso_2: Test Cases/Prueba_1/Caso_2

2023-04-11 14:12:13 - [TEST_STEP][PASSED] - openBrowser(""): Browser is opened with url: ''

2023-04-11 14:12:13 - [MESSAGE][INFO] - Starting 'Chrome' driver

2023-04-11 14:12:13 - [MESSAGE][INFO] - Action delay is set to 0 milliseconds

2023-04-11 14:12:14 - [MESSAGE][PASSED] - Browser is opened with url: ''

2023-04-11 14:12:14 - [TEST_STEP][PASSED] - navigateToUrl("https://demoqa.com/"): Navigate to 'https://demoqa.com/' successfully

2023-04-11 14:12:20 - [MESSAGE][PASSED] - Navigate to 'https://demoqa.com/' successfully

2023-04-11 14:12:20 - [TEST_STEP][PASSED] - maximizeWindow(): Current window maximized

2023-04-11 14:12:20 - [MESSAGE][PASSED] - Current window maximized

2023-04-11 14:12:20 - [TEST_STEP][PASSED] - scrollToPosition(0, 120): Browser is scrolled to position x = 0, y = 120

2023-04-11 14:12:20 - [MESSAGE][PASSED] - Browser is scrolled to position x = 0, y = 120

2023-04-11 14:12:20 - [TEST_STEP][PASSED] - click(findTestObject("Object Repository/Prueba_2/Page_DEMOQA/div_Elements_card-up")): Object: 'Object Repository/Prueba_2/Page_DEMOQA/div_Elements_card-up' is clicked on

2023-04-11 14:12:21 - [MESSAGE][PASSED] - Object: 'Object Repository/Prueba_2/Page_DEMOQA/div_Elements_card-up' is clicked on

2023-04-11 14:12:21 - [TEST_STEP][PASSED] - click(findTestObject("Object Repository/Prueba_2/Page_DEMOQA/li_Text Box")): Object: 'Object Repository/Prueba_2/Page_DEMOQA/li_Text Box' is clicked on

2023-04-11 14:12:22 - [MESSAGE][PASSED] - Object: 'Object Repository/Prueba_2/Page_DEMOQA/li_Text Box' is clicked on

2023-04-11 14:12:22 - [TEST_STEP][PASSED] - setText(findTestObject("Object Repository/Prueba_2/Page_DEMOQA/input_Full Name_userName"), "Juan Cruz"): Text 'Juan Cruz' is set on object 'Object Repository/Prueba_2/Page_DEMOQA/input_Full Name_userName'

2023-04-11 14:12:23 - [MESSAGE][PASSED] - Text 'Juan Cruz' is set on object 'Object Repository/Prueba_2/Page_DEMOQA/input_Full Name_userName'

2023-04-11 14:12:23 - [TEST_STEP][PASSED] - setText(findTestObject("Object Repository/Prueba_2/Page_DEMOQA/input_Email_userEmail"), "juancmouhape@gmail.com"): Text 'juancmouhape@gmail.com' is set on object 'Object Repository/Prueba_2/Page_DEMOQA/input_Email_userEmail'

2023-04-11 14:12:24 - [MESSAGE][PASSED] - Text 'juancmouhape@gmail.com' is set on object 'Object Repository/Prueba_2/Page_DEMOQA/input_Email_userEmail'

2023-04-11 14:12:24 - [TEST_STEP][PASSED] - setText(findTestObject("Object Repository/Prueba_2/Page_DEMOQA/textarea_Current Address_currentAddress"), "Dir uno"): Text 'Dir uno' is set on object 'Object Repository/Prueba_2/Page_DEMOQA/textarea_Current Address_currentAddress'

2023-04-11 14:12:25 - [MESSAGE][PASSED] - Text 'Dir uno' is set on object 'Object Repository/Prueba_2/Page_DEMOQA/textarea_Current Address_currentAddress'

2023-04-11 14:12:25 - [TEST_STEP][PASSED] - setText(findTestObject("Object Repository/Prueba_2/Page_DEMOQA/textarea_Permanent Address_permanentAddress"), "Dir dos"): Text 'Dir dos' is set on object 'Object Repository/Prueba_2/Page_DEMOQA/textarea_Permanent Address_permanentAddress'

2023-04-11 14:12:25 - [MESSAGE][PASSED] - Text 'Dir dos' is set on object 'Object Repository/Prueba_2/Page_DEMOQA/textarea_Permanent Address_permanentAddress'

2023-04-11 14:12:25 - [TEST_STEP][PASSED] - scrollToPosition(0, 240): Browser is scrolled to position x = 0, y = 240

2023-04-11 14:12:25 - [MESSAGE][PASSED] - Browser is scrolled to position x = 0, y = 240

2023-04-11 14:12:25 - [TEST_STEP][PASSED] - click(findTestObject("Object Repository/Prueba_2/Page_DEMOQA/button_Submit")): Object: 'Object Repository/Prueba_2/Page_DEMOQA/button_Submit' is clicked on

2023-04-11 14:12:26 - [MESSAGE][PASSED] - Object: 'Object Repository/Prueba_2/Page_DEMOQA/button_Submit' is clicked on

2023-04-11 14:12:26 - [TEST_STEP][PASSED] - click(findTestObject("Object Repository/Prueba_2/Page_DEMOQA/div_Text Box")): Object: 'Object Repository/Prueba_2/Page_DEMOQA/div_Text Box' is clicked on

2023-04-11 14:12:26 - [MESSAGE][PASSED] - Object: 'Object Repository/Prueba_2/Page_DEMOQA/div_Text Box' is clicked on

2023-04-11 14:12:26 - [TEST_STEP][PASSED] - verifyElementText(findTestObject("Prueba_2/Page_DEMOQA/div_Text Box"), "Text Box"): Actual text and expected text of test object 'Object Repository/Prueba_2/Page_DEMOQA/div_Text Box' are matched.

2023-04-11 14:12:27 - [MESSAGE][PASSED] - Actual text and expected text of test object 'Object Repository/Prueba_2/Page_DEMOQA/div_Text Box' are matched.

2023-04-11 14:12:27 - [TEST_STEP][PASSED] - closeBrowser(): Browser is closed

2023-04-11 14:12:27 - [MESSAGE][PASSED] - Browser is closed

2023-04-11 14:12:29 - [TEST_STEP][PASSED] - Video: Video recording for test case 'Test Cases/Prueba_1/Caso_2' .

2023-04-11 14:12:29 - [MESSAGE][INFO] - Video recording for test case 'Test Cases/Prueba_1/Caso_2' .]]></system-out>
         <system-err><![CDATA[]]></system-err>
      </testcase>
      <testcase name="Test Cases/Reto_1/Reto_1" time="15.849" classname="Test Cases/Reto_1/Reto_1" status="PASSED">
         <system-out><![CDATA[2023-04-11 14:12:29 - [TEST_CASE][PASSED] - Test Cases/Reto_1/Reto_1: Test Cases/Reto_1/Reto_1

2023-04-11 14:12:30 - [TEST_STEP][PASSED] - openBrowser(""): Browser is opened with url: ''

2023-04-11 14:12:30 - [MESSAGE][INFO] - Starting 'Chrome' driver

2023-04-11 14:12:30 - [MESSAGE][INFO] - Action delay is set to 0 milliseconds

2023-04-11 14:12:31 - [MESSAGE][PASSED] - Browser is opened with url: ''

2023-04-11 14:12:31 - [TEST_STEP][PASSED] - navigateToUrl("https://demoqa.com/"): Navigate to 'https://demoqa.com/' successfully

2023-04-11 14:12:36 - [MESSAGE][PASSED] - Navigate to 'https://demoqa.com/' successfully

2023-04-11 14:12:36 - [TEST_STEP][PASSED] - maximizeWindow(): Current window maximized

2023-04-11 14:12:37 - [MESSAGE][PASSED] - Current window maximized

2023-04-11 14:12:37 - [TEST_STEP][PASSED] - scrollToPosition(0, 120): Browser is scrolled to position x = 0, y = 120

2023-04-11 14:12:37 - [MESSAGE][PASSED] - Browser is scrolled to position x = 0, y = 120

2023-04-11 14:12:37 - [TEST_STEP][PASSED] - click(findTestObject("Object Repository/Reto_1/Page_DEMOQA/div_Elements_card-up")): Object: 'Object Repository/Reto_1/Page_DEMOQA/div_Elements_card-up' is clicked on

2023-04-11 14:12:37 - [MESSAGE][PASSED] - Object: 'Object Repository/Reto_1/Page_DEMOQA/div_Elements_card-up' is clicked on

2023-04-11 14:12:37 - [TEST_STEP][PASSED] - click(findTestObject("Object Repository/Reto_1/Page_DEMOQA/li_Check Box")): Object: 'Object Repository/Reto_1/Page_DEMOQA/li_Check Box' is clicked on

2023-04-11 14:12:39 - [MESSAGE][PASSED] - Object: 'Object Repository/Reto_1/Page_DEMOQA/li_Check Box' is clicked on

2023-04-11 14:12:39 - [TEST_STEP][PASSED] - click(findTestObject("Object Repository/Reto_1/Page_DEMOQA/svg_Book Store API_rct-icon rct-icon-uncheck")): Object: 'Object Repository/Reto_1/Page_DEMOQA/svg_Book Store API_rct-icon rct-icon-uncheck' is clicked on

2023-04-11 14:12:39 - [MESSAGE][PASSED] - Object: 'Object Repository/Reto_1/Page_DEMOQA/svg_Book Store API_rct-icon rct-icon-uncheck' is clicked on

2023-04-11 14:12:39 - [TEST_STEP][PASSED] - scrollToPosition(0, 240): Browser is scrolled to position x = 0, y = 240

2023-04-11 14:12:39 - [MESSAGE][PASSED] - Browser is scrolled to position x = 0, y = 240

2023-04-11 14:12:39 - [TEST_STEP][PASSED] - click(findTestObject("Object Repository/Reto_1/Page_DEMOQA/li_Radio Button")): Object: 'Object Repository/Reto_1/Page_DEMOQA/li_Radio Button' is clicked on

2023-04-11 14:12:40 - [MESSAGE][PASSED] - Object: 'Object Repository/Reto_1/Page_DEMOQA/li_Radio Button' is clicked on

2023-04-11 14:12:40 - [TEST_STEP][PASSED] - click(findTestObject("Object Repository/Reto_1/Page_DEMOQA/label_Yes")): Object: 'Object Repository/Reto_1/Page_DEMOQA/label_Yes' is clicked on

2023-04-11 14:12:41 - [MESSAGE][PASSED] - Object: 'Object Repository/Reto_1/Page_DEMOQA/label_Yes' is clicked on

2023-04-11 14:12:41 - [TEST_STEP][PASSED] - click(findTestObject("Object Repository/Reto_1/Page_DEMOQA/label_Impressive")): Object: 'Object Repository/Reto_1/Page_DEMOQA/label_Impressive' is clicked on

2023-04-11 14:12:41 - [MESSAGE][PASSED] - Object: 'Object Repository/Reto_1/Page_DEMOQA/label_Impressive' is clicked on

2023-04-11 14:12:41 - [TEST_STEP][PASSED] - click(findTestObject("Object Repository/Reto_1/Page_DEMOQA/label_Yes")): Object: 'Object Repository/Reto_1/Page_DEMOQA/label_Yes' is clicked on

2023-04-11 14:12:42 - [MESSAGE][PASSED] - Object: 'Object Repository/Reto_1/Page_DEMOQA/label_Yes' is clicked on

2023-04-11 14:12:42 - [TEST_STEP][PASSED] - click(findTestObject("Object Repository/Reto_1/Page_DEMOQA/div_Radio Button")): Object: 'Object Repository/Reto_1/Page_DEMOQA/div_Radio Button' is clicked on

2023-04-11 14:12:42 - [MESSAGE][PASSED] - Object: 'Object Repository/Reto_1/Page_DEMOQA/div_Radio Button' is clicked on

2023-04-11 14:12:42 - [TEST_STEP][PASSED] - verifyElementText(findTestObject("Reto_1/Page_DEMOQA/div_Radio Button"), "Radio Button"): Actual text and expected text of test object 'Object Repository/Reto_1/Page_DEMOQA/div_Radio Button' are matched.

2023-04-11 14:12:43 - [MESSAGE][PASSED] - Actual text and expected text of test object 'Object Repository/Reto_1/Page_DEMOQA/div_Radio Button' are matched.

2023-04-11 14:12:43 - [TEST_STEP][PASSED] - closeBrowser(): Browser is closed

2023-04-11 14:12:43 - [MESSAGE][PASSED] - Browser is closed

2023-04-11 14:12:45 - [TEST_STEP][PASSED] - Video: Video recording for test case 'Test Cases/Reto_1/Reto_1' .

2023-04-11 14:12:45 - [MESSAGE][INFO] - Video recording for test case 'Test Cases/Reto_1/Reto_1' .]]></system-out>
         <system-err><![CDATA[]]></system-err>
      </testcase>
      <system-out><![CDATA[2023-04-11 14:11:16 - [TEST_SUITE][PASSED] - Test_Suite_2: Test Cases/Reto_1/Reto_1]]></system-out>
      <system-err><![CDATA[]]></system-err>
   </testsuite>
</testsuites>
