<?xml version="1.0" encoding="UTF-8"?>
<testsuites name="Test_Suite_2" time="80.356" tests="5" failures="0" errors="0">
   <testsuite name="Test_Suite_2" tests="5" failures="0" errors="0" time="80.356" skipped="0" timestamp="2023-04-17 13:15:29" hostname="admin - NTK0999" id="Test Suites/Test_Suite_2">
      <properties>
         <property name="deviceName" value=""/>
         <property name="devicePlatform" value=""/>
         <property name="logFolder" value="C:\\Katalon\\Certificacion\\ProyectoCertificacion\\Reports\\20230417_131519\\Test_Suite_2\\20230417_131520"/>
         <property name="logFiles" value="C:\\Katalon\\Certificacion\\ProyectoCertificacion\\Reports\\20230417_131519\\Test_Suite_2\\20230417_131520\\execution0.log"/>
         <property name="attachments" value=""/>
         <property name="hostName" value="admin - NTK0999"/>
         <property name="os" value="Windows 10 64bit"/>
         <property name="katalonVersion" value="8.6.0.208"/>
         <property name="browser" value="Chrome 112.0.0.0"/>
         <property name="hostAddress" value="192.168.29.77"/>
         <property name="sessionId" value="257cb1f61da584c7fe09105037a0ccab"/>
         <property name="seleniumVersion" value="3.141.59"/>
         <property name="proxyInformation" value="ProxyInformation { proxyOption=NO_PROXY, proxyServerType=HTTP, username=, password=********, proxyServerAddress=, proxyServerPort=0, executionList=&quot;&quot;, isApplyToDesiredCapabilities=true }"/>
         <property name="platform" value="Windows 10"/>
      </properties>
      <testcase name="Test Cases/Navegador/Navegador" time="12.415" classname="Test Cases/Navegador/Navegador" status="PASSED">
         <system-out><![CDATA[2023-04-17 13:15:29 - [TEST_CASE][PASSED] - Test Cases/Navegador/Navegador: Test Cases/Navegador/Navegador

2023-04-17 13:15:30 - [TEST_STEP][PASSED] - openBrowser("https://demoqa.com/text-box"): Browser is opened with url: 'https://demoqa.com/text-box'

2023-04-17 13:15:31 - [MESSAGE][INFO] - Starting 'Chrome' driver

2023-04-17 13:15:31 - [MESSAGE][INFO] - Action delay is set to 0 milliseconds

2023-04-17 13:15:39 - [MESSAGE][PASSED] - Browser is opened with url: 'https://demoqa.com/text-box'

2023-04-17 13:15:39 - [TEST_STEP][PASSED] - maximizeWindow(): Current window maximized

2023-04-17 13:15:39 - [MESSAGE][PASSED] - Current window maximized

2023-04-17 13:15:39 - [TEST_STEP][PASSED] - pageUrl = getUrl(): Current window's url is: 'https://demoqa.com/text-box'

2023-04-17 13:15:39 - [MESSAGE][PASSED] - Current window's url is: 'https://demoqa.com/text-box'

2023-04-17 13:15:39 - [TEST_STEP][PASSED] - print(pageUrl): null

2023-04-17 13:15:39 - [TEST_STEP][PASSED] - Titulo = getWindowTitle(): Current window's title is: 'DEMOQA'

2023-04-17 13:15:39 - [MESSAGE][PASSED] - Current window's title is: 'DEMOQA'

2023-04-17 13:15:39 - [TEST_STEP][PASSED] - print("Titulo de la pagina: " + Titulo): null

2023-04-17 13:15:39 - [TEST_STEP][PASSED] - closeBrowser(): Browser is closed

2023-04-17 13:15:40 - [MESSAGE][PASSED] - Browser is closed

2023-04-17 13:15:42 - [TEST_STEP][PASSED] - Video: Video recording for test case 'Test Cases/Navegador/Navegador' .

2023-04-17 13:15:42 - [MESSAGE][INFO] - Video recording for test case 'Test Cases/Navegador/Navegador' .]]></system-out>
         <system-err><![CDATA[]]></system-err>
      </testcase>
      <testcase name="Test Cases/Objeto_Xpath/Caso_xpath" time="17.356" classname="Test Cases/Objeto_Xpath/Caso_xpath" status="PASSED">
         <system-out><![CDATA[2023-04-17 13:15:42 - [TEST_CASE][PASSED] - Test Cases/Objeto_Xpath/Caso_xpath: Test Cases/Objeto_Xpath/Caso_xpath

2023-04-17 13:15:42 - [TEST_STEP][PASSED] - openBrowser(""): Browser is opened with url: ''

2023-04-17 13:15:42 - [MESSAGE][INFO] - Starting 'Chrome' driver

2023-04-17 13:15:42 - [MESSAGE][INFO] - Action delay is set to 0 milliseconds

2023-04-17 13:15:43 - [MESSAGE][PASSED] - Browser is opened with url: ''

2023-04-17 13:15:44 - [TEST_STEP][PASSED] - navigateToUrl("https://demoqa.com/text-box"): Navigate to 'https://demoqa.com/text-box' successfully

2023-04-17 13:15:48 - [MESSAGE][PASSED] - Navigate to 'https://demoqa.com/text-box' successfully

2023-04-17 13:15:48 - [TEST_STEP][PASSED] - maximizeWindow(): Current window maximized

2023-04-17 13:15:48 - [MESSAGE][PASSED] - Current window maximized

2023-04-17 13:15:49 - [TEST_STEP][PASSED] - setText(findTestObject("Object_xpath/Campo_nombre"), "Juan Cruz"): Text 'Juan Cruz' is set on object 'Object Repository/Object_xpath/Campo_nombre'

2023-04-17 13:15:52 - [MESSAGE][PASSED] - Text 'Juan Cruz' is set on object 'Object Repository/Object_xpath/Campo_nombre'

2023-04-17 13:15:52 - [TEST_STEP][PASSED] - delay(3): Delayed 3 second(s)

2023-04-17 13:15:55 - [MESSAGE][PASSED] - Delayed 3 second(s)

2023-04-17 13:15:55 - [TEST_STEP][PASSED] - closeBrowser(): Browser is closed

2023-04-17 13:15:57 - [MESSAGE][PASSED] - Browser is closed

2023-04-17 13:15:59 - [TEST_STEP][PASSED] - Video: Video recording for test case 'Test Cases/Objeto_Xpath/Caso_xpath' .

2023-04-17 13:15:59 - [MESSAGE][INFO] - Video recording for test case 'Test Cases/Objeto_Xpath/Caso_xpath' .]]></system-out>
         <system-err><![CDATA[]]></system-err>
      </testcase>
      <testcase name="Test Cases/Prueba_1/Caso_1" time="16.065" classname="Test Cases/Prueba_1/Caso_1" status="PASSED">
         <system-out><![CDATA[2023-04-17 13:15:59 - [TEST_CASE][PASSED] - Test Cases/Prueba_1/Caso_1: Test Cases/Prueba_1/Caso_1

2023-04-17 13:16:00 - [TEST_STEP][PASSED] - openBrowser(""): Browser is opened with url: ''

2023-04-17 13:16:00 - [MESSAGE][INFO] - Starting 'Chrome' driver

2023-04-17 13:16:00 - [MESSAGE][INFO] - Action delay is set to 0 milliseconds

2023-04-17 13:16:01 - [MESSAGE][PASSED] - Browser is opened with url: ''

2023-04-17 13:16:01 - [TEST_STEP][PASSED] - navigateToUrl("https://demoqa.com/"): Navigate to 'https://demoqa.com/' successfully

2023-04-17 13:16:06 - [MESSAGE][PASSED] - Navigate to 'https://demoqa.com/' successfully

2023-04-17 13:16:06 - [TEST_STEP][PASSED] - maximizeWindow(): Current window maximized

2023-04-17 13:16:06 - [MESSAGE][PASSED] - Current window maximized

2023-04-17 13:16:06 - [TEST_STEP][PASSED] - scrollToPosition(0, 120): Browser is scrolled to position x = 0, y = 120

2023-04-17 13:16:06 - [MESSAGE][PASSED] - Browser is scrolled to position x = 0, y = 120

2023-04-17 13:16:06 - [TEST_STEP][PASSED] - click(findTestObject("Object Repository/Prueba_1/Page_DEMOQA/div_Elements_card-up")): Object: 'Object Repository/Prueba_1/Page_DEMOQA/div_Elements_card-up' is clicked on

2023-04-17 13:16:07 - [MESSAGE][PASSED] - Object: 'Object Repository/Prueba_1/Page_DEMOQA/div_Elements_card-up' is clicked on

2023-04-17 13:16:07 - [TEST_STEP][PASSED] - click(findTestObject("Object Repository/Prueba_1/Page_DEMOQA/li_Text Box")): Object: 'Object Repository/Prueba_1/Page_DEMOQA/li_Text Box' is clicked on

2023-04-17 13:16:08 - [MESSAGE][PASSED] - Object: 'Object Repository/Prueba_1/Page_DEMOQA/li_Text Box' is clicked on

2023-04-17 13:16:08 - [TEST_STEP][PASSED] - setText(findTestObject("Object Repository/Prueba_1/Page_DEMOQA/input_Full Name_userName"), "Juan Cruz"): Text 'Juan Cruz' is set on object 'Object Repository/Prueba_1/Page_DEMOQA/input_Full Name_userName'

2023-04-17 13:16:09 - [MESSAGE][PASSED] - Text 'Juan Cruz' is set on object 'Object Repository/Prueba_1/Page_DEMOQA/input_Full Name_userName'

2023-04-17 13:16:10 - [TEST_STEP][PASSED] - setText(findTestObject("Object Repository/Prueba_1/Page_DEMOQA/input_Email_userEmail"), "juancmouhape@gmail.com"): Text 'juancmouhape@gmail.com' is set on object 'Object Repository/Prueba_1/Page_DEMOQA/input_Email_userEmail'

2023-04-17 13:16:10 - [MESSAGE][PASSED] - Text 'juancmouhape@gmail.com' is set on object 'Object Repository/Prueba_1/Page_DEMOQA/input_Email_userEmail'

2023-04-17 13:16:10 - [TEST_STEP][PASSED] - setText(findTestObject("Object Repository/Prueba_1/Page_DEMOQA/textarea_Current Address_currentAddress"), "direccion_uno"): Text 'direccion_uno' is set on object 'Object Repository/Prueba_1/Page_DEMOQA/textarea_Current Address_currentAddress'

2023-04-17 13:16:11 - [MESSAGE][PASSED] - Text 'direccion_uno' is set on object 'Object Repository/Prueba_1/Page_DEMOQA/textarea_Current Address_currentAddress'

2023-04-17 13:16:11 - [TEST_STEP][PASSED] - setText(findTestObject("Object Repository/Prueba_1/Page_DEMOQA/textarea_Permanent Address_permanentAddress"), "direccion_dos"): Text 'direccion_dos' is set on object 'Object Repository/Prueba_1/Page_DEMOQA/textarea_Permanent Address_permanentAddress'

2023-04-17 13:16:12 - [MESSAGE][PASSED] - Text 'direccion_dos' is set on object 'Object Repository/Prueba_1/Page_DEMOQA/textarea_Permanent Address_permanentAddress'

2023-04-17 13:16:12 - [TEST_STEP][PASSED] - scrollToPosition(0, 240): Browser is scrolled to position x = 0, y = 240

2023-04-17 13:16:12 - [MESSAGE][PASSED] - Browser is scrolled to position x = 0, y = 240

2023-04-17 13:16:12 - [TEST_STEP][PASSED] - click(findTestObject("Object Repository/Prueba_1/Page_DEMOQA/button_Submit")): Object: 'Object Repository/Prueba_1/Page_DEMOQA/button_Submit' is clicked on

2023-04-17 13:16:13 - [MESSAGE][PASSED] - Object: 'Object Repository/Prueba_1/Page_DEMOQA/button_Submit' is clicked on

2023-04-17 13:16:13 - [TEST_STEP][PASSED] - closeBrowser(): Browser is closed

2023-04-17 13:16:13 - [MESSAGE][PASSED] - Browser is closed

2023-04-17 13:16:15 - [TEST_STEP][PASSED] - Video: Video recording for test case 'Test Cases/Prueba_1/Caso_1' .

2023-04-17 13:16:15 - [MESSAGE][INFO] - Video recording for test case 'Test Cases/Prueba_1/Caso_1' .]]></system-out>
         <system-err><![CDATA[]]></system-err>
      </testcase>
      <testcase name="Test Cases/Prueba_1/Caso_2" time="17.442" classname="Test Cases/Prueba_1/Caso_2" status="PASSED">
         <system-out><![CDATA[2023-04-17 13:16:15 - [TEST_CASE][PASSED] - Test Cases/Prueba_1/Caso_2: Test Cases/Prueba_1/Caso_2

2023-04-17 13:16:16 - [TEST_STEP][PASSED] - openBrowser(""): Browser is opened with url: ''

2023-04-17 13:16:16 - [MESSAGE][INFO] - Starting 'Chrome' driver

2023-04-17 13:16:16 - [MESSAGE][INFO] - Action delay is set to 0 milliseconds

2023-04-17 13:16:17 - [MESSAGE][PASSED] - Browser is opened with url: ''

2023-04-17 13:16:17 - [TEST_STEP][PASSED] - navigateToUrl("https://demoqa.com/"): Navigate to 'https://demoqa.com/' successfully

2023-04-17 13:16:23 - [MESSAGE][PASSED] - Navigate to 'https://demoqa.com/' successfully

2023-04-17 13:16:23 - [TEST_STEP][PASSED] - maximizeWindow(): Current window maximized

2023-04-17 13:16:23 - [MESSAGE][PASSED] - Current window maximized

2023-04-17 13:16:23 - [TEST_STEP][PASSED] - scrollToPosition(0, 120): Browser is scrolled to position x = 0, y = 120

2023-04-17 13:16:23 - [MESSAGE][PASSED] - Browser is scrolled to position x = 0, y = 120

2023-04-17 13:16:23 - [TEST_STEP][PASSED] - click(findTestObject("Object Repository/Prueba_2/Page_DEMOQA/div_Elements_card-up")): Object: 'Object Repository/Prueba_2/Page_DEMOQA/div_Elements_card-up' is clicked on

2023-04-17 13:16:24 - [MESSAGE][PASSED] - Object: 'Object Repository/Prueba_2/Page_DEMOQA/div_Elements_card-up' is clicked on

2023-04-17 13:16:24 - [TEST_STEP][PASSED] - click(findTestObject("Object Repository/Prueba_2/Page_DEMOQA/li_Text Box")): Object: 'Object Repository/Prueba_2/Page_DEMOQA/li_Text Box' is clicked on

2023-04-17 13:16:25 - [MESSAGE][PASSED] - Object: 'Object Repository/Prueba_2/Page_DEMOQA/li_Text Box' is clicked on

2023-04-17 13:16:25 - [TEST_STEP][PASSED] - setText(findTestObject("Object Repository/Prueba_2/Page_DEMOQA/input_Full Name_userName"), "Juan Cruz"): Text 'Juan Cruz' is set on object 'Object Repository/Prueba_2/Page_DEMOQA/input_Full Name_userName'

2023-04-17 13:16:26 - [MESSAGE][PASSED] - Text 'Juan Cruz' is set on object 'Object Repository/Prueba_2/Page_DEMOQA/input_Full Name_userName'

2023-04-17 13:16:26 - [TEST_STEP][PASSED] - setText(findTestObject("Object Repository/Prueba_2/Page_DEMOQA/input_Email_userEmail"), "juancmouhape@gmail.com"): Text 'juancmouhape@gmail.com' is set on object 'Object Repository/Prueba_2/Page_DEMOQA/input_Email_userEmail'

2023-04-17 13:16:27 - [MESSAGE][PASSED] - Text 'juancmouhape@gmail.com' is set on object 'Object Repository/Prueba_2/Page_DEMOQA/input_Email_userEmail'

2023-04-17 13:16:27 - [TEST_STEP][PASSED] - setText(findTestObject("Object Repository/Prueba_2/Page_DEMOQA/textarea_Current Address_currentAddress"), "Dir uno"): Text 'Dir uno' is set on object 'Object Repository/Prueba_2/Page_DEMOQA/textarea_Current Address_currentAddress'

2023-04-17 13:16:28 - [MESSAGE][PASSED] - Text 'Dir uno' is set on object 'Object Repository/Prueba_2/Page_DEMOQA/textarea_Current Address_currentAddress'

2023-04-17 13:16:28 - [TEST_STEP][PASSED] - setText(findTestObject("Object Repository/Prueba_2/Page_DEMOQA/textarea_Permanent Address_permanentAddress"), "Dir dos"): Text 'Dir dos' is set on object 'Object Repository/Prueba_2/Page_DEMOQA/textarea_Permanent Address_permanentAddress'

2023-04-17 13:16:28 - [MESSAGE][PASSED] - Text 'Dir dos' is set on object 'Object Repository/Prueba_2/Page_DEMOQA/textarea_Permanent Address_permanentAddress'

2023-04-17 13:16:28 - [TEST_STEP][PASSED] - scrollToPosition(0, 240): Browser is scrolled to position x = 0, y = 240

2023-04-17 13:16:29 - [MESSAGE][PASSED] - Browser is scrolled to position x = 0, y = 240

2023-04-17 13:16:29 - [TEST_STEP][PASSED] - click(findTestObject("Object Repository/Prueba_2/Page_DEMOQA/button_Submit")): Object: 'Object Repository/Prueba_2/Page_DEMOQA/button_Submit' is clicked on

2023-04-17 13:16:29 - [MESSAGE][PASSED] - Object: 'Object Repository/Prueba_2/Page_DEMOQA/button_Submit' is clicked on

2023-04-17 13:16:29 - [TEST_STEP][PASSED] - click(findTestObject("Object Repository/Prueba_2/Page_DEMOQA/div_Text Box")): Object: 'Object Repository/Prueba_2/Page_DEMOQA/div_Text Box' is clicked on

2023-04-17 13:16:30 - [MESSAGE][PASSED] - Object: 'Object Repository/Prueba_2/Page_DEMOQA/div_Text Box' is clicked on

2023-04-17 13:16:30 - [TEST_STEP][PASSED] - verifyElementText(findTestObject("Prueba_2/Page_DEMOQA/div_Text Box"), "Text Box"): Actual text and expected text of test object 'Object Repository/Prueba_2/Page_DEMOQA/div_Text Box' are matched.

2023-04-17 13:16:30 - [MESSAGE][PASSED] - Actual text and expected text of test object 'Object Repository/Prueba_2/Page_DEMOQA/div_Text Box' are matched.

2023-04-17 13:16:30 - [TEST_STEP][PASSED] - closeBrowser(): Browser is closed

2023-04-17 13:16:31 - [MESSAGE][PASSED] - Browser is closed

2023-04-17 13:16:33 - [TEST_STEP][PASSED] - Video: Video recording for test case 'Test Cases/Prueba_1/Caso_2' .

2023-04-17 13:16:33 - [MESSAGE][INFO] - Video recording for test case 'Test Cases/Prueba_1/Caso_2' .]]></system-out>
         <system-err><![CDATA[]]></system-err>
      </testcase>
      <testcase name="Test Cases/Reto_1/Reto_1" time="16.721" classname="Test Cases/Reto_1/Reto_1" status="PASSED">
         <system-out><![CDATA[2023-04-17 13:16:33 - [TEST_CASE][PASSED] - Test Cases/Reto_1/Reto_1: Test Cases/Reto_1/Reto_1

2023-04-17 13:16:33 - [TEST_STEP][PASSED] - openBrowser(""): Browser is opened with url: ''

2023-04-17 13:16:33 - [MESSAGE][INFO] - Starting 'Chrome' driver

2023-04-17 13:16:33 - [MESSAGE][INFO] - Action delay is set to 0 milliseconds

2023-04-17 13:16:35 - [MESSAGE][PASSED] - Browser is opened with url: ''

2023-04-17 13:16:35 - [TEST_STEP][PASSED] - navigateToUrl("https://demoqa.com/"): Navigate to 'https://demoqa.com/' successfully

2023-04-17 13:16:40 - [MESSAGE][PASSED] - Navigate to 'https://demoqa.com/' successfully

2023-04-17 13:16:40 - [TEST_STEP][PASSED] - maximizeWindow(): Current window maximized

2023-04-17 13:16:40 - [MESSAGE][PASSED] - Current window maximized

2023-04-17 13:16:40 - [TEST_STEP][PASSED] - scrollToPosition(0, 120): Browser is scrolled to position x = 0, y = 120

2023-04-17 13:16:40 - [MESSAGE][PASSED] - Browser is scrolled to position x = 0, y = 120

2023-04-17 13:16:40 - [TEST_STEP][PASSED] - click(findTestObject("Object Repository/Reto_1/Page_DEMOQA/div_Elements_card-up")): Object: 'Object Repository/Reto_1/Page_DEMOQA/div_Elements_card-up' is clicked on

2023-04-17 13:16:41 - [MESSAGE][PASSED] - Object: 'Object Repository/Reto_1/Page_DEMOQA/div_Elements_card-up' is clicked on

2023-04-17 13:16:41 - [TEST_STEP][PASSED] - click(findTestObject("Object Repository/Reto_1/Page_DEMOQA/li_Check Box")): Object: 'Object Repository/Reto_1/Page_DEMOQA/li_Check Box' is clicked on

2023-04-17 13:16:43 - [MESSAGE][PASSED] - Object: 'Object Repository/Reto_1/Page_DEMOQA/li_Check Box' is clicked on

2023-04-17 13:16:43 - [TEST_STEP][PASSED] - click(findTestObject("Object Repository/Reto_1/Page_DEMOQA/svg_Book Store API_rct-icon rct-icon-uncheck")): Object: 'Object Repository/Reto_1/Page_DEMOQA/svg_Book Store API_rct-icon rct-icon-uncheck' is clicked on

2023-04-17 13:16:44 - [MESSAGE][PASSED] - Object: 'Object Repository/Reto_1/Page_DEMOQA/svg_Book Store API_rct-icon rct-icon-uncheck' is clicked on

2023-04-17 13:16:44 - [TEST_STEP][PASSED] - scrollToPosition(0, 240): Browser is scrolled to position x = 0, y = 240

2023-04-17 13:16:44 - [MESSAGE][PASSED] - Browser is scrolled to position x = 0, y = 240

2023-04-17 13:16:44 - [TEST_STEP][PASSED] - click(findTestObject("Object Repository/Reto_1/Page_DEMOQA/li_Radio Button")): Object: 'Object Repository/Reto_1/Page_DEMOQA/li_Radio Button' is clicked on

2023-04-17 13:16:44 - [MESSAGE][PASSED] - Object: 'Object Repository/Reto_1/Page_DEMOQA/li_Radio Button' is clicked on

2023-04-17 13:16:44 - [TEST_STEP][PASSED] - click(findTestObject("Object Repository/Reto_1/Page_DEMOQA/label_Yes")): Object: 'Object Repository/Reto_1/Page_DEMOQA/label_Yes' is clicked on

2023-04-17 13:16:45 - [MESSAGE][PASSED] - Object: 'Object Repository/Reto_1/Page_DEMOQA/label_Yes' is clicked on

2023-04-17 13:16:45 - [TEST_STEP][PASSED] - click(findTestObject("Object Repository/Reto_1/Page_DEMOQA/label_Impressive")): Object: 'Object Repository/Reto_1/Page_DEMOQA/label_Impressive' is clicked on

2023-04-17 13:16:45 - [MESSAGE][PASSED] - Object: 'Object Repository/Reto_1/Page_DEMOQA/label_Impressive' is clicked on

2023-04-17 13:16:45 - [TEST_STEP][PASSED] - click(findTestObject("Object Repository/Reto_1/Page_DEMOQA/label_Yes")): Object: 'Object Repository/Reto_1/Page_DEMOQA/label_Yes' is clicked on

2023-04-17 13:16:46 - [MESSAGE][PASSED] - Object: 'Object Repository/Reto_1/Page_DEMOQA/label_Yes' is clicked on

2023-04-17 13:16:46 - [TEST_STEP][PASSED] - click(findTestObject("Object Repository/Reto_1/Page_DEMOQA/div_Radio Button")): Object: 'Object Repository/Reto_1/Page_DEMOQA/div_Radio Button' is clicked on

2023-04-17 13:16:46 - [MESSAGE][PASSED] - Object: 'Object Repository/Reto_1/Page_DEMOQA/div_Radio Button' is clicked on

2023-04-17 13:16:46 - [TEST_STEP][PASSED] - verifyElementText(findTestObject("Reto_1/Page_DEMOQA/div_Radio Button"), "Radio Button"): Actual text and expected text of test object 'Object Repository/Reto_1/Page_DEMOQA/div_Radio Button' are matched.

2023-04-17 13:16:47 - [MESSAGE][PASSED] - Actual text and expected text of test object 'Object Repository/Reto_1/Page_DEMOQA/div_Radio Button' are matched.

2023-04-17 13:16:47 - [TEST_STEP][PASSED] - closeBrowser(): Browser is closed

2023-04-17 13:16:47 - [MESSAGE][PASSED] - Browser is closed

2023-04-17 13:16:49 - [TEST_STEP][PASSED] - Video: Video recording for test case 'Test Cases/Reto_1/Reto_1' .

2023-04-17 13:16:50 - [MESSAGE][INFO] - Video recording for test case 'Test Cases/Reto_1/Reto_1' .]]></system-out>
         <system-err><![CDATA[]]></system-err>
      </testcase>
      <system-out><![CDATA[2023-04-17 13:15:29 - [TEST_SUITE][PASSED] - Test_Suite_2: Test Cases/Reto_1/Reto_1]]></system-out>
      <system-err><![CDATA[]]></system-err>
   </testsuite>
</testsuites>
