<?xml version="1.0" encoding="UTF-8"?>
<testsuites name="JiraIntegracion" time="12.217" tests="4" failures="0" errors="0">
   <testsuite name="JiraIntegracion" tests="4" failures="0" errors="0" time="12.217" skipped="0" timestamp="2023-04-21 16:12:43" hostname="admin - 192.168.0.144" id="Test Suites/JiraIntegracion">
      <properties>
         <property name="deviceName" value=""/>
         <property name="devicePlatform" value=""/>
         <property name="logFolder" value="C:\\Users\\admin\\git\\KatalonVisualTesting\\Reports\\20230421_161216\\JiraIntegracion\\20230421_161217"/>
         <property name="logFiles" value="C:\\Users\\admin\\git\\KatalonVisualTesting\\Reports\\20230421_161216\\JiraIntegracion\\20230421_161217\\execution0.log"/>
         <property name="attachments" value=""/>
         <property name="hostName" value="admin - 192.168.0.144"/>
         <property name="hostAddress" value="192.168.0.144"/>
         <property name="os" value="Windows 10 64bit"/>
         <property name="katalonVersion" value="8.6.0.208"/>
      </properties>
      <testcase name="Test Cases/JiraIntegracion/MAR-1 Error de cambio de fecha en Workflow" time="3.876" classname="Test Cases/JiraIntegracion/MAR-1 Error de cambio de fecha en Workflow" status="PASSED">
         <system-out><![CDATA[2023-04-21 16:12:43 - [TEST_CASE][PASSED] - Test Cases/JiraIntegracion/MAR-1 Error de cambio de fecha en Workflow: Test Cases/JiraIntegracion/MAR-1 Error de cambio de fecha en Workflow

2023-04-21 16:12:44 - [TEST_STEP][PASSED] - runFeatureFile("Include/features/MAR-1 Error de cambio de fecha en Workflow.feature"): Feature file: 'Include/features/MAR-1 Error de cambio de fecha en Workflow.feature' was passed

2023-04-21 16:12:44 - [MESSAGE][INFO] - Starting run keyword runFeatureFile: 'Include/features/MAR-1 Error de cambio de fecha en Workflow.feature' and extract report to folder: 'C:\Users\admin\git\KatalonVisualTesting\Reports\20230421_161216\JiraIntegracion\20230421_161217/cucumber_report/1682104364837'...

2023-04-21 16:12:45 - [MESSAGE][PASSED] - Feature file: 'Include/features/MAR-1 Error de cambio de fecha en Workflow.feature' was passed

2023-04-21 16:12:47 - [TEST_STEP][PASSED] - Video: Video recording for test case 'Test Cases/JiraIntegracion/MAR-1 Error de cambio de fecha en Workflow' .

2023-04-21 16:12:47 - [MESSAGE][INFO] - Video recording for test case 'Test Cases/JiraIntegracion/MAR-1 Error de cambio de fecha en Workflow' .]]></system-out>
         <system-err><![CDATA[]]></system-err>
      </testcase>
      <testcase name="Test Cases/JiraIntegracion/MAR-2 RESUMEN ERROR2" time="2.783" classname="Test Cases/JiraIntegracion/MAR-2 RESUMEN ERROR2" status="PASSED">
         <system-out><![CDATA[2023-04-21 16:12:47 - [TEST_CASE][PASSED] - Test Cases/JiraIntegracion/MAR-2 RESUMEN ERROR2: Test Cases/JiraIntegracion/MAR-2 RESUMEN ERROR2

2023-04-21 16:12:48 - [TEST_STEP][PASSED] - runFeatureFile("Include/features/MAR-2 RESUMEN ERROR2.feature"): Feature file: 'Include/features/MAR-2 RESUMEN ERROR2.feature' was passed

2023-04-21 16:12:48 - [MESSAGE][INFO] - Starting run keyword runFeatureFile: 'Include/features/MAR-2 RESUMEN ERROR2.feature' and extract report to folder: 'C:\Users\admin\git\KatalonVisualTesting\Reports\20230421_161216\JiraIntegracion\20230421_161217/cucumber_report/1682104368340'...

2023-04-21 16:12:48 - [MESSAGE][PASSED] - Feature file: 'Include/features/MAR-2 RESUMEN ERROR2.feature' was passed

2023-04-21 16:12:50 - [TEST_STEP][PASSED] - Video: Video recording for test case 'Test Cases/JiraIntegracion/MAR-2 RESUMEN ERROR2' .

2023-04-21 16:12:50 - [MESSAGE][INFO] - Video recording for test case 'Test Cases/JiraIntegracion/MAR-2 RESUMEN ERROR2' .]]></system-out>
         <system-err><![CDATA[]]></system-err>
      </testcase>
      <testcase name="Test Cases/JiraIntegracion/MAR-3 Prueba3-Xray" time="2.522" classname="Test Cases/JiraIntegracion/MAR-3 Prueba3-Xray" status="PASSED">
         <system-out><![CDATA[2023-04-21 16:12:50 - [TEST_CASE][PASSED] - Test Cases/JiraIntegracion/MAR-3 Prueba3-Xray: Test Cases/JiraIntegracion/MAR-3 Prueba3-Xray

2023-04-21 16:12:50 - [TEST_STEP][PASSED] - runFeatureFile("Include/features/MAR-3 Prueba3-Xray.feature"): Feature file: 'Include/features/MAR-3 Prueba3-Xray.feature' was passed

2023-04-21 16:12:50 - [MESSAGE][INFO] - Starting run keyword runFeatureFile: 'Include/features/MAR-3 Prueba3-Xray.feature' and extract report to folder: 'C:\Users\admin\git\KatalonVisualTesting\Reports\20230421_161216\JiraIntegracion\20230421_161217/cucumber_report/1682104370940'...

2023-04-21 16:12:51 - [MESSAGE][PASSED] - Feature file: 'Include/features/MAR-3 Prueba3-Xray.feature' was passed

2023-04-21 16:12:53 - [TEST_STEP][PASSED] - Video: Video recording for test case 'Test Cases/JiraIntegracion/MAR-3 Prueba3-Xray' .

2023-04-21 16:12:53 - [MESSAGE][INFO] - Video recording for test case 'Test Cases/JiraIntegracion/MAR-3 Prueba3-Xray' .]]></system-out>
         <system-err><![CDATA[]]></system-err>
      </testcase>
      <testcase name="Test Cases/JiraIntegracion/MAR-4 Prueba4-XRay" time="2.59" classname="Test Cases/JiraIntegracion/MAR-4 Prueba4-XRay" status="PASSED">
         <system-out><![CDATA[2023-04-21 16:12:53 - [TEST_CASE][PASSED] - Test Cases/JiraIntegracion/MAR-4 Prueba4-XRay: Test Cases/JiraIntegracion/MAR-4 Prueba4-XRay

2023-04-21 16:12:53 - [TEST_STEP][PASSED] - runFeatureFile("Include/features/MAR-4 Prueba4-XRay.feature"): Feature file: 'Include/features/MAR-4 Prueba4-XRay.feature' was passed

2023-04-21 16:12:53 - [MESSAGE][INFO] - Starting run keyword runFeatureFile: 'Include/features/MAR-4 Prueba4-XRay.feature' and extract report to folder: 'C:\Users\admin\git\KatalonVisualTesting\Reports\20230421_161216\JiraIntegracion\20230421_161217/cucumber_report/1682104373533'...

2023-04-21 16:12:53 - [MESSAGE][PASSED] - Feature file: 'Include/features/MAR-4 Prueba4-XRay.feature' was passed

2023-04-21 16:12:55 - [TEST_STEP][PASSED] - Video: Video recording for test case 'Test Cases/JiraIntegracion/MAR-4 Prueba4-XRay' .

2023-04-21 16:12:55 - [MESSAGE][INFO] - Video recording for test case 'Test Cases/JiraIntegracion/MAR-4 Prueba4-XRay' .]]></system-out>
         <system-err><![CDATA[]]></system-err>
      </testcase>
      <system-out><![CDATA[2023-04-21 16:12:43 - [TEST_SUITE][PASSED] - JiraIntegracion: Test Cases/JiraIntegracion/MAR-4 Prueba4-XRay]]></system-out>
      <system-err><![CDATA[]]></system-err>
   </testsuite>
</testsuites>
