<?xml version="1.0" encoding="UTF-8"?>
<testsuites name="Test_Suite_1" time="37.653" tests="2" failures="0" errors="0">
   <testsuite name="Test_Suite_1" tests="2" failures="0" errors="0" time="37.653" skipped="0" timestamp="2023-03-23 16:56:12" hostname="admin - NTK0999" id="Test Suites/Test_Suite_1">
      <properties>
         <property name="deviceName" value=""/>
         <property name="devicePlatform" value=""/>
         <property name="logFolder" value="C:\\Katalon\\Proyectos\\Proyecto_Uno\\Reports\\20230323_165602\\Test_Suite_1\\20230323_165602"/>
         <property name="logFiles" value="C:\\Katalon\\Proyectos\\Proyecto_Uno\\Reports\\20230323_165602\\Test_Suite_1\\20230323_165602\\execution0.log"/>
         <property name="attachments" value=""/>
         <property name="hostName" value="admin - NTK0999"/>
         <property name="os" value="Windows 10 64bit"/>
         <property name="katalonVersion" value="8.6.0.208"/>
         <property name="browser" value="Chrome 111.0.0.0"/>
         <property name="hostAddress" value="192.168.29.88"/>
         <property name="sessionId" value="1713d1a7985b59bbe09f640336b5ebc7"/>
         <property name="seleniumVersion" value="3.141.59"/>
         <property name="proxyInformation" value="ProxyInformation { proxyOption=NO_PROXY, proxyServerType=HTTP, username=, password=********, proxyServerAddress=, proxyServerPort=0, executionList=&quot;&quot;, isApplyToDesiredCapabilities=true }"/>
         <property name="platform" value="Windows 10"/>
      </properties>
      <testcase name="Test Cases/Carga_Archivo/Carga_Archivo" time="18.118" classname="Test Cases/Carga_Archivo/Carga_Archivo" status="PASSED">
         <system-out><![CDATA[2023-03-23 16:56:12 - [TEST_CASE][PASSED] - Test Cases/Carga_Archivo/Carga_Archivo: Test Cases/Carga_Archivo/Carga_Archivo

2023-03-23 16:56:13 - [TEST_STEP][PASSED] - openBrowser(""): Browser is opened with url: ''

2023-03-23 16:56:14 - [MESSAGE][INFO] - Starting 'Chrome' driver

2023-03-23 16:56:14 - [MESSAGE][INFO] - Action delay is set to 0 milliseconds

2023-03-23 16:56:16 - [MESSAGE][PASSED] - Browser is opened with url: ''

2023-03-23 16:56:16 - [TEST_STEP][PASSED] - navigateToUrl("https://testpages.herokuapp.com/styled/file-upload-test.html"): Navigate to 'https://testpages.herokuapp.com/styled/file-upload-test.html' successfully

2023-03-23 16:56:18 - [MESSAGE][PASSED] - Navigate to 'https://testpages.herokuapp.com/styled/file-upload-test.html' successfully

2023-03-23 16:56:18 - [TEST_STEP][PASSED] - maximizeWindow(): Current window maximized

2023-03-23 16:56:18 - [MESSAGE][PASSED] - Current window maximized

2023-03-23 16:56:18 - [TEST_STEP][PASSED] - uploadFile(findTestObject("Carga_Archivo/Page_Upload a File/Cargar"), "C:\Katalon\Proyectos\Proyecto_Uno\Imagenes\Imagen de WhatsApp 2022-11-14 a las 14.26.24.jpg"): File 'C:\Katalon\Proyectos\Proyecto_Uno\Imagenes\Imagen de WhatsApp 2022-11-14 a las 14.26.24.jpg' sent to object: 'Object Repository/Carga_Archivo/Page_Upload a File/Cargar'

2023-03-23 16:56:19 - [MESSAGE][PASSED] - File 'C:\Katalon\Proyectos\Proyecto_Uno\Imagenes\Imagen de WhatsApp 2022-11-14 a las 14.26.24.jpg' sent to object: 'Object Repository/Carga_Archivo/Page_Upload a File/Cargar'

2023-03-23 16:56:19 - [TEST_STEP][PASSED] - delay(tiempo): Delayed 2 second(s)

2023-03-23 16:56:21 - [MESSAGE][PASSED] - Delayed 2 second(s)

2023-03-23 16:56:21 - [TEST_STEP][PASSED] - click(findTestObject("Object Repository/Carga_Archivo/Page_Upload a File/input_What type is it_filetype")): Object: 'Object Repository/Carga_Archivo/Page_Upload a File/input_What type is it_filetype' is clicked on

2023-03-23 16:56:21 - [MESSAGE][PASSED] - Object: 'Object Repository/Carga_Archivo/Page_Upload a File/input_What type is it_filetype' is clicked on

2023-03-23 16:56:21 - [TEST_STEP][PASSED] - click(findTestObject("Object Repository/Carga_Archivo/Page_Upload a File/input_A General File_upload")): Object: 'Object Repository/Carga_Archivo/Page_Upload a File/input_A General File_upload' is clicked on

2023-03-23 16:56:23 - [MESSAGE][PASSED] - Object: 'Object Repository/Carga_Archivo/Page_Upload a File/input_A General File_upload' is clicked on

2023-03-23 16:56:23 - [TEST_STEP][PASSED] - delay(tiempo): Delayed 2 second(s)

2023-03-23 16:56:25 - [MESSAGE][PASSED] - Delayed 2 second(s)

2023-03-23 16:56:25 - [TEST_STEP][PASSED] - verifyElementText(findTestObject("Carga_Archivo/Page_Upload a File/ArchivoCargado"), "You uploaded this image:"): Actual text and expected text of test object 'Object Repository/Carga_Archivo/Page_Upload a File/ArchivoCargado' are matched.

2023-03-23 16:56:26 - [MESSAGE][PASSED] - Actual text and expected text of test object 'Object Repository/Carga_Archivo/Page_Upload a File/ArchivoCargado' are matched.

2023-03-23 16:56:26 - [TEST_STEP][PASSED] - delay(tiempo): Delayed 2 second(s)

2023-03-23 16:56:28 - [MESSAGE][PASSED] - Delayed 2 second(s)

2023-03-23 16:56:28 - [TEST_STEP][PASSED] - closeBrowser(): Browser is closed

2023-03-23 16:56:28 - [MESSAGE][PASSED] - Browser is closed

2023-03-23 16:56:30 - [TEST_STEP][PASSED] - Video: Video recording for test case 'Test Cases/Carga_Archivo/Carga_Archivo' .

2023-03-23 16:56:30 - [MESSAGE][INFO] - Video recording for test case 'Test Cases/Carga_Archivo/Carga_Archivo' .]]></system-out>
         <system-err><![CDATA[]]></system-err>
      </testcase>
      <testcase name="Test Cases/Focus/Focus" time="19.136" classname="Test Cases/Focus/Focus" status="PASSED">
         <system-out><![CDATA[2023-03-23 16:56:30 - [TEST_CASE][PASSED] - Test Cases/Focus/Focus: Test Cases/Focus/Focus

2023-03-23 16:56:31 - [TEST_STEP][PASSED] - openBrowser(""): Browser is opened with url: ''

2023-03-23 16:56:31 - [MESSAGE][INFO] - Starting 'Chrome' driver

2023-03-23 16:56:31 - [MESSAGE][INFO] - Action delay is set to 0 milliseconds

2023-03-23 16:56:32 - [MESSAGE][PASSED] - Browser is opened with url: ''

2023-03-23 16:56:32 - [TEST_STEP][PASSED] - navigateToUrl("https://demoqa.com/automation-practice-form"): Navigate to 'https://demoqa.com/automation-practice-form' successfully

2023-03-23 16:56:37 - [MESSAGE][PASSED] - Navigate to 'https://demoqa.com/automation-practice-form' successfully

2023-03-23 16:56:37 - [TEST_STEP][PASSED] - waitForPageLoad(30): Wait for page load successfully

2023-03-23 16:56:38 - [MESSAGE][PASSED] - Wait for page load successfully

2023-03-23 16:56:38 - [TEST_STEP][PASSED] - maximizeWindow(): Current window maximized

2023-03-23 16:56:38 - [MESSAGE][PASSED] - Current window maximized

2023-03-23 16:56:38 - [TEST_STEP][PASSED] - focus(findTestObject("Focus/nombre")): Object: 'Object Repository/Focus/nombre' is focused

2023-03-23 16:56:38 - [MESSAGE][PASSED] - Object: 'Object Repository/Focus/nombre' is focused

2023-03-23 16:56:38 - [TEST_STEP][PASSED] - delay(3): Delayed 3 second(s)

2023-03-23 16:56:41 - [MESSAGE][PASSED] - Delayed 3 second(s)

2023-03-23 16:56:41 - [TEST_STEP][PASSED] - focus(findTestObject("Focus/apellido")): Object: 'Object Repository/Focus/apellido' is focused

2023-03-23 16:56:42 - [MESSAGE][PASSED] - Object: 'Object Repository/Focus/apellido' is focused

2023-03-23 16:56:42 - [TEST_STEP][PASSED] - delay(5): Delayed 5 second(s)

2023-03-23 16:56:47 - [MESSAGE][PASSED] - Delayed 5 second(s)

2023-03-23 16:56:47 - [TEST_STEP][PASSED] - closeBrowser(): Browser is closed

2023-03-23 16:56:47 - [MESSAGE][PASSED] - Browser is closed

2023-03-23 16:56:50 - [TEST_STEP][PASSED] - Video: Video recording for test case 'Test Cases/Focus/Focus' .

2023-03-23 16:56:50 - [MESSAGE][INFO] - Video recording for test case 'Test Cases/Focus/Focus' .]]></system-out>
         <system-err><![CDATA[]]></system-err>
      </testcase>
      <system-out><![CDATA[2023-03-23 16:56:12 - [TEST_SUITE][PASSED] - Test_Suite_1: Test Cases/Focus/Focus]]></system-out>
      <system-err><![CDATA[]]></system-err>
   </testsuite>
</testsuites>
