<?xml version="1.0" encoding="UTF-8"?>
<testsuites name="Test_Suite_Data_csv" time="55.832" tests="3" failures="0" errors="0">
   <testsuite name="Test_Suite_Data_csv" tests="3" failures="0" errors="0" time="55.832" skipped="0" timestamp="2023-03-28 11:50:04" hostname="admin - 192.168.0.7" id="Test Suites/Test_Suite_Data_csv">
      <properties>
         <property name="deviceName" value=""/>
         <property name="devicePlatform" value=""/>
         <property name="logFolder" value="C:\\Katalon\\Proyectos\\Proyecto_Uno\\Reports\\20230328_114953\\Test_Suite_Data_csv\\20230328_114953"/>
         <property name="logFiles" value="C:\\Katalon\\Proyectos\\Proyecto_Uno\\Reports\\20230328_114953\\Test_Suite_Data_csv\\20230328_114953\\execution0.log"/>
         <property name="attachments" value=""/>
         <property name="hostName" value="admin - 192.168.0.7"/>
         <property name="os" value="Windows 10 64bit"/>
         <property name="katalonVersion" value="8.6.0.208"/>
         <property name="browser" value="Chrome 111.0.0.0"/>
         <property name="hostAddress" value="192.168.0.7"/>
         <property name="sessionId" value="4459821dc02fabdda5f79a3c5a393513"/>
         <property name="seleniumVersion" value="3.141.59"/>
         <property name="proxyInformation" value="ProxyInformation { proxyOption=NO_PROXY, proxyServerType=HTTP, username=, password=********, proxyServerAddress=, proxyServerPort=0, executionList=&quot;&quot;, isApplyToDesiredCapabilities=true }"/>
         <property name="platform" value="Windows 10"/>
      </properties>
      <testcase name="Test Cases/Datos_Excel/Caso_Datos_Excel" time="22.733" classname="Test Cases/Datos_Excel/Caso_Datos_Excel" status="PASSED">
         <system-out><![CDATA[2023-03-28 11:50:05 - [TEST_CASE][PASSED] - Test Cases/Datos_Excel/Caso_Datos_Excel: Test Cases/Datos_Excel/Caso_Datos_Excel

2023-03-28 11:50:07 - [TEST_STEP][PASSED] - openBrowser(""): Browser is opened with url: ''

2023-03-28 11:50:07 - [MESSAGE][INFO] - Starting 'Chrome' driver

2023-03-28 11:50:08 - [MESSAGE][INFO] - Action delay is set to 0 milliseconds

2023-03-28 11:50:11 - [MESSAGE][PASSED] - Browser is opened with url: ''

2023-03-28 11:50:11 - [TEST_STEP][PASSED] - navigateToUrl("https://demoqa.com/automation-practice-form"): Navigate to 'https://demoqa.com/automation-practice-form' successfully

2023-03-28 11:50:17 - [MESSAGE][PASSED] - Navigate to 'https://demoqa.com/automation-practice-form' successfully

2023-03-28 11:50:17 - [TEST_STEP][PASSED] - waitForPageLoad(30): Wait for page load successfully

2023-03-28 11:50:18 - [MESSAGE][PASSED] - Wait for page load successfully

2023-03-28 11:50:18 - [TEST_STEP][PASSED] - maximizeWindow(): Current window maximized

2023-03-28 11:50:18 - [MESSAGE][PASSED] - Current window maximized

2023-03-28 11:50:18 - [TEST_STEP][PASSED] - setText(findTestObject("Object Repository/Data_Excel/Page_DEMOQA/input_Name_firstName"), nombre): Text 'nombre1' is set on object 'Object Repository/Data_Excel/Page_DEMOQA/input_Name_firstName'

2023-03-28 11:50:19 - [MESSAGE][PASSED] - Text 'nombre1' is set on object 'Object Repository/Data_Excel/Page_DEMOQA/input_Name_firstName'

2023-03-28 11:50:19 - [TEST_STEP][PASSED] - setText(findTestObject("Object Repository/Data_Excel/Page_DEMOQA/input_Name_lastName"), apellido): Text 'apellido1' is set on object 'Object Repository/Data_Excel/Page_DEMOQA/input_Name_lastName'

2023-03-28 11:50:20 - [MESSAGE][PASSED] - Text 'apellido1' is set on object 'Object Repository/Data_Excel/Page_DEMOQA/input_Name_lastName'

2023-03-28 11:50:20 - [TEST_STEP][PASSED] - setText(findTestObject("Object Repository/Data_Excel/Page_DEMOQA/input_Email_userEmail"), email): Text 'email1' is set on object 'Object Repository/Data_Excel/Page_DEMOQA/input_Email_userEmail'

2023-03-28 11:50:21 - [MESSAGE][PASSED] - Text 'email1' is set on object 'Object Repository/Data_Excel/Page_DEMOQA/input_Email_userEmail'

2023-03-28 11:50:21 - [TEST_STEP][PASSED] - delay(4): Delayed 4 second(s)

2023-03-28 11:50:25 - [MESSAGE][PASSED] - Delayed 4 second(s)

2023-03-28 11:50:25 - [TEST_STEP][PASSED] - closeBrowser(): Browser is closed

2023-03-28 11:50:26 - [MESSAGE][PASSED] - Browser is closed

2023-03-28 11:50:28 - [TEST_STEP][PASSED] - Video: Video recording for test case 'Test Cases/Datos_Excel/Caso_Datos_Excel' .

2023-03-28 11:50:28 - [MESSAGE][INFO] - Video recording for test case 'Test Cases/Datos_Excel/Caso_Datos_Excel' .]]></system-out>
         <system-err><![CDATA[]]></system-err>
      </testcase>
      <testcase name="Test Cases/Datos_Excel/Caso_Datos_Excel" time="16.227" classname="Test Cases/Datos_Excel/Caso_Datos_Excel" status="PASSED">
         <system-out><![CDATA[2023-03-28 11:50:28 - [TEST_CASE][PASSED] - Test Cases/Datos_Excel/Caso_Datos_Excel: Test Cases/Datos_Excel/Caso_Datos_Excel

2023-03-28 11:50:28 - [TEST_STEP][PASSED] - openBrowser(""): Browser is opened with url: ''

2023-03-28 11:50:28 - [MESSAGE][INFO] - Starting 'Chrome' driver

2023-03-28 11:50:28 - [MESSAGE][INFO] - Action delay is set to 0 milliseconds

2023-03-28 11:50:29 - [MESSAGE][PASSED] - Browser is opened with url: ''

2023-03-28 11:50:29 - [TEST_STEP][PASSED] - navigateToUrl("https://demoqa.com/automation-practice-form"): Navigate to 'https://demoqa.com/automation-practice-form' successfully

2023-03-28 11:50:34 - [MESSAGE][PASSED] - Navigate to 'https://demoqa.com/automation-practice-form' successfully

2023-03-28 11:50:34 - [TEST_STEP][PASSED] - waitForPageLoad(30): Wait for page load successfully

2023-03-28 11:50:34 - [MESSAGE][PASSED] - Wait for page load successfully

2023-03-28 11:50:34 - [TEST_STEP][PASSED] - maximizeWindow(): Current window maximized

2023-03-28 11:50:34 - [MESSAGE][PASSED] - Current window maximized

2023-03-28 11:50:34 - [TEST_STEP][PASSED] - setText(findTestObject("Object Repository/Data_Excel/Page_DEMOQA/input_Name_firstName"), nombre): Text 'nombre2' is set on object 'Object Repository/Data_Excel/Page_DEMOQA/input_Name_firstName'

2023-03-28 11:50:36 - [MESSAGE][PASSED] - Text 'nombre2' is set on object 'Object Repository/Data_Excel/Page_DEMOQA/input_Name_firstName'

2023-03-28 11:50:36 - [TEST_STEP][PASSED] - setText(findTestObject("Object Repository/Data_Excel/Page_DEMOQA/input_Name_lastName"), apellido): Text 'apellido2' is set on object 'Object Repository/Data_Excel/Page_DEMOQA/input_Name_lastName'

2023-03-28 11:50:37 - [MESSAGE][PASSED] - Text 'apellido2' is set on object 'Object Repository/Data_Excel/Page_DEMOQA/input_Name_lastName'

2023-03-28 11:50:37 - [TEST_STEP][PASSED] - setText(findTestObject("Object Repository/Data_Excel/Page_DEMOQA/input_Email_userEmail"), email): Text 'email2' is set on object 'Object Repository/Data_Excel/Page_DEMOQA/input_Email_userEmail'

2023-03-28 11:50:37 - [MESSAGE][PASSED] - Text 'email2' is set on object 'Object Repository/Data_Excel/Page_DEMOQA/input_Email_userEmail'

2023-03-28 11:50:37 - [TEST_STEP][PASSED] - delay(4): Delayed 4 second(s)

2023-03-28 11:50:41 - [MESSAGE][PASSED] - Delayed 4 second(s)

2023-03-28 11:50:41 - [TEST_STEP][PASSED] - closeBrowser(): Browser is closed

2023-03-28 11:50:42 - [MESSAGE][PASSED] - Browser is closed

2023-03-28 11:50:44 - [TEST_STEP][PASSED] - Video: Video recording for test case 'Test Cases/Datos_Excel/Caso_Datos_Excel' .

2023-03-28 11:50:44 - [MESSAGE][INFO] - Video recording for test case 'Test Cases/Datos_Excel/Caso_Datos_Excel' .]]></system-out>
         <system-err><![CDATA[]]></system-err>
      </testcase>
      <testcase name="Test Cases/Datos_Excel/Caso_Datos_Excel" time="15.861" classname="Test Cases/Datos_Excel/Caso_Datos_Excel" status="PASSED">
         <system-out><![CDATA[2023-03-28 11:50:44 - [TEST_CASE][PASSED] - Test Cases/Datos_Excel/Caso_Datos_Excel: Test Cases/Datos_Excel/Caso_Datos_Excel

2023-03-28 11:50:44 - [TEST_STEP][PASSED] - openBrowser(""): Browser is opened with url: ''

2023-03-28 11:50:44 - [MESSAGE][INFO] - Starting 'Chrome' driver

2023-03-28 11:50:44 - [MESSAGE][INFO] - Action delay is set to 0 milliseconds

2023-03-28 11:50:46 - [MESSAGE][PASSED] - Browser is opened with url: ''

2023-03-28 11:50:46 - [TEST_STEP][PASSED] - navigateToUrl("https://demoqa.com/automation-practice-form"): Navigate to 'https://demoqa.com/automation-practice-form' successfully

2023-03-28 11:50:50 - [MESSAGE][PASSED] - Navigate to 'https://demoqa.com/automation-practice-form' successfully

2023-03-28 11:50:50 - [TEST_STEP][PASSED] - waitForPageLoad(30): Wait for page load successfully

2023-03-28 11:50:50 - [MESSAGE][PASSED] - Wait for page load successfully

2023-03-28 11:50:50 - [TEST_STEP][PASSED] - maximizeWindow(): Current window maximized

2023-03-28 11:50:50 - [MESSAGE][PASSED] - Current window maximized

2023-03-28 11:50:50 - [TEST_STEP][PASSED] - setText(findTestObject("Object Repository/Data_Excel/Page_DEMOQA/input_Name_firstName"), nombre): Text 'nombre3' is set on object 'Object Repository/Data_Excel/Page_DEMOQA/input_Name_firstName'

2023-03-28 11:50:52 - [MESSAGE][PASSED] - Text 'nombre3' is set on object 'Object Repository/Data_Excel/Page_DEMOQA/input_Name_firstName'

2023-03-28 11:50:52 - [TEST_STEP][PASSED] - setText(findTestObject("Object Repository/Data_Excel/Page_DEMOQA/input_Name_lastName"), apellido): Text 'apellido3' is set on object 'Object Repository/Data_Excel/Page_DEMOQA/input_Name_lastName'

2023-03-28 11:50:53 - [MESSAGE][PASSED] - Text 'apellido3' is set on object 'Object Repository/Data_Excel/Page_DEMOQA/input_Name_lastName'

2023-03-28 11:50:53 - [TEST_STEP][PASSED] - setText(findTestObject("Object Repository/Data_Excel/Page_DEMOQA/input_Email_userEmail"), email): Text 'email3' is set on object 'Object Repository/Data_Excel/Page_DEMOQA/input_Email_userEmail'

2023-03-28 11:50:53 - [MESSAGE][PASSED] - Text 'email3' is set on object 'Object Repository/Data_Excel/Page_DEMOQA/input_Email_userEmail'

2023-03-28 11:50:53 - [TEST_STEP][PASSED] - delay(4): Delayed 4 second(s)

2023-03-28 11:50:57 - [MESSAGE][PASSED] - Delayed 4 second(s)

2023-03-28 11:50:57 - [TEST_STEP][PASSED] - closeBrowser(): Browser is closed

2023-03-28 11:50:58 - [MESSAGE][PASSED] - Browser is closed

2023-03-28 11:51:00 - [TEST_STEP][PASSED] - Video: Video recording for test case 'Test Cases/Datos_Excel/Caso_Datos_Excel' .

2023-03-28 11:51:00 - [MESSAGE][INFO] - Video recording for test case 'Test Cases/Datos_Excel/Caso_Datos_Excel' .]]></system-out>
         <system-err><![CDATA[]]></system-err>
      </testcase>
      <system-out><![CDATA[2023-03-28 11:50:04 - [TEST_SUITE][PASSED] - Test_Suite_Data_csv: Test Cases/Datos_Excel/Caso_Datos_Excel]]></system-out>
      <system-err><![CDATA[]]></system-err>
   </testsuite>
</testsuites>
