<?xml version="1.0" encoding="UTF-8"?>
<testsuites name="Test_Suite_3" time="67.373" tests="4" failures="0" errors="0">
   <testsuite name="Test_Suite_3" tests="4" failures="0" errors="0" time="67.373" skipped="0" timestamp="2023-04-14 15:55:24" hostname="admin - NTK0999" id="Test Suites/Test_Suite_3">
      <properties>
         <property name="deviceName" value=""/>
         <property name="devicePlatform" value=""/>
         <property name="logFolder" value="C:\\Katalon\\Certificacion\\ProyectoCertificacion\\Reports\\20230414_155310\\Test_Suite_3\\20230414_155516"/>
         <property name="logFiles" value="C:\\Katalon\\Certificacion\\ProyectoCertificacion\\Reports\\20230414_155310\\Test_Suite_3\\20230414_155516\\execution0.log"/>
         <property name="attachments" value=""/>
         <property name="hostName" value="admin - NTK0999"/>
         <property name="os" value="Windows 10 64bit"/>
         <property name="katalonVersion" value="8.6.0.208"/>
         <property name="browser" value="Chrome 111.0.0.0"/>
         <property name="hostAddress" value="192.168.29.98"/>
         <property name="sessionId" value="a4c88cbdef120dcf1dbad8a9d6ca0f64"/>
         <property name="seleniumVersion" value="3.141.59"/>
         <property name="proxyInformation" value="ProxyInformation { proxyOption=NO_PROXY, proxyServerType=HTTP, username=, password=********, proxyServerAddress=, proxyServerPort=0, executionList=&quot;&quot;, isApplyToDesiredCapabilities=true }"/>
         <property name="platform" value="Windows 10"/>
      </properties>
      <testcase name="Test Cases/Wait/Wait" time="14.02" classname="Test Cases/Wait/Wait" status="PASSED">
         <system-out><![CDATA[2023-04-14 15:55:25 - [TEST_CASE][PASSED] - Test Cases/Wait/Wait: Test Cases/Wait/Wait

2023-04-14 15:55:25 - [TEST_STEP][PASSED] - openBrowser(""): Browser is opened with url: ''

2023-04-14 15:55:25 - [MESSAGE][INFO] - Starting 'Chrome' driver

2023-04-14 15:55:25 - [MESSAGE][INFO] - Action delay is set to 0 milliseconds

2023-04-14 15:55:28 - [MESSAGE][PASSED] - Browser is opened with url: ''

2023-04-14 15:55:28 - [TEST_STEP][PASSED] - navigateToUrl("https://www.facebook.com/"): Navigate to 'https://www.facebook.com/' successfully

2023-04-14 15:55:29 - [MESSAGE][PASSED] - Navigate to 'https://www.facebook.com/' successfully

2023-04-14 15:55:29 - [TEST_STEP][PASSED] - maximizeWindow(): Current window maximized

2023-04-14 15:55:29 - [MESSAGE][PASSED] - Current window maximized

2023-04-14 15:55:29 - [TEST_STEP][PASSED] - waitForPageLoad(30): Wait for page load successfully

2023-04-14 15:55:29 - [MESSAGE][PASSED] - Wait for page load successfully

2023-04-14 15:55:29 - [TEST_STEP][PASSED] - waitForElementClickable(findTestObject("Wait/Page_Facebook - Entrar o registrarse/a_Crear cuenta nueva"), 10): Object 'Object Repository/Wait/Page_Facebook - Entrar o registrarse/a_Crear cuenta nueva' is clickable

2023-04-14 15:55:31 - [MESSAGE][INFO] - Unable to find the element located by 'By.xpath: //a[@id='u_0_0_UA']'. Please recheck the objects properties to make sure the desired element is located. 

2023-04-14 15:55:31 - [MESSAGE][WARNING] - [SELF-HEALING] Failed to find element with id 'Object Repository/Wait/Page_Facebook - Entrar o registrarse/a_Crear cuenta nueva'. Try using Self-healing.

2023-04-14 15:55:31 - [MESSAGE][WARNING] - [SELF-HEALING] The current locator of test object 'Object Repository/Wait/Page_Facebook - Entrar o registrarse/a_Crear cuenta nueva' was broken. Propose an alternative one: '//a[contains(text(),'Crear cuenta nueva')]'.

2023-04-14 15:55:31 - [MESSAGE][PASSED] - Object 'Object Repository/Wait/Page_Facebook - Entrar o registrarse/a_Crear cuenta nueva' is clickable

2023-04-14 15:55:31 - [TEST_STEP][PASSED] - click(findTestObject("Object Repository/Wait/Page_Facebook - Entrar o registrarse/a_Crear cuenta nueva")): Object: 'Object Repository/Wait/Page_Facebook - Entrar o registrarse/a_Crear cuenta nueva' is clicked on

2023-04-14 15:55:32 - [MESSAGE][INFO] - Unable to find the element located by 'By.xpath: //a[@id='u_0_0_UA']'. Please recheck the objects properties to make sure the desired element is located. 

2023-04-14 15:55:32 - [MESSAGE][WARNING] - [SELF-HEALING] Failed to find element with id 'Object Repository/Wait/Page_Facebook - Entrar o registrarse/a_Crear cuenta nueva'. Try using Self-healing.

2023-04-14 15:55:33 - [MESSAGE][WARNING] - [SELF-HEALING] The current locator of test object 'Object Repository/Wait/Page_Facebook - Entrar o registrarse/a_Crear cuenta nueva' was broken. Propose an alternative one: '//a[contains(text(),'Crear cuenta nueva')]'.

2023-04-14 15:55:33 - [MESSAGE][PASSED] - Object: 'Object Repository/Wait/Page_Facebook - Entrar o registrarse/a_Crear cuenta nueva' is clicked on

2023-04-14 15:55:33 - [TEST_STEP][PASSED] - setText(findTestObject("Object Repository/Wait/Page_Facebook - Entrar o registrarse/input_No hemos podido crear tu cuentaNo hem_857a2b"), "Mouhape"): Text 'Mouhape' is set on object 'Object Repository/Wait/Page_Facebook - Entrar o registrarse/input_No hemos podido crear tu cuentaNo hem_857a2b'

2023-04-14 15:55:34 - [MESSAGE][INFO] - Unable to find the element located by 'By.xpath: //input[@id='u_3_g_tB']'. Please recheck the objects properties to make sure the desired element is located. 

2023-04-14 15:55:34 - [MESSAGE][WARNING] - [SELF-HEALING] Failed to find element with id 'Object Repository/Wait/Page_Facebook - Entrar o registrarse/input_No hemos podido crear tu cuentaNo hem_857a2b'. Try using Self-healing.

2023-04-14 15:55:34 - [MESSAGE][WARNING] - [SELF-HEALING] The current locator of test object 'Object Repository/Wait/Page_Facebook - Entrar o registrarse/input_No hemos podido crear tu cuentaNo hem_857a2b' was broken. Propose an alternative one: '//div[2]/div/div/input'.

2023-04-14 15:55:35 - [MESSAGE][INFO] - Unable to find the element located by 'By.xpath: //input[@id='u_3_g_tB']'. Please recheck the objects properties to make sure the desired element is located. 

2023-04-14 15:55:35 - [MESSAGE][WARNING] - [SELF-HEALING] Failed to find element with id 'Object Repository/Wait/Page_Facebook - Entrar o registrarse/input_No hemos podido crear tu cuentaNo hem_857a2b'. Try using Self-healing.

2023-04-14 15:55:36 - [MESSAGE][WARNING] - [SELF-HEALING] The current locator of test object 'Object Repository/Wait/Page_Facebook - Entrar o registrarse/input_No hemos podido crear tu cuentaNo hem_857a2b' was broken. Propose an alternative one: '//div[2]/div/div/input'.

2023-04-14 15:55:36 - [MESSAGE][PASSED] - Text 'Mouhape' is set on object 'Object Repository/Wait/Page_Facebook - Entrar o registrarse/input_No hemos podido crear tu cuentaNo hem_857a2b'

2023-04-14 15:55:36 - [TEST_STEP][PASSED] - closeBrowser(): Browser is closed

2023-04-14 15:55:37 - [MESSAGE][PASSED] - Browser is closed

2023-04-14 15:55:39 - [TEST_STEP][PASSED] - Video: Video recording for test case 'Test Cases/Wait/Wait' .

2023-04-14 15:55:39 - [MESSAGE][INFO] - Video recording for test case 'Test Cases/Wait/Wait' .]]></system-out>
         <system-err><![CDATA[]]></system-err>
      </testcase>
      <testcase name="Test Cases/Test_Script/Test_por_script" time="13.339" classname="Test Cases/Test_Script/Test_por_script" status="PASSED">
         <system-out><![CDATA[2023-04-14 15:55:39 - [TEST_CASE][PASSED] - Test Cases/Test_Script/Test_por_script: Test Cases/Test_Script/Test_por_script

2023-04-14 15:55:39 - [TEST_STEP][PASSED] - openBrowser(""): Browser is opened with url: ''

2023-04-14 15:55:39 - [MESSAGE][INFO] - Starting 'Chrome' driver

2023-04-14 15:55:39 - [MESSAGE][INFO] - Action delay is set to 0 milliseconds

2023-04-14 15:55:40 - [MESSAGE][PASSED] - Browser is opened with url: ''

2023-04-14 15:55:40 - [TEST_STEP][PASSED] - navigateToUrl("https://demoqa.com/text-box"): Navigate to 'https://demoqa.com/text-box' successfully

2023-04-14 15:55:45 - [MESSAGE][PASSED] - Navigate to 'https://demoqa.com/text-box' successfully

2023-04-14 15:55:45 - [TEST_STEP][PASSED] - maximizeWindow(): Current window maximized

2023-04-14 15:55:45 - [MESSAGE][PASSED] - Current window maximized

2023-04-14 15:55:45 - [TEST_STEP][PASSED] - setText(findTestObject("Object Repository/Script/Page_DEMOQA/input_Full Name_userName"), "Juan Cruz"): Text 'Juan Cruz' is set on object 'Object Repository/Script/Page_DEMOQA/input_Full Name_userName'

2023-04-14 15:55:47 - [MESSAGE][PASSED] - Text 'Juan Cruz' is set on object 'Object Repository/Script/Page_DEMOQA/input_Full Name_userName'

2023-04-14 15:55:47 - [TEST_STEP][PASSED] - setText(findTestObject("Object Repository/Script/Page_DEMOQA/input_Email_userEmail"), "juancmouhape@gmail.com"): Text 'juancmouhape@gmail.com' is set on object 'Object Repository/Script/Page_DEMOQA/input_Email_userEmail'

2023-04-14 15:55:47 - [MESSAGE][PASSED] - Text 'juancmouhape@gmail.com' is set on object 'Object Repository/Script/Page_DEMOQA/input_Email_userEmail'

2023-04-14 15:55:47 - [TEST_STEP][PASSED] - setText(findTestObject("Object Repository/Script/Page_DEMOQA/textarea_Current Address_currentAddress"), "Direccion Uno"): Text 'Direccion Uno' is set on object 'Object Repository/Script/Page_DEMOQA/textarea_Current Address_currentAddress'

2023-04-14 15:55:48 - [MESSAGE][PASSED] - Text 'Direccion Uno' is set on object 'Object Repository/Script/Page_DEMOQA/textarea_Current Address_currentAddress'

2023-04-14 15:55:48 - [TEST_STEP][PASSED] - setText(findTestObject("Object Repository/Script/Page_DEMOQA/textarea_Permanent Address_permanentAddress"), "Direccion Dos"): Text 'Direccion Dos' is set on object 'Object Repository/Script/Page_DEMOQA/textarea_Permanent Address_permanentAddress'

2023-04-14 15:55:49 - [MESSAGE][PASSED] - Text 'Direccion Dos' is set on object 'Object Repository/Script/Page_DEMOQA/textarea_Permanent Address_permanentAddress'

2023-04-14 15:55:49 - [TEST_STEP][PASSED] - scrollToPosition(0, 280): Browser is scrolled to position x = 0, y = 280

2023-04-14 15:55:49 - [MESSAGE][PASSED] - Browser is scrolled to position x = 0, y = 280

2023-04-14 15:55:49 - [TEST_STEP][PASSED] - click(findTestObject("Object Repository/Script/Page_DEMOQA/button_Submit")): Object: 'Object Repository/Script/Page_DEMOQA/button_Submit' is clicked on

2023-04-14 15:55:49 - [MESSAGE][PASSED] - Object: 'Object Repository/Script/Page_DEMOQA/button_Submit' is clicked on

2023-04-14 15:55:49 - [TEST_STEP][PASSED] - closeBrowser(): Browser is closed

2023-04-14 15:55:50 - [MESSAGE][PASSED] - Browser is closed

2023-04-14 15:55:52 - [TEST_STEP][PASSED] - Video: Video recording for test case 'Test Cases/Test_Script/Test_por_script' .

2023-04-14 15:55:52 - [MESSAGE][INFO] - Video recording for test case 'Test Cases/Test_Script/Test_por_script' .]]></system-out>
         <system-err><![CDATA[]]></system-err>
      </testcase>
      <testcase name="Test Cases/Spy web/Caso_spy_web" time="13.674" classname="Test Cases/Spy web/Caso_spy_web" status="PASSED">
         <system-out><![CDATA[2023-04-14 15:55:52 - [TEST_CASE][PASSED] - Test Cases/Spy web/Caso_spy_web: Test Cases/Spy web/Caso_spy_web

2023-04-14 15:55:52 - [TEST_STEP][PASSED] - openBrowser(""): Browser is opened with url: ''

2023-04-14 15:55:52 - [MESSAGE][INFO] - Starting 'Chrome' driver

2023-04-14 15:55:52 - [MESSAGE][INFO] - Action delay is set to 0 milliseconds

2023-04-14 15:55:53 - [MESSAGE][PASSED] - Browser is opened with url: ''

2023-04-14 15:55:53 - [TEST_STEP][PASSED] - navigateToUrl("https://demoqa.com/text-box"): Navigate to 'https://demoqa.com/text-box' successfully

2023-04-14 15:55:58 - [MESSAGE][PASSED] - Navigate to 'https://demoqa.com/text-box' successfully

2023-04-14 15:55:58 - [TEST_STEP][PASSED] - maximizeWindow(): Current window maximized

2023-04-14 15:55:58 - [MESSAGE][PASSED] - Current window maximized

2023-04-14 15:55:58 - [TEST_STEP][PASSED] - setText(findTestObject("Spy_web/Page_DEMOQA/input_Full Name_userName"), "Juan Cruz"): Text 'Juan Cruz' is set on object 'Object Repository/Spy_web/Page_DEMOQA/input_Full Name_userName'

2023-04-14 15:56:00 - [MESSAGE][PASSED] - Text 'Juan Cruz' is set on object 'Object Repository/Spy_web/Page_DEMOQA/input_Full Name_userName'

2023-04-14 15:56:00 - [TEST_STEP][PASSED] - setText(findTestObject("Spy_web/Page_DEMOQA/input_Email_userEmail"), "juancmouhape@gmail.com"): Text 'juancmouhape@gmail.com' is set on object 'Object Repository/Spy_web/Page_DEMOQA/input_Email_userEmail'

2023-04-14 15:56:00 - [MESSAGE][PASSED] - Text 'juancmouhape@gmail.com' is set on object 'Object Repository/Spy_web/Page_DEMOQA/input_Email_userEmail'

2023-04-14 15:56:00 - [TEST_STEP][PASSED] - setText(findTestObject("Spy_web/Page_DEMOQA/textarea_Current Address_currentAddress"), "Dir uno"): Text 'Dir uno' is set on object 'Object Repository/Spy_web/Page_DEMOQA/textarea_Current Address_currentAddress'

2023-04-14 15:56:01 - [MESSAGE][PASSED] - Text 'Dir uno' is set on object 'Object Repository/Spy_web/Page_DEMOQA/textarea_Current Address_currentAddress'

2023-04-14 15:56:01 - [TEST_STEP][PASSED] - setText(findTestObject("Spy_web/Page_DEMOQA/textarea_Permanent Address_permanentAddress"), "Dir dos"): Text 'Dir dos' is set on object 'Object Repository/Spy_web/Page_DEMOQA/textarea_Permanent Address_permanentAddress'

2023-04-14 15:56:02 - [MESSAGE][PASSED] - Text 'Dir dos' is set on object 'Object Repository/Spy_web/Page_DEMOQA/textarea_Permanent Address_permanentAddress'

2023-04-14 15:56:02 - [TEST_STEP][PASSED] - scrollToPosition(0, 240): Browser is scrolled to position x = 0, y = 240

2023-04-14 15:56:02 - [MESSAGE][PASSED] - Browser is scrolled to position x = 0, y = 240

2023-04-14 15:56:02 - [TEST_STEP][PASSED] - click(findTestObject("Spy_web/Page_DEMOQA/button_Submit")): Object: 'Object Repository/Spy_web/Page_DEMOQA/button_Submit' is clicked on

2023-04-14 15:56:02 - [MESSAGE][PASSED] - Object: 'Object Repository/Spy_web/Page_DEMOQA/button_Submit' is clicked on

2023-04-14 15:56:02 - [TEST_STEP][PASSED] - verifyTextPresent("Text Box", false): Text 'Text Box' is present on page 

2023-04-14 15:56:03 - [MESSAGE][PASSED] - Text 'Text Box' is present on page 

2023-04-14 15:56:03 - [TEST_STEP][PASSED] - closeBrowser(): Browser is closed

2023-04-14 15:56:04 - [MESSAGE][PASSED] - Browser is closed

2023-04-14 15:56:06 - [TEST_STEP][PASSED] - Video: Video recording for test case 'Test Cases/Spy web/Caso_spy_web' .

2023-04-14 15:56:06 - [MESSAGE][INFO] - Video recording for test case 'Test Cases/Spy web/Caso_spy_web' .]]></system-out>
         <system-err><![CDATA[]]></system-err>
      </testcase>
      <testcase name="Test Cases/Set_text_Combo_text/Set_text" time="26.039" classname="Test Cases/Set_text_Combo_text/Set_text" status="PASSED">
         <system-out><![CDATA[2023-04-14 15:56:06 - [TEST_CASE][PASSED] - Test Cases/Set_text_Combo_text/Set_text: Test Cases/Set_text_Combo_text/Set_text

2023-04-14 15:56:06 - [TEST_STEP][PASSED] - openBrowser(""): Browser is opened with url: ''

2023-04-14 15:56:06 - [MESSAGE][INFO] - Starting 'Chrome' driver

2023-04-14 15:56:06 - [MESSAGE][INFO] - Action delay is set to 0 milliseconds

2023-04-14 15:56:07 - [MESSAGE][PASSED] - Browser is opened with url: ''

2023-04-14 15:56:07 - [TEST_STEP][PASSED] - navigateToUrl("https://demoqa.com/automation-practice-form"): Navigate to 'https://demoqa.com/automation-practice-form' successfully

2023-04-14 15:56:12 - [MESSAGE][PASSED] - Navigate to 'https://demoqa.com/automation-practice-form' successfully

2023-04-14 15:56:12 - [TEST_STEP][PASSED] - maximizeWindow(): Current window maximized

2023-04-14 15:56:12 - [MESSAGE][PASSED] - Current window maximized

2023-04-14 15:56:12 - [TEST_STEP][PASSED] - setText(findTestObject("Object Repository/Set_text/Page_DEMOQA/input_Name_firstName"), "Juan Cruz"): Text 'Juan Cruz' is set on object 'Object Repository/Set_text/Page_DEMOQA/input_Name_firstName'

2023-04-14 15:56:14 - [MESSAGE][PASSED] - Text 'Juan Cruz' is set on object 'Object Repository/Set_text/Page_DEMOQA/input_Name_firstName'

2023-04-14 15:56:14 - [TEST_STEP][PASSED] - delay(tiempo): Delayed 2 second(s)

2023-04-14 15:56:16 - [MESSAGE][PASSED] - Delayed 2 second(s)

2023-04-14 15:56:16 - [TEST_STEP][PASSED] - clearText(findTestObject("Set_text/Page_DEMOQA/input_Name_firstName")): Text of object 'Object Repository/Set_text/Page_DEMOQA/input_Name_firstName' is cleared

2023-04-14 15:56:16 - [MESSAGE][PASSED] - Text of object 'Object Repository/Set_text/Page_DEMOQA/input_Name_firstName' is cleared

2023-04-14 15:56:16 - [TEST_STEP][PASSED] - sendKeys(findTestObject("Set_text/Page_DEMOQA/input_Name_firstName"), "Pedro"): Keys 'Pedro' sent to object: 'Object Repository/Set_text/Page_DEMOQA/input_Name_firstName'

2023-04-14 15:56:17 - [MESSAGE][PASSED] - Keys 'Pedro' sent to object: 'Object Repository/Set_text/Page_DEMOQA/input_Name_firstName'

2023-04-14 15:56:17 - [TEST_STEP][PASSED] - delay(tiempo): Delayed 2 second(s)

2023-04-14 15:56:19 - [MESSAGE][PASSED] - Delayed 2 second(s)

2023-04-14 15:56:19 - [TEST_STEP][PASSED] - check(findTestObject("Set_text/Page_DEMOQA/label_Male")): Object 'Object Repository/Set_text/Page_DEMOQA/label_Male' is checked

2023-04-14 15:56:19 - [MESSAGE][PASSED] - Object 'Object Repository/Set_text/Page_DEMOQA/label_Male' is checked

2023-04-14 15:56:19 - [TEST_STEP][PASSED] - delay(tiempo): Delayed 2 second(s)

2023-04-14 15:56:21 - [MESSAGE][PASSED] - Delayed 2 second(s)

2023-04-14 15:56:21 - [TEST_STEP][PASSED] - scrollToElement(findTestObject("Set_text/Page_DEMOQA/label_Sports"), tiempo): Scroll to object 'Object Repository/Set_text/Page_DEMOQA/label_Sports' successfully

2023-04-14 15:56:21 - [MESSAGE][PASSED] - Scroll to object 'Object Repository/Set_text/Page_DEMOQA/label_Sports' successfully

2023-04-14 15:56:21 - [TEST_STEP][PASSED] - check(findTestObject("Set_text/Page_DEMOQA/label_Sports")): Object 'Object Repository/Set_text/Page_DEMOQA/label_Sports' is checked

2023-04-14 15:56:22 - [MESSAGE][PASSED] - Object 'Object Repository/Set_text/Page_DEMOQA/label_Sports' is checked

2023-04-14 15:56:22 - [TEST_STEP][PASSED] - delay(tiempo): Delayed 2 second(s)

2023-04-14 15:56:24 - [MESSAGE][PASSED] - Delayed 2 second(s)

2023-04-14 15:56:24 - [TEST_STEP][PASSED] - click(findTestObject("Set_text/Page_DEMOQA/Link")): Object: 'Object Repository/Set_text/Page_DEMOQA/Link' is clicked on

2023-04-14 15:56:27 - [MESSAGE][PASSED] - Object: 'Object Repository/Set_text/Page_DEMOQA/Link' is clicked on

2023-04-14 15:56:27 - [TEST_STEP][PASSED] - delay(tiempo): Delayed 2 second(s)

2023-04-14 15:56:29 - [MESSAGE][PASSED] - Delayed 2 second(s)

2023-04-14 15:56:29 - [TEST_STEP][PASSED] - closeBrowser(): Browser is closed

2023-04-14 15:56:30 - [MESSAGE][PASSED] - Browser is closed

2023-04-14 15:56:32 - [TEST_STEP][PASSED] - Video: Video recording for test case 'Test Cases/Set_text_Combo_text/Set_text' .

2023-04-14 15:56:32 - [MESSAGE][INFO] - Video recording for test case 'Test Cases/Set_text_Combo_text/Set_text' .]]></system-out>
         <system-err><![CDATA[]]></system-err>
      </testcase>
      <system-out><![CDATA[2023-04-14 15:55:24 - [TEST_SUITE][PASSED] - Test_Suite_3: Test Cases/Set_text_Combo_text/Set_text]]></system-out>
      <system-err><![CDATA[]]></system-err>
   </testsuite>
</testsuites>
