<?xml version="1.0" encoding="UTF-8"?>
<testsuites name="Test_Suite_1" time="64.534" tests="4" failures="0" errors="0">
   <testsuite name="Test_Suite_1" tests="4" failures="0" errors="0" time="64.534" skipped="0" timestamp="2023-03-23 12:33:54" hostname="admin - NTK0999" id="Test Suites/Test_Suite_1">
      <properties>
         <property name="deviceName" value=""/>
         <property name="devicePlatform" value=""/>
         <property name="logFolder" value="C:\\Katalon\\Proyectos\\Proyecto_Uno\\Reports\\20230323_123345\\Test_Suite_1\\20230323_123345"/>
         <property name="logFiles" value="C:\\Katalon\\Proyectos\\Proyecto_Uno\\Reports\\20230323_123345\\Test_Suite_1\\20230323_123345\\execution0.log"/>
         <property name="attachments" value=""/>
         <property name="hostName" value="admin - NTK0999"/>
         <property name="os" value="Windows 10 64bit"/>
         <property name="katalonVersion" value="8.6.0.208"/>
         <property name="browser" value="Chrome 111.0.0.0"/>
         <property name="hostAddress" value="192.168.29.88"/>
         <property name="sessionId" value="e8eaba3f4a7d524b2584617ab1f8cd29"/>
         <property name="seleniumVersion" value="3.141.59"/>
         <property name="proxyInformation" value="ProxyInformation { proxyOption=NO_PROXY, proxyServerType=HTTP, username=, password=********, proxyServerAddress=, proxyServerPort=0, executionList=&quot;&quot;, isApplyToDesiredCapabilities=true }"/>
         <property name="platform" value="Windows 10"/>
      </properties>
      <testcase name="Test Cases/Carga_Archivo/Carga_Archivo" time="21.771" classname="Test Cases/Carga_Archivo/Carga_Archivo" status="PASSED">
         <system-out><![CDATA[2023-03-23 12:33:55 - [TEST_CASE][PASSED] - Test Cases/Carga_Archivo/Carga_Archivo: Test Cases/Carga_Archivo/Carga_Archivo

2023-03-23 12:33:55 - [TEST_STEP][PASSED] - openBrowser(""): Browser is opened with url: ''

2023-03-23 12:33:56 - [MESSAGE][INFO] - Starting 'Chrome' driver

2023-03-23 12:33:56 - [MESSAGE][INFO] - Action delay is set to 0 milliseconds

2023-03-23 12:34:02 - [MESSAGE][PASSED] - Browser is opened with url: ''

2023-03-23 12:34:02 - [TEST_STEP][PASSED] - navigateToUrl("https://testpages.herokuapp.com/styled/file-upload-test.html"): Navigate to 'https://testpages.herokuapp.com/styled/file-upload-test.html' successfully

2023-03-23 12:34:03 - [MESSAGE][PASSED] - Navigate to 'https://testpages.herokuapp.com/styled/file-upload-test.html' successfully

2023-03-23 12:34:03 - [TEST_STEP][PASSED] - maximizeWindow(): Current window maximized

2023-03-23 12:34:03 - [MESSAGE][PASSED] - Current window maximized

2023-03-23 12:34:03 - [TEST_STEP][PASSED] - uploadFile(findTestObject("Carga_Archivo/Page_Upload a File/Cargar"), "C:\Katalon\Proyectos\Proyecto_Uno\Imagenes\Imagen de WhatsApp 2022-11-14 a las 14.26.24.jpg"): File 'C:\Katalon\Proyectos\Proyecto_Uno\Imagenes\Imagen de WhatsApp 2022-11-14 a las 14.26.24.jpg' sent to object: 'Object Repository/Carga_Archivo/Page_Upload a File/Cargar'

2023-03-23 12:34:04 - [MESSAGE][PASSED] - File 'C:\Katalon\Proyectos\Proyecto_Uno\Imagenes\Imagen de WhatsApp 2022-11-14 a las 14.26.24.jpg' sent to object: 'Object Repository/Carga_Archivo/Page_Upload a File/Cargar'

2023-03-23 12:34:04 - [TEST_STEP][PASSED] - delay(tiempo): Delayed 2 second(s)

2023-03-23 12:34:06 - [MESSAGE][PASSED] - Delayed 2 second(s)

2023-03-23 12:34:06 - [TEST_STEP][PASSED] - click(findTestObject("Object Repository/Carga_Archivo/Page_Upload a File/input_What type is it_filetype")): Object: 'Object Repository/Carga_Archivo/Page_Upload a File/input_What type is it_filetype' is clicked on

2023-03-23 12:34:08 - [MESSAGE][PASSED] - Object: 'Object Repository/Carga_Archivo/Page_Upload a File/input_What type is it_filetype' is clicked on

2023-03-23 12:34:08 - [TEST_STEP][PASSED] - click(findTestObject("Object Repository/Carga_Archivo/Page_Upload a File/input_A General File_upload")): Object: 'Object Repository/Carga_Archivo/Page_Upload a File/input_A General File_upload' is clicked on

2023-03-23 12:34:11 - [MESSAGE][PASSED] - Object: 'Object Repository/Carga_Archivo/Page_Upload a File/input_A General File_upload' is clicked on

2023-03-23 12:34:11 - [TEST_STEP][PASSED] - delay(tiempo): Delayed 2 second(s)

2023-03-23 12:34:13 - [MESSAGE][PASSED] - Delayed 2 second(s)

2023-03-23 12:34:13 - [TEST_STEP][PASSED] - verifyElementText(findTestObject("Carga_Archivo/Page_Upload a File/ArchivoCargado"), "You uploaded this image:"): Actual text and expected text of test object 'Object Repository/Carga_Archivo/Page_Upload a File/ArchivoCargado' are matched.

2023-03-23 12:34:14 - [MESSAGE][PASSED] - Actual text and expected text of test object 'Object Repository/Carga_Archivo/Page_Upload a File/ArchivoCargado' are matched.

2023-03-23 12:34:14 - [TEST_STEP][PASSED] - delay(tiempo): Delayed 2 second(s)

2023-03-23 12:34:16 - [MESSAGE][PASSED] - Delayed 2 second(s)

2023-03-23 12:34:16 - [TEST_STEP][PASSED] - closeBrowser(): Browser is closed

2023-03-23 12:34:17 - [MESSAGE][PASSED] - Browser is closed]]></system-out>
         <system-err><![CDATA[]]></system-err>
      </testcase>
      <testcase name="Test Cases/Focus/Focus" time="18.897" classname="Test Cases/Focus/Focus" status="PASSED">
         <system-out><![CDATA[2023-03-23 12:34:17 - [TEST_CASE][PASSED] - Test Cases/Focus/Focus: Test Cases/Focus/Focus

2023-03-23 12:34:17 - [TEST_STEP][PASSED] - openBrowser(""): Browser is opened with url: ''

2023-03-23 12:34:17 - [MESSAGE][INFO] - Starting 'Chrome' driver

2023-03-23 12:34:17 - [MESSAGE][INFO] - Action delay is set to 0 milliseconds

2023-03-23 12:34:19 - [MESSAGE][PASSED] - Browser is opened with url: ''

2023-03-23 12:34:19 - [TEST_STEP][PASSED] - navigateToUrl("https://demoqa.com/automation-practice-form"): Navigate to 'https://demoqa.com/automation-practice-form' successfully

2023-03-23 12:34:25 - [MESSAGE][PASSED] - Navigate to 'https://demoqa.com/automation-practice-form' successfully

2023-03-23 12:34:25 - [TEST_STEP][PASSED] - waitForPageLoad(30): Wait for page load successfully

2023-03-23 12:34:25 - [MESSAGE][PASSED] - Wait for page load successfully

2023-03-23 12:34:25 - [TEST_STEP][PASSED] - maximizeWindow(): Current window maximized

2023-03-23 12:34:26 - [MESSAGE][PASSED] - Current window maximized

2023-03-23 12:34:26 - [TEST_STEP][PASSED] - focus(findTestObject("Focus/nombre")): Object: 'Object Repository/Focus/nombre' is focused

2023-03-23 12:34:26 - [MESSAGE][PASSED] - Object: 'Object Repository/Focus/nombre' is focused

2023-03-23 12:34:26 - [TEST_STEP][PASSED] - delay(3): Delayed 3 second(s)

2023-03-23 12:34:29 - [MESSAGE][PASSED] - Delayed 3 second(s)

2023-03-23 12:34:29 - [TEST_STEP][PASSED] - focus(findTestObject("Focus/apellido")): Object: 'Object Repository/Focus/apellido' is focused

2023-03-23 12:34:30 - [MESSAGE][PASSED] - Object: 'Object Repository/Focus/apellido' is focused

2023-03-23 12:34:30 - [TEST_STEP][PASSED] - delay(5): Delayed 5 second(s)

2023-03-23 12:34:35 - [MESSAGE][PASSED] - Delayed 5 second(s)

2023-03-23 12:34:35 - [TEST_STEP][PASSED] - closeBrowser(): Browser is closed

2023-03-23 12:34:36 - [MESSAGE][PASSED] - Browser is closed]]></system-out>
         <system-err><![CDATA[]]></system-err>
      </testcase>
      <testcase name="Test Cases/Google/Test_1" time="10.395" classname="Test Cases/Google/Test_1" status="PASSED">
         <system-out><![CDATA[2023-03-23 12:34:36 - [TEST_CASE][PASSED] - Test Cases/Google/Test_1: Test Cases/Google/Test_1

2023-03-23 12:34:36 - [TEST_STEP][PASSED] - openBrowser(""): Browser is opened with url: ''

2023-03-23 12:34:36 - [MESSAGE][INFO] - Starting 'Chrome' driver

2023-03-23 12:34:36 - [MESSAGE][INFO] - Action delay is set to 0 milliseconds

2023-03-23 12:34:37 - [MESSAGE][PASSED] - Browser is opened with url: ''

2023-03-23 12:34:37 - [TEST_STEP][PASSED] - navigateToUrl("https://www.google.com/"): Navigate to 'https://www.google.com/' successfully

2023-03-23 12:34:38 - [MESSAGE][PASSED] - Navigate to 'https://www.google.com/' successfully

2023-03-23 12:34:38 - [TEST_STEP][PASSED] - waitForPageLoad(30): Wait for page load successfully

2023-03-23 12:34:38 - [MESSAGE][PASSED] - Wait for page load successfully

2023-03-23 12:34:38 - [TEST_STEP][PASSED] - maximizeWindow(): Current window maximized

2023-03-23 12:34:38 - [MESSAGE][PASSED] - Current window maximized

2023-03-23 12:34:38 - [TEST_STEP][PASSED] - setText(findTestObject("Google/Buscador_google"), "ferr"): Text 'ferr' is set on object 'Object Repository/Google/Buscador_google'

2023-03-23 12:34:40 - [MESSAGE][PASSED] - Text 'ferr' is set on object 'Object Repository/Google/Buscador_google'

2023-03-23 12:34:40 - [TEST_STEP][PASSED] - waitForElementVisible(findTestObject("Google/Ferrari"), 5): Object 'Object Repository/Google/Ferrari' is visible

2023-03-23 12:34:41 - [MESSAGE][PASSED] - Object 'Object Repository/Google/Ferrari' is visible

2023-03-23 12:34:41 - [TEST_STEP][PASSED] - click(findTestObject("Google/Ferrari")): Object: 'Object Repository/Google/Ferrari' is clicked on

2023-03-23 12:34:43 - [MESSAGE][PASSED] - Object: 'Object Repository/Google/Ferrari' is clicked on

2023-03-23 12:34:43 - [TEST_STEP][PASSED] - delay(2): Delayed 2 second(s)

2023-03-23 12:34:45 - [MESSAGE][PASSED] - Delayed 2 second(s)

2023-03-23 12:34:45 - [TEST_STEP][PASSED] - closeBrowser(): Browser is closed

2023-03-23 12:34:46 - [MESSAGE][PASSED] - Browser is closed]]></system-out>
         <system-err><![CDATA[]]></system-err>
      </testcase>
      <testcase name="Test Cases/Mouse_doble_click/Test_1" time="13.03" classname="Test Cases/Mouse_doble_click/Test_1" status="PASSED">
         <system-out><![CDATA[2023-03-23 12:34:46 - [TEST_CASE][PASSED] - Test Cases/Mouse_doble_click/Test_1: Test Cases/Mouse_doble_click/Test_1

2023-03-23 12:34:46 - [TEST_STEP][PASSED] - openBrowser(""): Browser is opened with url: ''

2023-03-23 12:34:46 - [MESSAGE][INFO] - Starting 'Chrome' driver

2023-03-23 12:34:46 - [MESSAGE][INFO] - Action delay is set to 0 milliseconds

2023-03-23 12:34:48 - [MESSAGE][PASSED] - Browser is opened with url: ''

2023-03-23 12:34:48 - [TEST_STEP][PASSED] - navigateToUrl("https://demos.telerik.com/aspnet-ajax/treeview/examples/overview/defaultcs.aspx"): Navigate to 'https://demos.telerik.com/aspnet-ajax/treeview/examples/overview/defaultcs.aspx' successfully

2023-03-23 12:34:51 - [MESSAGE][PASSED] - Navigate to 'https://demos.telerik.com/aspnet-ajax/treeview/examples/overview/defaultcs.aspx' successfully

2023-03-23 12:34:51 - [TEST_STEP][PASSED] - maximizeWindow(): Current window maximized

2023-03-23 12:34:51 - [MESSAGE][PASSED] - Current window maximized

2023-03-23 12:34:51 - [TEST_STEP][PASSED] - waitForPageLoad(30): Wait for page load successfully

2023-03-23 12:34:51 - [MESSAGE][PASSED] - Wait for page load successfully

2023-03-23 12:34:51 - [TEST_STEP][PASSED] - scrollToPosition(0, 150): Browser is scrolled to position x = 0, y = 150

2023-03-23 12:34:51 - [MESSAGE][PASSED] - Browser is scrolled to position x = 0, y = 150

2023-03-23 12:34:51 - [TEST_STEP][PASSED] - click(findTestObject("Double_click/Page_Telerik Web UI TreeView WebForms TreeV_78f562/span_Island")): Object: 'Object Repository/Double_click/Page_Telerik Web UI TreeView WebForms TreeV_78f562/span_Island' is clicked on

2023-03-23 12:34:56 - [MESSAGE][PASSED] - Object: 'Object Repository/Double_click/Page_Telerik Web UI TreeView WebForms TreeV_78f562/span_Island' is clicked on

2023-03-23 12:34:56 - [TEST_STEP][PASSED] - waitForElementClickable(findTestObject("Double_click/Page_Telerik Web UI TreeView WebForms TreeV_78f562/span_Island"), 5): Object 'Object Repository/Double_click/Page_Telerik Web UI TreeView WebForms TreeV_78f562/span_Island' is clickable

2023-03-23 12:34:58 - [MESSAGE][PASSED] - Object 'Object Repository/Double_click/Page_Telerik Web UI TreeView WebForms TreeV_78f562/span_Island' is clickable

2023-03-23 12:34:58 - [TEST_STEP][PASSED] - doubleClick(findTestObject("Object Repository/Double_click/Page_Telerik Web UI TreeView WebForms TreeV_78f562/span_Island")): Object: 'Object Repository/Double_click/Page_Telerik Web UI TreeView WebForms TreeV_78f562/span_Island' is double clicked on

2023-03-23 12:34:58 - [MESSAGE][PASSED] - Object: 'Object Repository/Double_click/Page_Telerik Web UI TreeView WebForms TreeV_78f562/span_Island' is double clicked on

2023-03-23 12:34:58 - [TEST_STEP][PASSED] - closeBrowser(): Browser is closed

2023-03-23 12:34:59 - [MESSAGE][PASSED] - Browser is closed]]></system-out>
         <system-err><![CDATA[]]></system-err>
      </testcase>
      <system-out><![CDATA[2023-03-23 12:33:54 - [TEST_SUITE][PASSED] - Test_Suite_1: Test Cases/Mouse_doble_click/Test_1]]></system-out>
      <system-err><![CDATA[]]></system-err>
   </testsuite>
</testsuites>
