<?xml version="1.0" encoding="UTF-8"?>
<testsuites name="Integracion 1" time="82.911" tests="7" failures="0" errors="0">
   <testsuite name="Integracion 1" tests="7" failures="0" errors="0" time="82.911" skipped="0" timestamp="2023-04-10 15:27:14" hostname="NTK0999$ - 192.168.0.7" id="Test Suites/Integracion 1">
      <properties>
         <property name="deviceName" value=""/>
         <property name="devicePlatform" value=""/>
         <property name="logFolder" value="C:\\Katalon\\Proyectos\\Proyecto_Uno\\Reports\\20230410_152658\\Integracion 1\\20230410_152704"/>
         <property name="logFiles" value="C:\\Katalon\\Proyectos\\Proyecto_Uno\\Reports\\20230410_152658\\Integracion 1\\20230410_152704\\execution0.log"/>
         <property name="attachments" value=""/>
         <property name="hostName" value="NTK0999$ - 192.168.0.7"/>
         <property name="os" value="Windows 10 64bit"/>
         <property name="katalonVersion" value="8.6.0.208"/>
         <property name="browser" value="Chrome 111.0.0.0"/>
         <property name="hostAddress" value="192.168.0.7"/>
         <property name="sessionId" value="dbcaef675d828664741a7eb7139c72c4"/>
         <property name="seleniumVersion" value="3.141.59"/>
         <property name="proxyInformation" value="ProxyInformation { proxyOption=NO_PROXY, proxyServerType=HTTP, username=, password=********, proxyServerAddress=, proxyServerPort=0, executionList=&quot;&quot;, isApplyToDesiredCapabilities=true }"/>
         <property name="platform" value="Windows 10"/>
      </properties>
      <testcase name="Test Cases/Bucles/Reto_Bucle_1 - Solucion 2" time="37.096" classname="Test Cases/Bucles/Reto_Bucle_1 - Solucion 2" status="PASSED">
         <system-out><![CDATA[2023-04-10 15:27:14 - [TEST_CASE][PASSED] - Test Cases/Bucles/Reto_Bucle_1 - Solucion 2: Test Cases/Bucles/Reto_Bucle_1 - Solucion 2

2023-04-10 15:27:15 - [TEST_STEP][PASSED] - openBrowser(""): Browser is opened with url: ''

2023-04-10 15:27:15 - [MESSAGE][INFO] - Starting 'Chrome' driver

2023-04-10 15:27:15 - [MESSAGE][INFO] - Action delay is set to 0 milliseconds

2023-04-10 15:27:21 - [MESSAGE][PASSED] - Browser is opened with url: ''

2023-04-10 15:27:21 - [TEST_STEP][PASSED] - navigateToUrl("https://demoqa.com/text-box"): Navigate to 'https://demoqa.com/text-box' successfully

2023-04-10 15:27:26 - [MESSAGE][PASSED] - Navigate to 'https://demoqa.com/text-box' successfully

2023-04-10 15:27:26 - [TEST_STEP][PASSED] - maximizeWindow(): Current window maximized

2023-04-10 15:27:26 - [MESSAGE][PASSED] - Current window maximized

2023-04-10 15:27:26 - [TEST_STEP][PASSED] - waitForPageLoad(30): Wait for page load successfully

2023-04-10 15:27:27 - [MESSAGE][PASSED] - Wait for page load successfully

2023-04-10 15:27:27 - [TEST_STEP][PASSED] - for ([i = 1, i <= 3, (i++)]): Delayed 3 second(s)

2023-04-10 15:27:27 - [TEST_STEP][PASSED] - num = Math.random() * 1000: null

2023-04-10 15:27:27 - [TEST_STEP][PASSED] - z = ["Juan", "Pablo", "Rodrigo", "Cruz"]: null

2023-04-10 15:27:27 - [TEST_STEP][PASSED] - nom = new java.util.Random(): null

2023-04-10 15:27:27 - [TEST_STEP][PASSED] - tx_nombre = z[nom.nextInt(size)]: null

2023-04-10 15:27:27 - [TEST_STEP][PASSED] - setText(findTestObject("Bucles/Page_DEMOQA/Page_DEMOQA/input_Full Name_userName"), tx_nombre): Text 'Cruz' is set on object 'Object Repository/Bucles/Page_DEMOQA/Page_DEMOQA/input_Full Name_userName'

2023-04-10 15:27:28 - [MESSAGE][PASSED] - Text 'Cruz' is set on object 'Object Repository/Bucles/Page_DEMOQA/Page_DEMOQA/input_Full Name_userName'

2023-04-10 15:27:28 - [TEST_STEP][PASSED] - setText(findTestObject("Bucles/Page_DEMOQA/Page_DEMOQA/input_Email_userEmail"), tx_nombre + "@gmail.com"): Text 'Cruz@gmail.com' is set on object 'Object Repository/Bucles/Page_DEMOQA/Page_DEMOQA/input_Email_userEmail'

2023-04-10 15:27:29 - [MESSAGE][PASSED] - Text 'Cruz@gmail.com' is set on object 'Object Repository/Bucles/Page_DEMOQA/Page_DEMOQA/input_Email_userEmail'

2023-04-10 15:27:29 - [TEST_STEP][PASSED] - setText(findTestObject("Bucles/Page_DEMOQA/Page_DEMOQA/textarea_Current Address_currentAddress"), "Pasaje San Luis" + num): Text 'Pasaje San Luis198' is set on object 'Object Repository/Bucles/Page_DEMOQA/Page_DEMOQA/textarea_Current Address_currentAddress'

2023-04-10 15:27:30 - [MESSAGE][PASSED] - Text 'Pasaje San Luis198' is set on object 'Object Repository/Bucles/Page_DEMOQA/Page_DEMOQA/textarea_Current Address_currentAddress'

2023-04-10 15:27:30 - [TEST_STEP][PASSED] - setText(findTestObject("Bucles/Page_DEMOQA/Page_DEMOQA/textarea_Permanent Address_permanentAddress"), "Bario Terminal Casa" + num): Text 'Bario Terminal Casa198' is set on object 'Object Repository/Bucles/Page_DEMOQA/Page_DEMOQA/textarea_Permanent Address_permanentAddress'

2023-04-10 15:27:30 - [MESSAGE][PASSED] - Text 'Bario Terminal Casa198' is set on object 'Object Repository/Bucles/Page_DEMOQA/Page_DEMOQA/textarea_Permanent Address_permanentAddress'

2023-04-10 15:27:30 - [TEST_STEP][PASSED] - scrollToElement(findTestObject("Bucles/Page_DEMOQA/button_Submit"), 3): Scroll to object 'Object Repository/Bucles/Page_DEMOQA/button_Submit' successfully

2023-04-10 15:27:31 - [MESSAGE][PASSED] - Scroll to object 'Object Repository/Bucles/Page_DEMOQA/button_Submit' successfully

2023-04-10 15:27:31 - [TEST_STEP][PASSED] - click(findTestObject("Object Repository/Bucles/Page_DEMOQA/button_Submit")): Object: 'Object Repository/Bucles/Page_DEMOQA/button_Submit' is clicked on

2023-04-10 15:27:31 - [MESSAGE][PASSED] - Object: 'Object Repository/Bucles/Page_DEMOQA/button_Submit' is clicked on

2023-04-10 15:27:31 - [TEST_STEP][PASSED] - scrollToElement(findTestObject("Object Repository/Bucles/Page_DEMOQA/Page_DEMOQA/input_Full Name_userName"), 3): Scroll to object 'Object Repository/Bucles/Page_DEMOQA/Page_DEMOQA/input_Full Name_userName' successfully

2023-04-10 15:27:32 - [MESSAGE][PASSED] - Scroll to object 'Object Repository/Bucles/Page_DEMOQA/Page_DEMOQA/input_Full Name_userName' successfully

2023-04-10 15:27:32 - [TEST_STEP][PASSED] - delay(3): Delayed 3 second(s)

2023-04-10 15:27:35 - [MESSAGE][PASSED] - Delayed 3 second(s)

2023-04-10 15:27:35 - [TEST_STEP][PASSED] - num = Math.random() * 1000: null

2023-04-10 15:27:35 - [TEST_STEP][PASSED] - z = ["Juan", "Pablo", "Rodrigo", "Cruz"]: null

2023-04-10 15:27:35 - [TEST_STEP][PASSED] - nom = new java.util.Random(): null

2023-04-10 15:27:35 - [TEST_STEP][PASSED] - tx_nombre = z[nom.nextInt(size)]: null

2023-04-10 15:27:35 - [TEST_STEP][PASSED] - setText(findTestObject("Bucles/Page_DEMOQA/Page_DEMOQA/input_Full Name_userName"), tx_nombre): Text 'Pablo' is set on object 'Object Repository/Bucles/Page_DEMOQA/Page_DEMOQA/input_Full Name_userName'

2023-04-10 15:27:35 - [MESSAGE][PASSED] - Text 'Pablo' is set on object 'Object Repository/Bucles/Page_DEMOQA/Page_DEMOQA/input_Full Name_userName'

2023-04-10 15:27:35 - [TEST_STEP][PASSED] - setText(findTestObject("Bucles/Page_DEMOQA/Page_DEMOQA/input_Email_userEmail"), tx_nombre + "@gmail.com"): Text 'Pablo@gmail.com' is set on object 'Object Repository/Bucles/Page_DEMOQA/Page_DEMOQA/input_Email_userEmail'

2023-04-10 15:27:36 - [MESSAGE][PASSED] - Text 'Pablo@gmail.com' is set on object 'Object Repository/Bucles/Page_DEMOQA/Page_DEMOQA/input_Email_userEmail'

2023-04-10 15:27:36 - [TEST_STEP][PASSED] - setText(findTestObject("Bucles/Page_DEMOQA/Page_DEMOQA/textarea_Current Address_currentAddress"), "Pasaje San Luis" + num): Text 'Pasaje San Luis700' is set on object 'Object Repository/Bucles/Page_DEMOQA/Page_DEMOQA/textarea_Current Address_currentAddress'

2023-04-10 15:27:37 - [MESSAGE][PASSED] - Text 'Pasaje San Luis700' is set on object 'Object Repository/Bucles/Page_DEMOQA/Page_DEMOQA/textarea_Current Address_currentAddress'

2023-04-10 15:27:37 - [TEST_STEP][PASSED] - setText(findTestObject("Bucles/Page_DEMOQA/Page_DEMOQA/textarea_Permanent Address_permanentAddress"), "Bario Terminal Casa" + num): Text 'Bario Terminal Casa700' is set on object 'Object Repository/Bucles/Page_DEMOQA/Page_DEMOQA/textarea_Permanent Address_permanentAddress'

2023-04-10 15:27:37 - [MESSAGE][PASSED] - Text 'Bario Terminal Casa700' is set on object 'Object Repository/Bucles/Page_DEMOQA/Page_DEMOQA/textarea_Permanent Address_permanentAddress'

2023-04-10 15:27:37 - [TEST_STEP][PASSED] - scrollToElement(findTestObject("Bucles/Page_DEMOQA/button_Submit"), 3): Scroll to object 'Object Repository/Bucles/Page_DEMOQA/button_Submit' successfully

2023-04-10 15:27:38 - [MESSAGE][PASSED] - Scroll to object 'Object Repository/Bucles/Page_DEMOQA/button_Submit' successfully

2023-04-10 15:27:38 - [TEST_STEP][PASSED] - click(findTestObject("Object Repository/Bucles/Page_DEMOQA/button_Submit")): Object: 'Object Repository/Bucles/Page_DEMOQA/button_Submit' is clicked on

2023-04-10 15:27:38 - [MESSAGE][PASSED] - Object: 'Object Repository/Bucles/Page_DEMOQA/button_Submit' is clicked on

2023-04-10 15:27:38 - [TEST_STEP][PASSED] - scrollToElement(findTestObject("Object Repository/Bucles/Page_DEMOQA/Page_DEMOQA/input_Full Name_userName"), 3): Scroll to object 'Object Repository/Bucles/Page_DEMOQA/Page_DEMOQA/input_Full Name_userName' successfully

2023-04-10 15:27:39 - [MESSAGE][PASSED] - Scroll to object 'Object Repository/Bucles/Page_DEMOQA/Page_DEMOQA/input_Full Name_userName' successfully

2023-04-10 15:27:39 - [TEST_STEP][PASSED] - delay(3): Delayed 3 second(s)

2023-04-10 15:27:42 - [MESSAGE][PASSED] - Delayed 3 second(s)

2023-04-10 15:27:42 - [TEST_STEP][PASSED] - num = Math.random() * 1000: null

2023-04-10 15:27:42 - [TEST_STEP][PASSED] - z = ["Juan", "Pablo", "Rodrigo", "Cruz"]: null

2023-04-10 15:27:42 - [TEST_STEP][PASSED] - nom = new java.util.Random(): null

2023-04-10 15:27:42 - [TEST_STEP][PASSED] - tx_nombre = z[nom.nextInt(size)]: null

2023-04-10 15:27:42 - [TEST_STEP][PASSED] - setText(findTestObject("Bucles/Page_DEMOQA/Page_DEMOQA/input_Full Name_userName"), tx_nombre): Text 'Pablo' is set on object 'Object Repository/Bucles/Page_DEMOQA/Page_DEMOQA/input_Full Name_userName'

2023-04-10 15:27:42 - [MESSAGE][PASSED] - Text 'Pablo' is set on object 'Object Repository/Bucles/Page_DEMOQA/Page_DEMOQA/input_Full Name_userName'

2023-04-10 15:27:42 - [TEST_STEP][PASSED] - setText(findTestObject("Bucles/Page_DEMOQA/Page_DEMOQA/input_Email_userEmail"), tx_nombre + "@gmail.com"): Text 'Pablo@gmail.com' is set on object 'Object Repository/Bucles/Page_DEMOQA/Page_DEMOQA/input_Email_userEmail'

2023-04-10 15:27:43 - [MESSAGE][PASSED] - Text 'Pablo@gmail.com' is set on object 'Object Repository/Bucles/Page_DEMOQA/Page_DEMOQA/input_Email_userEmail'

2023-04-10 15:27:43 - [TEST_STEP][PASSED] - setText(findTestObject("Bucles/Page_DEMOQA/Page_DEMOQA/textarea_Current Address_currentAddress"), "Pasaje San Luis" + num): Text 'Pasaje San Luis937' is set on object 'Object Repository/Bucles/Page_DEMOQA/Page_DEMOQA/textarea_Current Address_currentAddress'

2023-04-10 15:27:44 - [MESSAGE][PASSED] - Text 'Pasaje San Luis937' is set on object 'Object Repository/Bucles/Page_DEMOQA/Page_DEMOQA/textarea_Current Address_currentAddress'

2023-04-10 15:27:44 - [TEST_STEP][PASSED] - setText(findTestObject("Bucles/Page_DEMOQA/Page_DEMOQA/textarea_Permanent Address_permanentAddress"), "Bario Terminal Casa" + num): Text 'Bario Terminal Casa937' is set on object 'Object Repository/Bucles/Page_DEMOQA/Page_DEMOQA/textarea_Permanent Address_permanentAddress'

2023-04-10 15:27:44 - [MESSAGE][PASSED] - Text 'Bario Terminal Casa937' is set on object 'Object Repository/Bucles/Page_DEMOQA/Page_DEMOQA/textarea_Permanent Address_permanentAddress'

2023-04-10 15:27:44 - [TEST_STEP][PASSED] - scrollToElement(findTestObject("Bucles/Page_DEMOQA/button_Submit"), 3): Scroll to object 'Object Repository/Bucles/Page_DEMOQA/button_Submit' successfully

2023-04-10 15:27:45 - [MESSAGE][PASSED] - Scroll to object 'Object Repository/Bucles/Page_DEMOQA/button_Submit' successfully

2023-04-10 15:27:45 - [TEST_STEP][PASSED] - click(findTestObject("Object Repository/Bucles/Page_DEMOQA/button_Submit")): Object: 'Object Repository/Bucles/Page_DEMOQA/button_Submit' is clicked on

2023-04-10 15:27:45 - [MESSAGE][PASSED] - Object: 'Object Repository/Bucles/Page_DEMOQA/button_Submit' is clicked on

2023-04-10 15:27:45 - [TEST_STEP][PASSED] - scrollToElement(findTestObject("Object Repository/Bucles/Page_DEMOQA/Page_DEMOQA/input_Full Name_userName"), 3): Scroll to object 'Object Repository/Bucles/Page_DEMOQA/Page_DEMOQA/input_Full Name_userName' successfully

2023-04-10 15:27:45 - [MESSAGE][PASSED] - Scroll to object 'Object Repository/Bucles/Page_DEMOQA/Page_DEMOQA/input_Full Name_userName' successfully

2023-04-10 15:27:45 - [TEST_STEP][PASSED] - delay(3): Delayed 3 second(s)

2023-04-10 15:27:48 - [MESSAGE][PASSED] - Delayed 3 second(s)

2023-04-10 15:27:48 - [TEST_STEP][PASSED] - closeBrowser(): Browser is closed

2023-04-10 15:27:49 - [MESSAGE][PASSED] - Browser is closed

2023-04-10 15:27:51 - [TEST_STEP][PASSED] - Video: Video recording for test case 'Test Cases/Bucles/Reto_Bucle_1 - Solucion 2' .

2023-04-10 15:27:51 - [MESSAGE][INFO] - Video recording for test case 'Test Cases/Bucles/Reto_Bucle_1 - Solucion 2' .]]></system-out>
         <system-err><![CDATA[]]></system-err>
      </testcase>
      <testcase name="Test Cases/Bucles/Test_While" time="24.333" classname="Test Cases/Bucles/Test_While" status="PASSED">
         <system-out><![CDATA[2023-04-10 15:27:52 - [TEST_CASE][PASSED] - Test Cases/Bucles/Test_While: Test Cases/Bucles/Test_While

2023-04-10 15:27:52 - [TEST_STEP][PASSED] - openBrowser(""): Browser is opened with url: ''

2023-04-10 15:27:52 - [MESSAGE][INFO] - Starting 'Chrome' driver

2023-04-10 15:27:52 - [MESSAGE][INFO] - Action delay is set to 0 milliseconds

2023-04-10 15:27:53 - [MESSAGE][PASSED] - Browser is opened with url: ''

2023-04-10 15:27:53 - [TEST_STEP][PASSED] - navigateToUrl("https://www.google.com/"): Navigate to 'https://www.google.com/' successfully

2023-04-10 15:27:54 - [MESSAGE][PASSED] - Navigate to 'https://www.google.com/' successfully

2023-04-10 15:27:54 - [TEST_STEP][PASSED] - maximizeWindow(): Current window maximized

2023-04-10 15:27:54 - [MESSAGE][PASSED] - Current window maximized

2023-04-10 15:27:54 - [TEST_STEP][PASSED] - waitForPageLoad(30): Wait for page load successfully

2023-04-10 15:27:54 - [MESSAGE][PASSED] - Wait for page load successfully

2023-04-10 15:27:54 - [TEST_STEP][PASSED] - res = 0: null

2023-04-10 15:27:54 - [TEST_STEP][PASSED] - while (res != 8): Text of object 'Object Repository/While/resultado' is: '8'

2023-04-10 15:27:54 - [TEST_STEP][PASSED] - num = Math.random() * 5 - 1 + 1: null

2023-04-10 15:27:54 - [TEST_STEP][PASSED] - setText(findTestObject("Object Repository/While/Page_Google/input__q"), "5 +" + num): Text '5 +4' is set on object 'Object Repository/While/Page_Google/input__q'

2023-04-10 15:27:55 - [MESSAGE][PASSED] - Text '5 +4' is set on object 'Object Repository/While/Page_Google/input__q'

2023-04-10 15:27:55 - [TEST_STEP][PASSED] - sendKeys(findTestObject("Object Repository/While/Page_Google/input__q"), Keys.chord(ENTER)): Keys 'ENTER + ' sent to object: 'Object Repository/While/Page_Google/input__q'

2023-04-10 15:27:59 - [MESSAGE][PASSED] - Keys 'ENTER + ' sent to object: 'Object Repository/While/Page_Google/input__q'

2023-04-10 15:27:59 - [TEST_STEP][PASSED] - res = getText(findTestObject("While/resultado")).toInteger(): Text of object 'Object Repository/While/resultado' is: '9'

2023-04-10 15:28:00 - [MESSAGE][PASSED] - Text of object 'Object Repository/While/resultado' is: '9'

2023-04-10 15:28:00 - [TEST_STEP][PASSED] - num = Math.random() * 5 - 1 + 1: null

2023-04-10 15:28:00 - [TEST_STEP][PASSED] - setText(findTestObject("Object Repository/While/Page_Google/input__q"), "5 +" + num): Text '5 +4' is set on object 'Object Repository/While/Page_Google/input__q'

2023-04-10 15:28:01 - [MESSAGE][PASSED] - Text '5 +4' is set on object 'Object Repository/While/Page_Google/input__q'

2023-04-10 15:28:01 - [TEST_STEP][PASSED] - sendKeys(findTestObject("Object Repository/While/Page_Google/input__q"), Keys.chord(ENTER)): Keys 'ENTER + ' sent to object: 'Object Repository/While/Page_Google/input__q'

2023-04-10 15:28:05 - [MESSAGE][PASSED] - Keys 'ENTER + ' sent to object: 'Object Repository/While/Page_Google/input__q'

2023-04-10 15:28:05 - [TEST_STEP][PASSED] - res = getText(findTestObject("While/resultado")).toInteger(): Text of object 'Object Repository/While/resultado' is: '9'

2023-04-10 15:28:06 - [MESSAGE][PASSED] - Text of object 'Object Repository/While/resultado' is: '9'

2023-04-10 15:28:06 - [TEST_STEP][PASSED] - num = Math.random() * 5 - 1 + 1: null

2023-04-10 15:28:06 - [TEST_STEP][PASSED] - setText(findTestObject("Object Repository/While/Page_Google/input__q"), "5 +" + num): Text '5 +4' is set on object 'Object Repository/While/Page_Google/input__q'

2023-04-10 15:28:06 - [MESSAGE][PASSED] - Text '5 +4' is set on object 'Object Repository/While/Page_Google/input__q'

2023-04-10 15:28:06 - [TEST_STEP][PASSED] - sendKeys(findTestObject("Object Repository/While/Page_Google/input__q"), Keys.chord(ENTER)): Keys 'ENTER + ' sent to object: 'Object Repository/While/Page_Google/input__q'

2023-04-10 15:28:08 - [MESSAGE][PASSED] - Keys 'ENTER + ' sent to object: 'Object Repository/While/Page_Google/input__q'

2023-04-10 15:28:08 - [TEST_STEP][PASSED] - res = getText(findTestObject("While/resultado")).toInteger(): Text of object 'Object Repository/While/resultado' is: '9'

2023-04-10 15:28:09 - [MESSAGE][PASSED] - Text of object 'Object Repository/While/resultado' is: '9'

2023-04-10 15:28:09 - [TEST_STEP][PASSED] - num = Math.random() * 5 - 1 + 1: null

2023-04-10 15:28:09 - [TEST_STEP][PASSED] - setText(findTestObject("Object Repository/While/Page_Google/input__q"), "5 +" + num): Text '5 +3' is set on object 'Object Repository/While/Page_Google/input__q'

2023-04-10 15:28:10 - [MESSAGE][PASSED] - Text '5 +3' is set on object 'Object Repository/While/Page_Google/input__q'

2023-04-10 15:28:10 - [TEST_STEP][PASSED] - sendKeys(findTestObject("Object Repository/While/Page_Google/input__q"), Keys.chord(ENTER)): Keys 'ENTER + ' sent to object: 'Object Repository/While/Page_Google/input__q'

2023-04-10 15:28:12 - [MESSAGE][PASSED] - Keys 'ENTER + ' sent to object: 'Object Repository/While/Page_Google/input__q'

2023-04-10 15:28:12 - [TEST_STEP][PASSED] - res = getText(findTestObject("While/resultado")).toInteger(): Text of object 'Object Repository/While/resultado' is: '8'

2023-04-10 15:28:13 - [MESSAGE][PASSED] - Text of object 'Object Repository/While/resultado' is: '8'

2023-04-10 15:28:13 - [TEST_STEP][PASSED] - closeBrowser(): Browser is closed

2023-04-10 15:28:14 - [MESSAGE][PASSED] - Browser is closed

2023-04-10 15:28:16 - [TEST_STEP][PASSED] - Video: Video recording for test case 'Test Cases/Bucles/Test_While' .

2023-04-10 15:28:16 - [MESSAGE][INFO] - Video recording for test case 'Test Cases/Bucles/Test_While' .]]></system-out>
         <system-err><![CDATA[]]></system-err>
      </testcase>
      <testcase name="Test Cases/Condicionales/Test_1" time="2.368" classname="Test Cases/Condicionales/Test_1" status="PASSED">
         <system-out><![CDATA[2023-04-10 15:28:16 - [TEST_CASE][PASSED] - Test Cases/Condicionales/Test_1: Test Cases/Condicionales/Test_1

2023-04-10 15:28:16 - [TEST_STEP][PASSED] - if (num == 5): null

2023-04-10 15:28:16 - [TEST_STEP][PASSED] - if (num == 10): null

2023-04-10 15:28:16 - [TEST_STEP][PASSED] - println("El valor de la variable es un: 10"): null

2023-04-10 15:28:18 - [TEST_STEP][PASSED] - Video: Video recording for test case 'Test Cases/Condicionales/Test_1' .

2023-04-10 15:28:18 - [MESSAGE][INFO] - Video recording for test case 'Test Cases/Condicionales/Test_1' .]]></system-out>
         <system-err><![CDATA[]]></system-err>
      </testcase>
      <testcase name="Test Cases/Condicionales/Test_2" time="2.274" classname="Test Cases/Condicionales/Test_2" status="PASSED">
         <system-out><![CDATA[2023-04-10 15:28:18 - [TEST_CASE][PASSED] - Test Cases/Condicionales/Test_2: Test Cases/Condicionales/Test_2

2023-04-10 15:28:19 - [TEST_STEP][PASSED] - if (nombre == "Juan"): null

2023-04-10 15:28:19 - [TEST_STEP][PASSED] - println("Tu nombre es Juan"): null

2023-04-10 15:28:19 - [TEST_STEP][PASSED] - if (nombre == "JUan"): null

2023-04-10 15:28:19 - [TEST_STEP][PASSED] - if (nombre == "jUan"): null

2023-04-10 15:28:21 - [TEST_STEP][PASSED] - Video: Video recording for test case 'Test Cases/Condicionales/Test_2' .

2023-04-10 15:28:21 - [MESSAGE][INFO] - Video recording for test case 'Test Cases/Condicionales/Test_2' .]]></system-out>
         <system-err><![CDATA[]]></system-err>
      </testcase>
      <testcase name="Test Cases/Condicionales/Test_3" time="2.22" classname="Test Cases/Condicionales/Test_3" status="PASSED">
         <system-out><![CDATA[2023-04-10 15:28:21 - [TEST_CASE][PASSED] - Test Cases/Condicionales/Test_3: Test Cases/Condicionales/Test_3

2023-04-10 15:28:21 - [TEST_STEP][PASSED] - if (num <= 5): null

2023-04-10 15:28:21 - [TEST_STEP][PASSED] - println("El numero es menor o igual que 5"): null

2023-04-10 15:28:21 - [TEST_STEP][PASSED] - if (num >= 6): null

2023-04-10 15:28:21 - [TEST_STEP][PASSED] - if (num != 8): null

2023-04-10 15:28:21 - [TEST_STEP][PASSED] - println("El numero es distinto de 8"): null

2023-04-10 15:28:21 - [TEST_STEP][PASSED] - if (nombre.equals("Pedro")): null

2023-04-10 15:28:23 - [TEST_STEP][PASSED] - Video: Video recording for test case 'Test Cases/Condicionales/Test_3' .

2023-04-10 15:28:23 - [MESSAGE][INFO] - Video recording for test case 'Test Cases/Condicionales/Test_3' .]]></system-out>
         <system-err><![CDATA[]]></system-err>
      </testcase>
      <testcase name="Test Cases/Condicionales/Test_edad" time="2.252" classname="Test Cases/Condicionales/Test_edad" status="PASSED">
         <system-out><![CDATA[2023-04-10 15:28:23 - [TEST_CASE][PASSED] - Test Cases/Condicionales/Test_edad: Test Cases/Condicionales/Test_edad

2023-04-10 15:28:23 - [TEST_STEP][PASSED] - if (edad <= 17 || edad >= 1): null

2023-04-10 15:28:23 - [TEST_STEP][PASSED] - println("Eres menor de edad tienes:" + edad): null

2023-04-10 15:28:25 - [TEST_STEP][PASSED] - Video: Video recording for test case 'Test Cases/Condicionales/Test_edad' .

2023-04-10 15:28:25 - [MESSAGE][INFO] - Video recording for test case 'Test Cases/Condicionales/Test_edad' .]]></system-out>
         <system-err><![CDATA[]]></system-err>
      </testcase>
      <testcase name="Test Cases/Google/Test_1" time="11.687" classname="Test Cases/Google/Test_1" status="PASSED">
         <system-out><![CDATA[2023-04-10 15:28:25 - [TEST_CASE][PASSED] - Test Cases/Google/Test_1: Test Cases/Google/Test_1

2023-04-10 15:28:25 - [TEST_STEP][PASSED] - openBrowser(""): Browser is opened with url: ''

2023-04-10 15:28:25 - [MESSAGE][INFO] - Starting 'Chrome' driver

2023-04-10 15:28:25 - [MESSAGE][INFO] - Action delay is set to 0 milliseconds

2023-04-10 15:28:27 - [MESSAGE][PASSED] - Browser is opened with url: ''

2023-04-10 15:28:27 - [TEST_STEP][PASSED] - navigateToUrl("https://www.google.com/"): Navigate to 'https://www.google.com/' successfully

2023-04-10 15:28:27 - [MESSAGE][PASSED] - Navigate to 'https://www.google.com/' successfully

2023-04-10 15:28:27 - [TEST_STEP][PASSED] - waitForPageLoad(30): Wait for page load successfully

2023-04-10 15:28:27 - [MESSAGE][PASSED] - Wait for page load successfully

2023-04-10 15:28:27 - [TEST_STEP][PASSED] - maximizeWindow(): Current window maximized

2023-04-10 15:28:28 - [MESSAGE][PASSED] - Current window maximized

2023-04-10 15:28:28 - [TEST_STEP][PASSED] - setText(findTestObject("Google/Buscador_google"), "ferr"): Text 'ferr' is set on object 'Object Repository/Google/Buscador_google'

2023-04-10 15:28:28 - [MESSAGE][PASSED] - Text 'ferr' is set on object 'Object Repository/Google/Buscador_google'

2023-04-10 15:28:28 - [TEST_STEP][PASSED] - waitForElementVisible(findTestObject("Google/Ferrari"), 5): Object 'Object Repository/Google/Ferrari' is visible

2023-04-10 15:28:29 - [MESSAGE][PASSED] - Object 'Object Repository/Google/Ferrari' is visible

2023-04-10 15:28:29 - [TEST_STEP][PASSED] - click(findTestObject("Google/Ferrari")): Object: 'Object Repository/Google/Ferrari' is clicked on

2023-04-10 15:28:32 - [MESSAGE][PASSED] - Object: 'Object Repository/Google/Ferrari' is clicked on

2023-04-10 15:28:32 - [TEST_STEP][PASSED] - delay(2): Delayed 2 second(s)

2023-04-10 15:28:34 - [MESSAGE][PASSED] - Delayed 2 second(s)

2023-04-10 15:28:34 - [TEST_STEP][PASSED] - closeBrowser(): Browser is closed

2023-04-10 15:28:35 - [MESSAGE][PASSED] - Browser is closed

2023-04-10 15:28:37 - [TEST_STEP][PASSED] - Video: Video recording for test case 'Test Cases/Google/Test_1' .

2023-04-10 15:28:37 - [MESSAGE][INFO] - Video recording for test case 'Test Cases/Google/Test_1' .]]></system-out>
         <system-err><![CDATA[]]></system-err>
      </testcase>
      <system-out><![CDATA[2023-04-10 15:27:14 - [TEST_SUITE][PASSED] - Integracion 1: Test Cases/Google/Test_1]]></system-out>
      <system-err><![CDATA[]]></system-err>
   </testsuite>
</testsuites>
