<?xml version="1.0" encoding="UTF-8"?>
<testsuites name="Test_Suite_Data_Excel" time="90.185" tests="5" failures="0" errors="0">
   <testsuite name="Test_Suite_Data_Excel" tests="5" failures="0" errors="0" time="90.185" skipped="0" timestamp="2023-03-23 17:41:48" hostname="admin - NTK0999" id="Test Suites/Test_Suite_Data_Excel">
      <properties>
         <property name="deviceName" value=""/>
         <property name="devicePlatform" value=""/>
         <property name="logFolder" value="C:\\Katalon\\Proyectos\\Proyecto_Uno\\Reports\\20230323_174138\\Test_Suite_Data_Excel\\20230323_174138"/>
         <property name="logFiles" value="C:\\Katalon\\Proyectos\\Proyecto_Uno\\Reports\\20230323_174138\\Test_Suite_Data_Excel\\20230323_174138\\execution0.log"/>
         <property name="attachments" value=""/>
         <property name="hostName" value="admin - NTK0999"/>
         <property name="os" value="Windows 10 64bit"/>
         <property name="katalonVersion" value="8.6.0.208"/>
         <property name="browser" value="Chrome 111.0.0.0"/>
         <property name="hostAddress" value="192.168.29.88"/>
         <property name="sessionId" value="012ea72a29d173211074c06eca46cf7b"/>
         <property name="seleniumVersion" value="3.141.59"/>
         <property name="proxyInformation" value="ProxyInformation { proxyOption=NO_PROXY, proxyServerType=HTTP, username=, password=********, proxyServerAddress=, proxyServerPort=0, executionList=&quot;&quot;, isApplyToDesiredCapabilities=true }"/>
         <property name="platform" value="Windows 10"/>
      </properties>
      <testcase name="Test Cases/Datos_Excel/Caso_Datos_Excel" time="21.937" classname="Test Cases/Datos_Excel/Caso_Datos_Excel" status="PASSED">
         <system-out><![CDATA[2023-03-23 17:41:49 - [TEST_CASE][PASSED] - Test Cases/Datos_Excel/Caso_Datos_Excel: Test Cases/Datos_Excel/Caso_Datos_Excel

2023-03-23 17:41:50 - [TEST_STEP][PASSED] - openBrowser(""): Browser is opened with url: ''

2023-03-23 17:41:51 - [MESSAGE][INFO] - Starting 'Chrome' driver

2023-03-23 17:41:51 - [MESSAGE][INFO] - Action delay is set to 0 milliseconds

2023-03-23 17:41:55 - [MESSAGE][PASSED] - Browser is opened with url: ''

2023-03-23 17:41:55 - [TEST_STEP][PASSED] - navigateToUrl("https://demoqa.com/automation-practice-form"): Navigate to 'https://demoqa.com/automation-practice-form' successfully

2023-03-23 17:42:00 - [MESSAGE][PASSED] - Navigate to 'https://demoqa.com/automation-practice-form' successfully

2023-03-23 17:42:00 - [TEST_STEP][PASSED] - waitForPageLoad(30): Wait for page load successfully

2023-03-23 17:42:00 - [MESSAGE][PASSED] - Wait for page load successfully

2023-03-23 17:42:00 - [TEST_STEP][PASSED] - maximizeWindow(): Current window maximized

2023-03-23 17:42:01 - [MESSAGE][PASSED] - Current window maximized

2023-03-23 17:42:01 - [TEST_STEP][PASSED] - setText(findTestObject("Object Repository/Data_Excel/Page_DEMOQA/input_Name_firstName"), nombre): Text 'nombre1' is set on object 'Object Repository/Data_Excel/Page_DEMOQA/input_Name_firstName'

2023-03-23 17:42:02 - [MESSAGE][PASSED] - Text 'nombre1' is set on object 'Object Repository/Data_Excel/Page_DEMOQA/input_Name_firstName'

2023-03-23 17:42:02 - [TEST_STEP][PASSED] - setText(findTestObject("Object Repository/Data_Excel/Page_DEMOQA/input_Name_lastName"), apellido): Text 'apellido1' is set on object 'Object Repository/Data_Excel/Page_DEMOQA/input_Name_lastName'

2023-03-23 17:42:03 - [MESSAGE][PASSED] - Text 'apellido1' is set on object 'Object Repository/Data_Excel/Page_DEMOQA/input_Name_lastName'

2023-03-23 17:42:03 - [TEST_STEP][PASSED] - setText(findTestObject("Object Repository/Data_Excel/Page_DEMOQA/input_Email_userEmail"), email): Text 'email@gmail.com1' is set on object 'Object Repository/Data_Excel/Page_DEMOQA/input_Email_userEmail'

2023-03-23 17:42:04 - [MESSAGE][PASSED] - Text 'email@gmail.com1' is set on object 'Object Repository/Data_Excel/Page_DEMOQA/input_Email_userEmail'

2023-03-23 17:42:04 - [TEST_STEP][PASSED] - delay(4): Delayed 4 second(s)

2023-03-23 17:42:08 - [MESSAGE][PASSED] - Delayed 4 second(s)

2023-03-23 17:42:08 - [TEST_STEP][PASSED] - closeBrowser(): Browser is closed

2023-03-23 17:42:09 - [MESSAGE][PASSED] - Browser is closed

2023-03-23 17:42:11 - [TEST_STEP][PASSED] - Video: Video recording for test case 'Test Cases/Datos_Excel/Caso_Datos_Excel' .

2023-03-23 17:42:11 - [MESSAGE][INFO] - Video recording for test case 'Test Cases/Datos_Excel/Caso_Datos_Excel' .]]></system-out>
         <system-err><![CDATA[]]></system-err>
      </testcase>
      <testcase name="Test Cases/Datos_Excel/Caso_Datos_Excel" time="16.604" classname="Test Cases/Datos_Excel/Caso_Datos_Excel" status="PASSED">
         <system-out><![CDATA[2023-03-23 17:42:11 - [TEST_CASE][PASSED] - Test Cases/Datos_Excel/Caso_Datos_Excel: Test Cases/Datos_Excel/Caso_Datos_Excel

2023-03-23 17:42:11 - [TEST_STEP][PASSED] - openBrowser(""): Browser is opened with url: ''

2023-03-23 17:42:11 - [MESSAGE][INFO] - Starting 'Chrome' driver

2023-03-23 17:42:11 - [MESSAGE][INFO] - Action delay is set to 0 milliseconds

2023-03-23 17:42:13 - [MESSAGE][PASSED] - Browser is opened with url: ''

2023-03-23 17:42:13 - [TEST_STEP][PASSED] - navigateToUrl("https://demoqa.com/automation-practice-form"): Navigate to 'https://demoqa.com/automation-practice-form' successfully

2023-03-23 17:42:17 - [MESSAGE][PASSED] - Navigate to 'https://demoqa.com/automation-practice-form' successfully

2023-03-23 17:42:17 - [TEST_STEP][PASSED] - waitForPageLoad(30): Wait for page load successfully

2023-03-23 17:42:17 - [MESSAGE][PASSED] - Wait for page load successfully

2023-03-23 17:42:17 - [TEST_STEP][PASSED] - maximizeWindow(): Current window maximized

2023-03-23 17:42:17 - [MESSAGE][PASSED] - Current window maximized

2023-03-23 17:42:17 - [TEST_STEP][PASSED] - setText(findTestObject("Object Repository/Data_Excel/Page_DEMOQA/input_Name_firstName"), nombre): Text 'nombre2' is set on object 'Object Repository/Data_Excel/Page_DEMOQA/input_Name_firstName'

2023-03-23 17:42:19 - [MESSAGE][PASSED] - Text 'nombre2' is set on object 'Object Repository/Data_Excel/Page_DEMOQA/input_Name_firstName'

2023-03-23 17:42:19 - [TEST_STEP][PASSED] - setText(findTestObject("Object Repository/Data_Excel/Page_DEMOQA/input_Name_lastName"), apellido): Text 'apellido2' is set on object 'Object Repository/Data_Excel/Page_DEMOQA/input_Name_lastName'

2023-03-23 17:42:20 - [MESSAGE][PASSED] - Text 'apellido2' is set on object 'Object Repository/Data_Excel/Page_DEMOQA/input_Name_lastName'

2023-03-23 17:42:20 - [TEST_STEP][PASSED] - setText(findTestObject("Object Repository/Data_Excel/Page_DEMOQA/input_Email_userEmail"), email): Text 'email@gmail.com2' is set on object 'Object Repository/Data_Excel/Page_DEMOQA/input_Email_userEmail'

2023-03-23 17:42:21 - [MESSAGE][PASSED] - Text 'email@gmail.com2' is set on object 'Object Repository/Data_Excel/Page_DEMOQA/input_Email_userEmail'

2023-03-23 17:42:21 - [TEST_STEP][PASSED] - delay(4): Delayed 4 second(s)

2023-03-23 17:42:25 - [MESSAGE][PASSED] - Delayed 4 second(s)

2023-03-23 17:42:25 - [TEST_STEP][PASSED] - closeBrowser(): Browser is closed

2023-03-23 17:42:25 - [MESSAGE][PASSED] - Browser is closed

2023-03-23 17:42:27 - [TEST_STEP][PASSED] - Video: Video recording for test case 'Test Cases/Datos_Excel/Caso_Datos_Excel' .

2023-03-23 17:42:27 - [MESSAGE][INFO] - Video recording for test case 'Test Cases/Datos_Excel/Caso_Datos_Excel' .]]></system-out>
         <system-err><![CDATA[]]></system-err>
      </testcase>
      <testcase name="Test Cases/Datos_Excel/Caso_Datos_Excel" time="16.627" classname="Test Cases/Datos_Excel/Caso_Datos_Excel" status="PASSED">
         <system-out><![CDATA[2023-03-23 17:42:27 - [TEST_CASE][PASSED] - Test Cases/Datos_Excel/Caso_Datos_Excel: Test Cases/Datos_Excel/Caso_Datos_Excel

2023-03-23 17:42:27 - [TEST_STEP][PASSED] - openBrowser(""): Browser is opened with url: ''

2023-03-23 17:42:27 - [MESSAGE][INFO] - Starting 'Chrome' driver

2023-03-23 17:42:27 - [MESSAGE][INFO] - Action delay is set to 0 milliseconds

2023-03-23 17:42:29 - [MESSAGE][PASSED] - Browser is opened with url: ''

2023-03-23 17:42:29 - [TEST_STEP][PASSED] - navigateToUrl("https://demoqa.com/automation-practice-form"): Navigate to 'https://demoqa.com/automation-practice-form' successfully

2023-03-23 17:42:34 - [MESSAGE][PASSED] - Navigate to 'https://demoqa.com/automation-practice-form' successfully

2023-03-23 17:42:34 - [TEST_STEP][PASSED] - waitForPageLoad(30): Wait for page load successfully

2023-03-23 17:42:34 - [MESSAGE][PASSED] - Wait for page load successfully

2023-03-23 17:42:34 - [TEST_STEP][PASSED] - maximizeWindow(): Current window maximized

2023-03-23 17:42:34 - [MESSAGE][PASSED] - Current window maximized

2023-03-23 17:42:34 - [TEST_STEP][PASSED] - setText(findTestObject("Object Repository/Data_Excel/Page_DEMOQA/input_Name_firstName"), nombre): Text 'nombre3' is set on object 'Object Repository/Data_Excel/Page_DEMOQA/input_Name_firstName'

2023-03-23 17:42:36 - [MESSAGE][PASSED] - Text 'nombre3' is set on object 'Object Repository/Data_Excel/Page_DEMOQA/input_Name_firstName'

2023-03-23 17:42:36 - [TEST_STEP][PASSED] - setText(findTestObject("Object Repository/Data_Excel/Page_DEMOQA/input_Name_lastName"), apellido): Text 'apellido3' is set on object 'Object Repository/Data_Excel/Page_DEMOQA/input_Name_lastName'

2023-03-23 17:42:36 - [MESSAGE][PASSED] - Text 'apellido3' is set on object 'Object Repository/Data_Excel/Page_DEMOQA/input_Name_lastName'

2023-03-23 17:42:36 - [TEST_STEP][PASSED] - setText(findTestObject("Object Repository/Data_Excel/Page_DEMOQA/input_Email_userEmail"), email): Text 'email@gmail.com3' is set on object 'Object Repository/Data_Excel/Page_DEMOQA/input_Email_userEmail'

2023-03-23 17:42:37 - [MESSAGE][PASSED] - Text 'email@gmail.com3' is set on object 'Object Repository/Data_Excel/Page_DEMOQA/input_Email_userEmail'

2023-03-23 17:42:37 - [TEST_STEP][PASSED] - delay(4): Delayed 4 second(s)

2023-03-23 17:42:41 - [MESSAGE][PASSED] - Delayed 4 second(s)

2023-03-23 17:42:41 - [TEST_STEP][PASSED] - closeBrowser(): Browser is closed

2023-03-23 17:42:42 - [MESSAGE][PASSED] - Browser is closed

2023-03-23 17:42:44 - [TEST_STEP][PASSED] - Video: Video recording for test case 'Test Cases/Datos_Excel/Caso_Datos_Excel' .

2023-03-23 17:42:44 - [MESSAGE][INFO] - Video recording for test case 'Test Cases/Datos_Excel/Caso_Datos_Excel' .]]></system-out>
         <system-err><![CDATA[]]></system-err>
      </testcase>
      <testcase name="Test Cases/Datos_Excel/Caso_Datos_Excel" time="16.368" classname="Test Cases/Datos_Excel/Caso_Datos_Excel" status="PASSED">
         <system-out><![CDATA[2023-03-23 17:42:44 - [TEST_CASE][PASSED] - Test Cases/Datos_Excel/Caso_Datos_Excel: Test Cases/Datos_Excel/Caso_Datos_Excel

2023-03-23 17:42:44 - [TEST_STEP][PASSED] - openBrowser(""): Browser is opened with url: ''

2023-03-23 17:42:44 - [MESSAGE][INFO] - Starting 'Chrome' driver

2023-03-23 17:42:44 - [MESSAGE][INFO] - Action delay is set to 0 milliseconds

2023-03-23 17:42:46 - [MESSAGE][PASSED] - Browser is opened with url: ''

2023-03-23 17:42:46 - [TEST_STEP][PASSED] - navigateToUrl("https://demoqa.com/automation-practice-form"): Navigate to 'https://demoqa.com/automation-practice-form' successfully

2023-03-23 17:42:51 - [MESSAGE][PASSED] - Navigate to 'https://demoqa.com/automation-practice-form' successfully

2023-03-23 17:42:51 - [TEST_STEP][PASSED] - waitForPageLoad(30): Wait for page load successfully

2023-03-23 17:42:51 - [MESSAGE][PASSED] - Wait for page load successfully

2023-03-23 17:42:51 - [TEST_STEP][PASSED] - maximizeWindow(): Current window maximized

2023-03-23 17:42:51 - [MESSAGE][PASSED] - Current window maximized

2023-03-23 17:42:51 - [TEST_STEP][PASSED] - setText(findTestObject("Object Repository/Data_Excel/Page_DEMOQA/input_Name_firstName"), nombre): Text 'nombre4' is set on object 'Object Repository/Data_Excel/Page_DEMOQA/input_Name_firstName'

2023-03-23 17:42:52 - [MESSAGE][PASSED] - Text 'nombre4' is set on object 'Object Repository/Data_Excel/Page_DEMOQA/input_Name_firstName'

2023-03-23 17:42:52 - [TEST_STEP][PASSED] - setText(findTestObject("Object Repository/Data_Excel/Page_DEMOQA/input_Name_lastName"), apellido): Text 'apellido4' is set on object 'Object Repository/Data_Excel/Page_DEMOQA/input_Name_lastName'

2023-03-23 17:42:53 - [MESSAGE][PASSED] - Text 'apellido4' is set on object 'Object Repository/Data_Excel/Page_DEMOQA/input_Name_lastName'

2023-03-23 17:42:53 - [TEST_STEP][PASSED] - setText(findTestObject("Object Repository/Data_Excel/Page_DEMOQA/input_Email_userEmail"), email): Text 'email@gmail.com4' is set on object 'Object Repository/Data_Excel/Page_DEMOQA/input_Email_userEmail'

2023-03-23 17:42:54 - [MESSAGE][PASSED] - Text 'email@gmail.com4' is set on object 'Object Repository/Data_Excel/Page_DEMOQA/input_Email_userEmail'

2023-03-23 17:42:54 - [TEST_STEP][PASSED] - delay(4): Delayed 4 second(s)

2023-03-23 17:42:58 - [MESSAGE][PASSED] - Delayed 4 second(s)

2023-03-23 17:42:58 - [TEST_STEP][PASSED] - closeBrowser(): Browser is closed

2023-03-23 17:42:58 - [MESSAGE][PASSED] - Browser is closed

2023-03-23 17:43:00 - [TEST_STEP][PASSED] - Video: Video recording for test case 'Test Cases/Datos_Excel/Caso_Datos_Excel' .

2023-03-23 17:43:00 - [MESSAGE][INFO] - Video recording for test case 'Test Cases/Datos_Excel/Caso_Datos_Excel' .]]></system-out>
         <system-err><![CDATA[]]></system-err>
      </testcase>
      <testcase name="Test Cases/Datos_Excel/Caso_Datos_Excel" time="17.764" classname="Test Cases/Datos_Excel/Caso_Datos_Excel" status="PASSED">
         <system-out><![CDATA[2023-03-23 17:43:01 - [TEST_CASE][PASSED] - Test Cases/Datos_Excel/Caso_Datos_Excel: Test Cases/Datos_Excel/Caso_Datos_Excel

2023-03-23 17:43:01 - [TEST_STEP][PASSED] - openBrowser(""): Browser is opened with url: ''

2023-03-23 17:43:01 - [MESSAGE][INFO] - Starting 'Chrome' driver

2023-03-23 17:43:01 - [MESSAGE][INFO] - Action delay is set to 0 milliseconds

2023-03-23 17:43:02 - [MESSAGE][PASSED] - Browser is opened with url: ''

2023-03-23 17:43:02 - [TEST_STEP][PASSED] - navigateToUrl("https://demoqa.com/automation-practice-form"): Navigate to 'https://demoqa.com/automation-practice-form' successfully

2023-03-23 17:43:08 - [MESSAGE][PASSED] - Navigate to 'https://demoqa.com/automation-practice-form' successfully

2023-03-23 17:43:08 - [TEST_STEP][PASSED] - waitForPageLoad(30): Wait for page load successfully

2023-03-23 17:43:08 - [MESSAGE][PASSED] - Wait for page load successfully

2023-03-23 17:43:08 - [TEST_STEP][PASSED] - maximizeWindow(): Current window maximized

2023-03-23 17:43:08 - [MESSAGE][PASSED] - Current window maximized

2023-03-23 17:43:08 - [TEST_STEP][PASSED] - setText(findTestObject("Object Repository/Data_Excel/Page_DEMOQA/input_Name_firstName"), nombre): Text 'nombre5' is set on object 'Object Repository/Data_Excel/Page_DEMOQA/input_Name_firstName'

2023-03-23 17:43:10 - [MESSAGE][PASSED] - Text 'nombre5' is set on object 'Object Repository/Data_Excel/Page_DEMOQA/input_Name_firstName'

2023-03-23 17:43:10 - [TEST_STEP][PASSED] - setText(findTestObject("Object Repository/Data_Excel/Page_DEMOQA/input_Name_lastName"), apellido): Text 'apellido5' is set on object 'Object Repository/Data_Excel/Page_DEMOQA/input_Name_lastName'

2023-03-23 17:43:11 - [MESSAGE][PASSED] - Text 'apellido5' is set on object 'Object Repository/Data_Excel/Page_DEMOQA/input_Name_lastName'

2023-03-23 17:43:11 - [TEST_STEP][PASSED] - setText(findTestObject("Object Repository/Data_Excel/Page_DEMOQA/input_Email_userEmail"), email): Text 'email@gmail.com5' is set on object 'Object Repository/Data_Excel/Page_DEMOQA/input_Email_userEmail'

2023-03-23 17:43:11 - [MESSAGE][PASSED] - Text 'email@gmail.com5' is set on object 'Object Repository/Data_Excel/Page_DEMOQA/input_Email_userEmail'

2023-03-23 17:43:11 - [TEST_STEP][PASSED] - delay(4): Delayed 4 second(s)

2023-03-23 17:43:16 - [MESSAGE][PASSED] - Delayed 4 second(s)

2023-03-23 17:43:16 - [TEST_STEP][PASSED] - closeBrowser(): Browser is closed

2023-03-23 17:43:16 - [MESSAGE][PASSED] - Browser is closed

2023-03-23 17:43:18 - [TEST_STEP][PASSED] - Video: Video recording for test case 'Test Cases/Datos_Excel/Caso_Datos_Excel' .

2023-03-23 17:43:18 - [MESSAGE][INFO] - Video recording for test case 'Test Cases/Datos_Excel/Caso_Datos_Excel' .]]></system-out>
         <system-err><![CDATA[]]></system-err>
      </testcase>
      <system-out><![CDATA[2023-03-23 17:41:48 - [TEST_SUITE][PASSED] - Test_Suite_Data_Excel: Test Cases/Datos_Excel/Caso_Datos_Excel]]></system-out>
      <system-err><![CDATA[]]></system-err>
   </testsuite>
</testsuites>
