<?xml version="1.0" encoding="UTF-8"?>
<testsuites name="Test_Suite_Data_Interno" time="37.165" tests="2" failures="0" errors="0">
   <testsuite name="Test_Suite_Data_Interno" tests="2" failures="0" errors="0" time="37.165" skipped="0" timestamp="2023-03-28 12:10:07" hostname="admin - 192.168.0.7" id="Test Suites/Test_Suite_Data_Interno">
      <properties>
         <property name="deviceName" value=""/>
         <property name="devicePlatform" value=""/>
         <property name="logFolder" value="C:\\Katalon\\Proyectos\\Proyecto_Uno\\Reports\\20230328_120957\\Test_Suite_Data_Interno\\20230328_120958"/>
         <property name="logFiles" value="C:\\Katalon\\Proyectos\\Proyecto_Uno\\Reports\\20230328_120957\\Test_Suite_Data_Interno\\20230328_120958\\execution0.log"/>
         <property name="attachments" value=""/>
         <property name="hostName" value="admin - 192.168.0.7"/>
         <property name="os" value="Windows 10 64bit"/>
         <property name="katalonVersion" value="8.6.0.208"/>
         <property name="browser" value="Chrome 111.0.0.0"/>
         <property name="hostAddress" value="192.168.0.7"/>
         <property name="sessionId" value="7b9000fbc67e0fd180e8c44f9e5050e0"/>
         <property name="seleniumVersion" value="3.141.59"/>
         <property name="proxyInformation" value="ProxyInformation { proxyOption=NO_PROXY, proxyServerType=HTTP, username=, password=********, proxyServerAddress=, proxyServerPort=0, executionList=&quot;&quot;, isApplyToDesiredCapabilities=true }"/>
         <property name="platform" value="Windows 10"/>
      </properties>
      <testcase name="Test Cases/Datos_Excel/Caso_Datos_Excel" time="20.772" classname="Test Cases/Datos_Excel/Caso_Datos_Excel" status="PASSED">
         <system-out><![CDATA[2023-03-28 12:10:08 - [TEST_CASE][PASSED] - Test Cases/Datos_Excel/Caso_Datos_Excel: Test Cases/Datos_Excel/Caso_Datos_Excel

2023-03-28 12:10:09 - [TEST_STEP][PASSED] - openBrowser(""): Browser is opened with url: ''

2023-03-28 12:10:09 - [MESSAGE][INFO] - Starting 'Chrome' driver

2023-03-28 12:10:09 - [MESSAGE][INFO] - Action delay is set to 0 milliseconds

2023-03-28 12:10:13 - [MESSAGE][PASSED] - Browser is opened with url: ''

2023-03-28 12:10:13 - [TEST_STEP][PASSED] - navigateToUrl("https://demoqa.com/automation-practice-form"): Navigate to 'https://demoqa.com/automation-practice-form' successfully

2023-03-28 12:10:18 - [MESSAGE][PASSED] - Navigate to 'https://demoqa.com/automation-practice-form' successfully

2023-03-28 12:10:18 - [TEST_STEP][PASSED] - waitForPageLoad(30): Wait for page load successfully

2023-03-28 12:10:19 - [MESSAGE][PASSED] - Wait for page load successfully

2023-03-28 12:10:19 - [TEST_STEP][PASSED] - maximizeWindow(): Current window maximized

2023-03-28 12:10:19 - [MESSAGE][PASSED] - Current window maximized

2023-03-28 12:10:19 - [TEST_STEP][PASSED] - setText(findTestObject("Object Repository/Data_Excel/Page_DEMOQA/input_Name_firstName"), nombre): Text 'nombre1' is set on object 'Object Repository/Data_Excel/Page_DEMOQA/input_Name_firstName'

2023-03-28 12:10:20 - [MESSAGE][PASSED] - Text 'nombre1' is set on object 'Object Repository/Data_Excel/Page_DEMOQA/input_Name_firstName'

2023-03-28 12:10:20 - [TEST_STEP][PASSED] - setText(findTestObject("Object Repository/Data_Excel/Page_DEMOQA/input_Name_lastName"), apellido): Text 'apellido1' is set on object 'Object Repository/Data_Excel/Page_DEMOQA/input_Name_lastName'

2023-03-28 12:10:21 - [MESSAGE][PASSED] - Text 'apellido1' is set on object 'Object Repository/Data_Excel/Page_DEMOQA/input_Name_lastName'

2023-03-28 12:10:21 - [TEST_STEP][PASSED] - setText(findTestObject("Object Repository/Data_Excel/Page_DEMOQA/input_Email_userEmail"), email): Text 'email1' is set on object 'Object Repository/Data_Excel/Page_DEMOQA/input_Email_userEmail'

2023-03-28 12:10:22 - [MESSAGE][PASSED] - Text 'email1' is set on object 'Object Repository/Data_Excel/Page_DEMOQA/input_Email_userEmail'

2023-03-28 12:10:22 - [TEST_STEP][PASSED] - delay(4): Delayed 4 second(s)

2023-03-28 12:10:26 - [MESSAGE][PASSED] - Delayed 4 second(s)

2023-03-28 12:10:26 - [TEST_STEP][PASSED] - closeBrowser(): Browser is closed

2023-03-28 12:10:27 - [MESSAGE][PASSED] - Browser is closed

2023-03-28 12:10:29 - [TEST_STEP][PASSED] - Video: Video recording for test case 'Test Cases/Datos_Excel/Caso_Datos_Excel' .

2023-03-28 12:10:29 - [MESSAGE][INFO] - Video recording for test case 'Test Cases/Datos_Excel/Caso_Datos_Excel' .]]></system-out>
         <system-err><![CDATA[]]></system-err>
      </testcase>
      <testcase name="Test Cases/Datos_Excel/Caso_Datos_Excel" time="15.92" classname="Test Cases/Datos_Excel/Caso_Datos_Excel" status="PASSED">
         <system-out><![CDATA[2023-03-28 12:10:29 - [TEST_CASE][PASSED] - Test Cases/Datos_Excel/Caso_Datos_Excel: Test Cases/Datos_Excel/Caso_Datos_Excel

2023-03-28 12:10:29 - [TEST_STEP][PASSED] - openBrowser(""): Browser is opened with url: ''

2023-03-28 12:10:29 - [MESSAGE][INFO] - Starting 'Chrome' driver

2023-03-28 12:10:29 - [MESSAGE][INFO] - Action delay is set to 0 milliseconds

2023-03-28 12:10:30 - [MESSAGE][PASSED] - Browser is opened with url: ''

2023-03-28 12:10:30 - [TEST_STEP][PASSED] - navigateToUrl("https://demoqa.com/automation-practice-form"): Navigate to 'https://demoqa.com/automation-practice-form' successfully

2023-03-28 12:10:35 - [MESSAGE][PASSED] - Navigate to 'https://demoqa.com/automation-practice-form' successfully

2023-03-28 12:10:35 - [TEST_STEP][PASSED] - waitForPageLoad(30): Wait for page load successfully

2023-03-28 12:10:35 - [MESSAGE][PASSED] - Wait for page load successfully

2023-03-28 12:10:35 - [TEST_STEP][PASSED] - maximizeWindow(): Current window maximized

2023-03-28 12:10:35 - [MESSAGE][PASSED] - Current window maximized

2023-03-28 12:10:35 - [TEST_STEP][PASSED] - setText(findTestObject("Object Repository/Data_Excel/Page_DEMOQA/input_Name_firstName"), nombre): Text 'nombre2 ' is set on object 'Object Repository/Data_Excel/Page_DEMOQA/input_Name_firstName'

2023-03-28 12:10:36 - [MESSAGE][PASSED] - Text 'nombre2 ' is set on object 'Object Repository/Data_Excel/Page_DEMOQA/input_Name_firstName'

2023-03-28 12:10:36 - [TEST_STEP][PASSED] - setText(findTestObject("Object Repository/Data_Excel/Page_DEMOQA/input_Name_lastName"), apellido): Text 'apellido2' is set on object 'Object Repository/Data_Excel/Page_DEMOQA/input_Name_lastName'

2023-03-28 12:10:37 - [MESSAGE][PASSED] - Text 'apellido2' is set on object 'Object Repository/Data_Excel/Page_DEMOQA/input_Name_lastName'

2023-03-28 12:10:37 - [TEST_STEP][PASSED] - setText(findTestObject("Object Repository/Data_Excel/Page_DEMOQA/input_Email_userEmail"), email): Text 'email2' is set on object 'Object Repository/Data_Excel/Page_DEMOQA/input_Email_userEmail'

2023-03-28 12:10:38 - [MESSAGE][PASSED] - Text 'email2' is set on object 'Object Repository/Data_Excel/Page_DEMOQA/input_Email_userEmail'

2023-03-28 12:10:38 - [TEST_STEP][PASSED] - delay(4): Delayed 4 second(s)

2023-03-28 12:10:42 - [MESSAGE][PASSED] - Delayed 4 second(s)

2023-03-28 12:10:42 - [TEST_STEP][PASSED] - closeBrowser(): Browser is closed

2023-03-28 12:10:43 - [MESSAGE][PASSED] - Browser is closed

2023-03-28 12:10:45 - [TEST_STEP][PASSED] - Video: Video recording for test case 'Test Cases/Datos_Excel/Caso_Datos_Excel' .

2023-03-28 12:10:45 - [MESSAGE][INFO] - Video recording for test case 'Test Cases/Datos_Excel/Caso_Datos_Excel' .]]></system-out>
         <system-err><![CDATA[]]></system-err>
      </testcase>
      <system-out><![CDATA[2023-03-28 12:10:07 - [TEST_SUITE][PASSED] - Test_Suite_Data_Interno: Test Cases/Datos_Excel/Caso_Datos_Excel]]></system-out>
      <system-err><![CDATA[]]></system-err>
   </testsuite>
</testsuites>
